2.9375 	DEBUG 	Fullscreen settings ignored as running in pilot mode.
2.9381 	INFO 	Loaded monitor calibration from ['2024_06_27 19:13']
3.0186 	EXP 	Created window1 = Window(allowGUI=True, allowStencil=False, autoLog=True, backendConf=UNKNOWN, backgroundFit=<method-wrapper '__getattribute__' of attributeSetter object at 0x000001FB6403F0D0>, backgroundImage=<method-wrapper '__getattribute__' of attributeSetter object at 0x000001FB6403F070>, bitsMode=UNKNOWN, blendMode='avg', bpc=(8, 8, 8), color=array([0, 0, 0]), colorSpace='rgb', depthBits=8, fullscr=<method-wrapper '__getattribute__' of attributeSetter object at 0x000001FB64039E80>, gamma=None, gammaErrorPolicy='raise', infoMsg=UNKNOWN, lms=UNKNOWN, monitor=<psychopy.monitors.calibTools.Monitor object at 0x000001FB643FAFD0>, multiSample=False, name='window1', numSamples=2, pos=[1520.0, 780.0], screen=1, size=array([800, 600]), stencilBits=0, stereo=False, title='PsychoPy', units='height', useFBO=True, useRetina=False, viewOri=0.0, viewPos=None, viewScale=None, waitBlanking=True, winType='pyglet')
3.0186 	EXP 	window1: backgroundImage = ''
3.0187 	EXP 	window1: backgroundFit = 'none'
3.0188 	EXP 	window1: mouseVisible = <method-wrapper '__getattribute__' of attributeSetter object at 0x000001FB6403F1F0>
3.0189 	EXP 	window1: mouseVisible = <method-wrapper '__getattribute__' of attributeSetter object at 0x000001FB6403F1F0>
3.0199 	EXP 	window1: mouseVisible = <method-wrapper '__getattribute__' of attributeSetter object at 0x000001FB6403F1F0>
3.0202 	EXP 	window1: mouseVisible = <method-wrapper '__getattribute__' of attributeSetter object at 0x000001FB6403F1F0>
3.0229 	DEBUG 	TextBox2 loaded 1 chars with 0 blanks and 1 valid
3.0235 	DEBUG 	TextBox2 loaded 1 chars with 0 blanks and 1 valid
3.0242 	DEBUG 	TextBox2 loaded 1 chars with 0 blanks and 1 valid
3.0250 	DEBUG 	TextBox2 loaded 1 chars with 0 blanks and 1 valid
3.0258 	DEBUG 	TextBox2 loaded 1 chars with 0 blanks and 1 valid
3.0263 	DEBUG 	TextBox2 loaded 1 chars with 0 blanks and 1 valid
3.0270 	DEBUG 	TextBox2 loaded 1 chars with 0 blanks and 1 valid
3.0278 	DEBUG 	TextBox2 loaded 1 chars with 0 blanks and 1 valid
3.0282 	DEBUG 	TextBox2 loaded 1 chars with 0 blanks and 1 valid
3.0286 	DEBUG 	TextBox2 loaded 1 chars with 0 blanks and 1 valid
3.0293 	DEBUG 	TextBox2 loaded 1 chars with 0 blanks and 1 valid
3.0299 	DEBUG 	TextBox2 loaded 1 chars with 0 blanks and 1 valid
3.0305 	DEBUG 	TextBox2 loaded 1 chars with 0 blanks and 1 valid
3.0312 	DEBUG 	TextBox2 loaded 1 chars with 0 blanks and 1 valid
3.0318 	DEBUG 	TextBox2 loaded 1 chars with 0 blanks and 1 valid
3.0324 	DEBUG 	TextBox2 loaded 1 chars with 0 blanks and 1 valid
3.0331 	DEBUG 	TextBox2 loaded 1 chars with 0 blanks and 1 valid
3.0336 	DEBUG 	TextBox2 loaded 1 chars with 0 blanks and 1 valid
3.0341 	DEBUG 	TextBox2 loaded 1 chars with 0 blanks and 1 valid
3.0349 	DEBUG 	TextBox2 loaded 1 chars with 0 blanks and 1 valid
3.0354 	DEBUG 	TextBox2 loaded 1 chars with 0 blanks and 1 valid
3.0357 	DEBUG 	Uploading Texture Font fontname to graphics card
3.0369 	DEBUG 	Upload of Texture Font fontname complete
3.0377 	EXP 	window1: mouseVisible = <method-wrapper '__getattribute__' of attributeSetter object at 0x000001FB6403F1F0>
3.0378 	EXP 	window1: mouseVisible = <method-wrapper '__getattribute__' of attributeSetter object at 0x000001FB6403F1F0>
3.0381 	EXP 	window1: mouseVisible = <method-wrapper '__getattribute__' of attributeSetter object at 0x000001FB6403F1F0>
3.0384 	EXP 	window1: mouseVisible = <method-wrapper '__getattribute__' of attributeSetter object at 0x000001FB6403F1F0>
3.0406 	DEBUG 	TextBox2 loaded 1 chars with 0 blanks and 1 valid
3.0414 	DEBUG 	TextBox2 loaded 1 chars with 0 blanks and 1 valid
3.0421 	DEBUG 	TextBox2 loaded 1 chars with 0 blanks and 1 valid
3.0423 	DEBUG 	Uploading Texture Font fontname to graphics card
3.0428 	DEBUG 	Upload of Texture Font fontname complete
3.0439 	EXP 	window1: Attempting to measure frame rate of screen (1) ...
3.0439 	EXP 	window1: recordFrameIntervals = False
3.2131 	EXP 	window1: recordFrameIntervals = True
3.3947 	EXP 	Screen (1) actual frame rate measured at 60.51Hz
3.3947 	EXP 	window1: recordFrameIntervals = False
3.3947 	EXP 	window1: mouseVisible = True
3.3950 	EXP 	window1: mouseVisible = True
3.3951 	EXP 	window1: mouseVisible = True
3.3956 	EXP 	window1: mouseVisible = True
3.3959 	EXP 	window1: mouseVisible = True
3.3986 	DEBUG 	TextBox2 loaded 1 chars with 0 blanks and 1 valid
3.3991 	DEBUG 	TextBox2 loaded 1 chars with 0 blanks and 1 valid
3.3999 	DEBUG 	TextBox2 loaded 1 chars with 0 blanks and 1 valid
3.4007 	DEBUG 	TextBox2 loaded 1 chars with 0 blanks and 1 valid
3.4014 	DEBUG 	TextBox2 loaded 1 chars with 0 blanks and 1 valid
3.4023 	DEBUG 	TextBox2 loaded 1 chars with 0 blanks and 1 valid
3.4028 	DEBUG 	TextBox2 loaded 1 chars with 0 blanks and 1 valid
3.4036 	DEBUG 	TextBox2 loaded 1 chars with 0 blanks and 1 valid
3.4044 	DEBUG 	TextBox2 loaded 1 chars with 0 blanks and 1 valid
3.4052 	DEBUG 	TextBox2 loaded 1 chars with 0 blanks and 1 valid
3.4053 	DEBUG 	Uploading Texture Font fontname to graphics card
3.4057 	DEBUG 	Upload of Texture Font fontname complete
3.4067 	EXP 	window1: mouseVisible = True
3.4068 	EXP 	window1: mouseVisible = True
3.4072 	EXP 	window1: mouseVisible = True
3.4075 	EXP 	window1: mouseVisible = True
3.4167 	WARNING 	launchHubServer: If using the iohub mouse or eyetracker devices, fullScr should be True.
4.5585 	INFO 	keyboard.Keyboard is using iohub backend.
4.5586 	EXP 	Bar_vis_stim_devSB_v0.1: status = STARTED
4.5587 	EXP 	window1: mouseVisible = True
4.5600 	EXP 	Created bar_stim = GratingStim(__class__=<class 'psychopy.visual.grating.GratingStim'>, anchor='bottom-left', autoDraw=False, autoLog=True, blendmode='avg', color=array([1., 1., 1.]), colorSpace='rgb', contrast=1.0, depth=0.0, draggable=False, interpolate=True, mask=None, maskParams=None, name='bar_stim', opacity=1.0, ori=12.0, phase=array([1., 1.]), pos=array([0., 0.]), rgbPedestal=array([0., 0., 0.]), sf=array([1., 1.]), size=array([0.5, 0.5]), tex='sin', texRes=256.0, units='height', win=Window(...))
0.0697 	EXP 	bar_stim: autoDraw = True
0.0697 	EXP 	bar_stim: tex = 'sin'
5.0175 	EXP 	bar_stim: autoDraw = False
5.0201 	EXP 	Bar_vis_stim_devSB_v0.1: status = STOPPED
5.0220 	INFO 	saved data to 'C:\\dev\\sipefield-gratings\\PsychoPy\\data/000718_Bar_vis_stim_devSB_v0.1_2024-11-05_16h07.09.982.csv'
5.0224 	INFO 	saved data to C:\dev\sipefield-gratings\PsychoPy\data/000718_Bar_vis_stim_devSB_v0.1_2024-11-05_16h07.09.982.psydat
5.0504 	EXP 	window1: mouseVisible = True
5.4305 	DEBUG 	Saving data for Bar_vis_stim_devSB_v0.1 ExperimentHandler
