3.1738 	INFO 	Loaded monitor calibration from ['2024_06_27 19:13']
3.2575 	EXP 	Created window1 = Window(allowGUI=True, allowStencil=False, autoLog=True, backendConf=UNKNOWN, backgroundFit=<method-wrapper '__getattribute__' of attributeSetter object at 0x000002C89007A4F0>, backgroundImage=<method-wrapper '__getattribute__' of attributeSetter object at 0x000002C89007A490>, bitsMode=UNKNOWN, blendMode='avg', bpc=(8, 8, 8), color=array([0, 0, 0]), colorSpace='rgb', depthBits=8, fullscr=<method-wrapper '__getattribute__' of attributeSetter object at 0x000002C89007A2E0>, gamma=None, gammaErrorPolicy='raise', infoMsg=UNKNOWN, lms=UNKNOWN, monitor=<psychopy.monitors.calibTools.Monitor object at 0x000002C89043C3D0>, multiSample=False, name='window1', numSamples=2, pos=[1520.0, 780.0], screen=1, size=array([800, 600]), stencilBits=0, stereo=False, title='PsychoPy', units='height', useFBO=True, useRetina=False, viewOri=0.0, viewPos=None, viewScale=None, waitBlanking=True, winType='pyglet')
3.2575 	EXP 	window1: backgroundImage = ''
3.2575 	EXP 	window1: backgroundFit = 'none'
3.2576 	EXP 	window1: mouseVisible = <method-wrapper '__getattribute__' of attributeSetter object at 0x000002C89007A610>
3.2578 	EXP 	window1: mouseVisible = <method-wrapper '__getattribute__' of attributeSetter object at 0x000002C89007A610>
3.2588 	EXP 	window1: mouseVisible = <method-wrapper '__getattribute__' of attributeSetter object at 0x000002C89007A610>
3.2592 	EXP 	window1: mouseVisible = <method-wrapper '__getattribute__' of attributeSetter object at 0x000002C89007A610>
3.2618 	DEBUG 	TextBox2 loaded 1 chars with 0 blanks and 1 valid
3.2624 	DEBUG 	TextBox2 loaded 1 chars with 0 blanks and 1 valid
3.2631 	DEBUG 	TextBox2 loaded 1 chars with 0 blanks and 1 valid
3.2638 	DEBUG 	TextBox2 loaded 1 chars with 0 blanks and 1 valid
3.2646 	DEBUG 	TextBox2 loaded 1 chars with 0 blanks and 1 valid
3.2651 	DEBUG 	TextBox2 loaded 1 chars with 0 blanks and 1 valid
3.2657 	DEBUG 	TextBox2 loaded 1 chars with 0 blanks and 1 valid
3.2665 	DEBUG 	TextBox2 loaded 1 chars with 0 blanks and 1 valid
3.2669 	DEBUG 	TextBox2 loaded 1 chars with 0 blanks and 1 valid
3.2673 	DEBUG 	TextBox2 loaded 1 chars with 0 blanks and 1 valid
3.2680 	DEBUG 	TextBox2 loaded 1 chars with 0 blanks and 1 valid
3.2686 	DEBUG 	TextBox2 loaded 1 chars with 0 blanks and 1 valid
3.2692 	DEBUG 	TextBox2 loaded 1 chars with 0 blanks and 1 valid
3.2699 	DEBUG 	TextBox2 loaded 1 chars with 0 blanks and 1 valid
3.2704 	DEBUG 	TextBox2 loaded 1 chars with 0 blanks and 1 valid
3.2711 	DEBUG 	TextBox2 loaded 1 chars with 0 blanks and 1 valid
3.2718 	DEBUG 	TextBox2 loaded 1 chars with 0 blanks and 1 valid
3.2722 	DEBUG 	TextBox2 loaded 1 chars with 0 blanks and 1 valid
3.2727 	DEBUG 	TextBox2 loaded 1 chars with 0 blanks and 1 valid
3.2735 	DEBUG 	TextBox2 loaded 1 chars with 0 blanks and 1 valid
3.2740 	DEBUG 	TextBox2 loaded 1 chars with 0 blanks and 1 valid
3.2742 	DEBUG 	Uploading Texture Font fontname to graphics card
3.2755 	DEBUG 	Upload of Texture Font fontname complete
3.2763 	EXP 	window1: mouseVisible = <method-wrapper '__getattribute__' of attributeSetter object at 0x000002C89007A610>
3.2764 	EXP 	window1: mouseVisible = <method-wrapper '__getattribute__' of attributeSetter object at 0x000002C89007A610>
3.2767 	EXP 	window1: mouseVisible = <method-wrapper '__getattribute__' of attributeSetter object at 0x000002C89007A610>
3.2769 	EXP 	window1: mouseVisible = <method-wrapper '__getattribute__' of attributeSetter object at 0x000002C89007A610>
3.2790 	DEBUG 	TextBox2 loaded 1 chars with 0 blanks and 1 valid
3.2798 	DEBUG 	TextBox2 loaded 1 chars with 0 blanks and 1 valid
3.2806 	DEBUG 	TextBox2 loaded 1 chars with 0 blanks and 1 valid
3.2807 	DEBUG 	Uploading Texture Font fontname to graphics card
3.2812 	DEBUG 	Upload of Texture Font fontname complete
3.2822 	EXP 	window1: Attempting to measure frame rate of screen (1) ...
3.2822 	EXP 	window1: recordFrameIntervals = False
3.4486 	EXP 	window1: recordFrameIntervals = True
3.6334 	EXP 	Screen (1) actual frame rate measured at 59.77Hz
3.6335 	EXP 	window1: recordFrameIntervals = False
3.6335 	EXP 	window1: mouseVisible = True
3.6341 	EXP 	window1: mouseVisible = True
3.6343 	EXP 	window1: mouseVisible = True
3.6352 	EXP 	window1: mouseVisible = True
3.6360 	EXP 	window1: mouseVisible = True
3.6396 	DEBUG 	TextBox2 loaded 1 chars with 0 blanks and 1 valid
3.6402 	DEBUG 	TextBox2 loaded 1 chars with 0 blanks and 1 valid
3.6409 	DEBUG 	TextBox2 loaded 1 chars with 0 blanks and 1 valid
3.6417 	DEBUG 	TextBox2 loaded 1 chars with 0 blanks and 1 valid
3.6425 	DEBUG 	TextBox2 loaded 1 chars with 0 blanks and 1 valid
3.6433 	DEBUG 	TextBox2 loaded 1 chars with 0 blanks and 1 valid
3.6439 	DEBUG 	TextBox2 loaded 1 chars with 0 blanks and 1 valid
3.6446 	DEBUG 	TextBox2 loaded 1 chars with 0 blanks and 1 valid
3.6454 	DEBUG 	TextBox2 loaded 1 chars with 0 blanks and 1 valid
3.6461 	DEBUG 	TextBox2 loaded 1 chars with 0 blanks and 1 valid
3.6463 	DEBUG 	Uploading Texture Font fontname to graphics card
3.6467 	DEBUG 	Upload of Texture Font fontname complete
3.6476 	EXP 	window1: mouseVisible = True
3.6477 	EXP 	window1: mouseVisible = True
3.6480 	EXP 	window1: mouseVisible = True
3.6483 	EXP 	window1: mouseVisible = True
3.6578 	WARNING 	launchHubServer: If using the iohub mouse or eyetracker devices, fullScr should be True.
4.8025 	INFO 	keyboard.Keyboard is using iohub backend.
4.8025 	EXP 	Bar_vis_stim_devSB_v0.1: status = STARTED
4.8026 	EXP 	window1: mouseVisible = True
4.8038 	EXP 	Created grating = GratingStim(__class__=<class 'psychopy.visual.grating.GratingStim'>, anchor='center', autoDraw=False, autoLog=True, blendmode='avg', color=array([1., 1., 1.]), colorSpace='rgb', contrast=1.0, depth=0.0, draggable=False, interpolate=True, mask=None, maskParams=None, name='grating', opacity=1.0, ori=0.0, phase=array([4., 4.]), pos=array([0., 0.]), rgbPedestal=array([0., 0., 0.]), sf=array([1., 1.]), size=array([0.5, 0.5]), tex='sqr', texRes=128.0, units='height', win=Window(...))
0.0323 	EXP 	grating: autoDraw = True
0.0323 	EXP 	grating: tex = 'sqr'
5.0289 	EXP 	grating: autoDraw = False
5.0306 	EXP 	Bar_vis_stim_devSB_v0.1: status = STOPPED
5.0324 	INFO 	saved data to 'C:\\dev\\sipefield-gratings\\PsychoPy\\data/077451_Bar_vis_stim_devSB_v0.1_2024-11-05_22h42.29.446.csv'
5.0327 	INFO 	saved data to C:\dev\sipefield-gratings\PsychoPy\data/077451_Bar_vis_stim_devSB_v0.1_2024-11-05_22h42.29.446.psydat
5.0613 	EXP 	window1: mouseVisible = True
5.3960 	DEBUG 	Saving data for Bar_vis_stim_devSB_v0.1 ExperimentHandler
