3.6694 	DEBUG 	Fullscreen settings ignored as running in pilot mode.
3.6698 	INFO 	Loaded monitor calibration from ['2024_06_27 19:13']
3.7529 	EXP 	Created window1 = Window(allowGUI=True, allowStencil=False, autoLog=True, backendConf=UNKNOWN, backgroundFit=<method-wrapper '__getattribute__' of attributeSetter object at 0x000002400216B4F0>, backgroundImage=<method-wrapper '__getattribute__' of attributeSetter object at 0x000002400216B490>, bitsMode=UNKNOWN, blendMode='avg', bpc=(8, 8, 8), color=array([0, 0, 0]), colorSpace='rgb', depthBits=8, fullscr=<method-wrapper '__getattribute__' of attributeSetter object at 0x000002400216B2E0>, gamma=None, gammaErrorPolicy='raise', infoMsg=UNKNOWN, lms=UNKNOWN, monitor=<psychopy.monitors.calibTools.Monitor object at 0x000002400254B430>, multiSample=False, name='window1', numSamples=2, pos=[1520.0, 780.0], screen=1, size=array([800, 600]), stencilBits=0, stereo=False, title='PsychoPy', units='height', useFBO=True, useRetina=False, viewOri=0.0, viewPos=None, viewScale=None, waitBlanking=True, winType='pyglet')
3.7530 	EXP 	window1: backgroundImage = ''
3.7530 	EXP 	window1: backgroundFit = 'none'
3.7531 	EXP 	window1: mouseVisible = <method-wrapper '__getattribute__' of attributeSetter object at 0x000002400216B610>
3.7532 	EXP 	window1: mouseVisible = <method-wrapper '__getattribute__' of attributeSetter object at 0x000002400216B610>
3.7542 	EXP 	window1: mouseVisible = <method-wrapper '__getattribute__' of attributeSetter object at 0x000002400216B610>
3.7545 	EXP 	window1: mouseVisible = <method-wrapper '__getattribute__' of attributeSetter object at 0x000002400216B610>
3.7571 	DEBUG 	TextBox2 loaded 1 chars with 0 blanks and 1 valid
3.7578 	DEBUG 	TextBox2 loaded 1 chars with 0 blanks and 1 valid
3.7585 	DEBUG 	TextBox2 loaded 1 chars with 0 blanks and 1 valid
3.7592 	DEBUG 	TextBox2 loaded 1 chars with 0 blanks and 1 valid
3.7599 	DEBUG 	TextBox2 loaded 1 chars with 0 blanks and 1 valid
3.7604 	DEBUG 	TextBox2 loaded 1 chars with 0 blanks and 1 valid
3.7611 	DEBUG 	TextBox2 loaded 1 chars with 0 blanks and 1 valid
3.7619 	DEBUG 	TextBox2 loaded 1 chars with 0 blanks and 1 valid
3.7624 	DEBUG 	TextBox2 loaded 1 chars with 0 blanks and 1 valid
3.7629 	DEBUG 	TextBox2 loaded 1 chars with 0 blanks and 1 valid
3.7635 	DEBUG 	TextBox2 loaded 1 chars with 0 blanks and 1 valid
3.7642 	DEBUG 	TextBox2 loaded 1 chars with 0 blanks and 1 valid
3.7648 	DEBUG 	TextBox2 loaded 1 chars with 0 blanks and 1 valid
3.7655 	DEBUG 	TextBox2 loaded 1 chars with 0 blanks and 1 valid
3.7663 	DEBUG 	TextBox2 loaded 1 chars with 0 blanks and 1 valid
3.7671 	DEBUG 	TextBox2 loaded 1 chars with 0 blanks and 1 valid
3.7678 	DEBUG 	TextBox2 loaded 1 chars with 0 blanks and 1 valid
3.7683 	DEBUG 	TextBox2 loaded 1 chars with 0 blanks and 1 valid
3.7688 	DEBUG 	TextBox2 loaded 1 chars with 0 blanks and 1 valid
3.7695 	DEBUG 	TextBox2 loaded 1 chars with 0 blanks and 1 valid
3.7700 	DEBUG 	TextBox2 loaded 1 chars with 0 blanks and 1 valid
3.7702 	DEBUG 	Uploading Texture Font fontname to graphics card
3.7719 	DEBUG 	Upload of Texture Font fontname complete
3.7728 	EXP 	window1: mouseVisible = <method-wrapper '__getattribute__' of attributeSetter object at 0x000002400216B610>
3.7729 	EXP 	window1: mouseVisible = <method-wrapper '__getattribute__' of attributeSetter object at 0x000002400216B610>
3.7732 	EXP 	window1: mouseVisible = <method-wrapper '__getattribute__' of attributeSetter object at 0x000002400216B610>
3.7735 	EXP 	window1: mouseVisible = <method-wrapper '__getattribute__' of attributeSetter object at 0x000002400216B610>
3.7756 	DEBUG 	TextBox2 loaded 1 chars with 0 blanks and 1 valid
3.7764 	DEBUG 	TextBox2 loaded 1 chars with 0 blanks and 1 valid
3.7772 	DEBUG 	TextBox2 loaded 1 chars with 0 blanks and 1 valid
3.7773 	DEBUG 	Uploading Texture Font fontname to graphics card
3.7790 	DEBUG 	Upload of Texture Font fontname complete
3.7802 	EXP 	window1: Attempting to measure frame rate of screen (1) ...
3.7802 	EXP 	window1: recordFrameIntervals = False
3.9515 	EXP 	window1: recordFrameIntervals = True
4.1354 	EXP 	Screen (1) actual frame rate measured at 60.02Hz
4.1355 	EXP 	window1: recordFrameIntervals = False
4.1355 	EXP 	window1: mouseVisible = True
4.1359 	EXP 	window1: mouseVisible = True
4.1360 	EXP 	window1: mouseVisible = True
4.1366 	EXP 	window1: mouseVisible = True
4.1370 	EXP 	window1: mouseVisible = True
4.1396 	DEBUG 	TextBox2 loaded 1 chars with 0 blanks and 1 valid
4.1402 	DEBUG 	TextBox2 loaded 1 chars with 0 blanks and 1 valid
4.1409 	DEBUG 	TextBox2 loaded 1 chars with 0 blanks and 1 valid
4.1418 	DEBUG 	TextBox2 loaded 1 chars with 0 blanks and 1 valid
4.1425 	DEBUG 	TextBox2 loaded 1 chars with 0 blanks and 1 valid
4.1433 	DEBUG 	TextBox2 loaded 1 chars with 0 blanks and 1 valid
4.1438 	DEBUG 	TextBox2 loaded 1 chars with 0 blanks and 1 valid
4.1445 	DEBUG 	TextBox2 loaded 1 chars with 0 blanks and 1 valid
4.1453 	DEBUG 	TextBox2 loaded 1 chars with 0 blanks and 1 valid
4.1461 	DEBUG 	TextBox2 loaded 1 chars with 0 blanks and 1 valid
4.1463 	DEBUG 	Uploading Texture Font fontname to graphics card
4.1467 	DEBUG 	Upload of Texture Font fontname complete
4.1476 	EXP 	window1: mouseVisible = True
4.1477 	EXP 	window1: mouseVisible = True
4.1480 	EXP 	window1: mouseVisible = True
4.1483 	EXP 	window1: mouseVisible = True
4.1578 	WARNING 	launchHubServer: If using the iohub mouse or eyetracker devices, fullScr should be True.
5.2915 	INFO 	keyboard.Keyboard is using iohub backend.
5.2916 	EXP 	Bar_vis_stim_devSB_v0.1: status = STARTED
5.2917 	EXP 	window1: mouseVisible = True
5.2926 	EXP 	Created polygon = Rect(__class__=<class 'psychopy.visual.rect.Rect'>, anchor=('left', 'center'), autoDraw=False, autoLog=True, closeShape=True, color=method-wrapper(...), colorSpace='rgb', contrast=None, depth=0.0, draggable=False, fillColor=array([1, 1, 1]), fillColorSpace='rgb', fillRGB=array([1, 1, 1]), interpolate=True, lineColor=array([1., 1., 1.]), lineColorSpace='rgb', lineRGB=array([1, 1, 1]), lineWidth=10.0, name='polygon', opacity=1.0, ori=0.0, pos=array([-1.,  0.]), size=array([0.1, 1. ]), units='height', vertices=ndarray(...), win=Window(...))
0.0291 	EXP 	polygon: autoDraw = True
5.0268 	EXP 	polygon: autoDraw = False
5.0296 	EXP 	Bar_vis_stim_devSB_v0.1: status = STOPPED
5.0317 	INFO 	saved data to 'C:\\dev\\sipefield-gratings\\PsychoPy\\data/103634_Bar_vis_stim_devSB_v0.1_2024-11-05_19h26.35.795.csv'
5.0320 	INFO 	saved data to C:\dev\sipefield-gratings\PsychoPy\data/103634_Bar_vis_stim_devSB_v0.1_2024-11-05_19h26.35.795.psydat
5.0598 	EXP 	window1: mouseVisible = True
5.4113 	DEBUG 	Saving data for Bar_vis_stim_devSB_v0.1 ExperimentHandler
