3.3327 	INFO 	Loaded monitor calibration from ['2024_06_27 19:13']
3.4212 	EXP 	Created window1 = Window(allowGUI=True, allowStencil=False, autoLog=True, backendConf=UNKNOWN, backgroundFit=<method-wrapper '__getattribute__' of attributeSetter object at 0x000001BC161EC2E0>, backgroundImage=<method-wrapper '__getattribute__' of attributeSetter object at 0x000001BC161EC280>, bitsMode=UNKNOWN, blendMode='avg', bpc=(8, 8, 8), color=array([0, 0, 0]), colorSpace='rgb', depthBits=8, fullscr=<method-wrapper '__getattribute__' of attributeSetter object at 0x000001BC161EC0D0>, gamma=None, gammaErrorPolicy='raise', infoMsg=UNKNOWN, lms=UNKNOWN, monitor=<psychopy.monitors.calibTools.Monitor object at 0x000001BC192A2D00>, multiSample=False, name='window1', numSamples=2, pos=[1520.0, 780.0], screen=1, size=array([800, 600]), stencilBits=0, stereo=False, title='PsychoPy', units='height', useFBO=True, useRetina=False, viewOri=0.0, viewPos=None, viewScale=None, waitBlanking=True, winType='pyglet')
3.4213 	EXP 	window1: backgroundImage = ''
3.4213 	EXP 	window1: backgroundFit = 'none'
3.4214 	EXP 	window1: mouseVisible = <method-wrapper '__getattribute__' of attributeSetter object at 0x000001BC161EC400>
3.4215 	EXP 	window1: mouseVisible = <method-wrapper '__getattribute__' of attributeSetter object at 0x000001BC161EC400>
3.4224 	EXP 	window1: mouseVisible = <method-wrapper '__getattribute__' of attributeSetter object at 0x000001BC161EC400>
3.4227 	EXP 	window1: mouseVisible = <method-wrapper '__getattribute__' of attributeSetter object at 0x000001BC161EC400>
3.4254 	DEBUG 	TextBox2 loaded 1 chars with 0 blanks and 1 valid
3.4261 	DEBUG 	TextBox2 loaded 1 chars with 0 blanks and 1 valid
3.4268 	DEBUG 	TextBox2 loaded 1 chars with 0 blanks and 1 valid
3.4276 	DEBUG 	TextBox2 loaded 1 chars with 0 blanks and 1 valid
3.4283 	DEBUG 	TextBox2 loaded 1 chars with 0 blanks and 1 valid
3.4289 	DEBUG 	TextBox2 loaded 1 chars with 0 blanks and 1 valid
3.4295 	DEBUG 	TextBox2 loaded 1 chars with 0 blanks and 1 valid
3.4303 	DEBUG 	TextBox2 loaded 1 chars with 0 blanks and 1 valid
3.4308 	DEBUG 	TextBox2 loaded 1 chars with 0 blanks and 1 valid
3.4312 	DEBUG 	TextBox2 loaded 1 chars with 0 blanks and 1 valid
3.4319 	DEBUG 	TextBox2 loaded 1 chars with 0 blanks and 1 valid
3.4326 	DEBUG 	TextBox2 loaded 1 chars with 0 blanks and 1 valid
3.4332 	DEBUG 	TextBox2 loaded 1 chars with 0 blanks and 1 valid
3.4338 	DEBUG 	TextBox2 loaded 1 chars with 0 blanks and 1 valid
3.4344 	DEBUG 	TextBox2 loaded 1 chars with 0 blanks and 1 valid
3.4351 	DEBUG 	TextBox2 loaded 1 chars with 0 blanks and 1 valid
3.4358 	DEBUG 	TextBox2 loaded 1 chars with 0 blanks and 1 valid
3.4363 	DEBUG 	TextBox2 loaded 1 chars with 0 blanks and 1 valid
3.4368 	DEBUG 	TextBox2 loaded 1 chars with 0 blanks and 1 valid
3.4376 	DEBUG 	TextBox2 loaded 1 chars with 0 blanks and 1 valid
3.4382 	DEBUG 	TextBox2 loaded 1 chars with 0 blanks and 1 valid
3.4383 	DEBUG 	Uploading Texture Font fontname to graphics card
3.4396 	DEBUG 	Upload of Texture Font fontname complete
3.4404 	EXP 	window1: mouseVisible = <method-wrapper '__getattribute__' of attributeSetter object at 0x000001BC161EC400>
3.4406 	EXP 	window1: mouseVisible = <method-wrapper '__getattribute__' of attributeSetter object at 0x000001BC161EC400>
3.4409 	EXP 	window1: mouseVisible = <method-wrapper '__getattribute__' of attributeSetter object at 0x000001BC161EC400>
3.4411 	EXP 	window1: mouseVisible = <method-wrapper '__getattribute__' of attributeSetter object at 0x000001BC161EC400>
3.4547 	DEBUG 	TextBox2 loaded 1 chars with 0 blanks and 1 valid
3.4556 	DEBUG 	TextBox2 loaded 1 chars with 0 blanks and 1 valid
3.4564 	DEBUG 	TextBox2 loaded 1 chars with 0 blanks and 1 valid
3.4566 	DEBUG 	Uploading Texture Font fontname to graphics card
3.4571 	DEBUG 	Upload of Texture Font fontname complete
3.4581 	EXP 	window1: Attempting to measure frame rate of screen (1) ...
3.4581 	EXP 	window1: recordFrameIntervals = False
3.6308 	EXP 	window1: recordFrameIntervals = True
3.8117 	EXP 	Screen (1) actual frame rate measured at 60.54Hz
3.8117 	EXP 	window1: recordFrameIntervals = False
3.8118 	EXP 	window1: mouseVisible = True
3.8120 	EXP 	window1: mouseVisible = True
3.8121 	EXP 	window1: mouseVisible = True
3.8125 	EXP 	window1: mouseVisible = True
3.8128 	EXP 	window1: mouseVisible = True
3.8157 	DEBUG 	TextBox2 loaded 1 chars with 0 blanks and 1 valid
3.8163 	DEBUG 	TextBox2 loaded 1 chars with 0 blanks and 1 valid
3.8171 	DEBUG 	TextBox2 loaded 1 chars with 0 blanks and 1 valid
3.8181 	DEBUG 	TextBox2 loaded 1 chars with 0 blanks and 1 valid
3.8189 	DEBUG 	TextBox2 loaded 1 chars with 0 blanks and 1 valid
3.8197 	DEBUG 	TextBox2 loaded 1 chars with 0 blanks and 1 valid
3.8203 	DEBUG 	TextBox2 loaded 1 chars with 0 blanks and 1 valid
3.8211 	DEBUG 	TextBox2 loaded 1 chars with 0 blanks and 1 valid
3.8219 	DEBUG 	TextBox2 loaded 1 chars with 0 blanks and 1 valid
3.8226 	DEBUG 	TextBox2 loaded 1 chars with 0 blanks and 1 valid
3.8228 	DEBUG 	Uploading Texture Font fontname to graphics card
3.8232 	DEBUG 	Upload of Texture Font fontname complete
3.8240 	EXP 	window1: mouseVisible = True
3.8241 	EXP 	window1: mouseVisible = True
3.8244 	EXP 	window1: mouseVisible = True
3.8247 	EXP 	window1: mouseVisible = True
3.8346 	WARNING 	launchHubServer: If using the iohub mouse or eyetracker devices, fullScr should be True.
5.0833 	INFO 	keyboard.Keyboard is using iohub backend.
5.0833 	EXP 	Bar_vis_stim_devSB_v0.1: status = STARTED
5.0834 	EXP 	window1: mouseVisible = True
5.0840 	DEPRECATION 	Requiring a square power of two (e.g. 16 x 16, 256 x 256) texture but didn't receive one
5.0877 	EXP 	Created grating = GratingStim(__class__=<class 'psychopy.visual.grating.GratingStim'>, anchor='center', autoDraw=False, autoLog=True, blendmode='add', color=array([1., 1., 1.]), colorSpace='rgb', contrast=1.0, depth=-1.0, draggable=False, interpolate=True, mask=ndarray(...), maskParams=None, name='grating', opacity=1.0, ori=0.0, phase=array([0., 0.]), pos=array([0., 0.]), rgbPedestal=array([0., 0., 0.]), sf=array([4., 4.]), size=array([0.3, 1. ]), tex=None, texRes=128.0, units='height', win=Window(...))
5.0877 	EXP 	window1: mouseVisible = True
5.0920 	EXP 	Created horizontal_right = Rect(__class__=<class 'psychopy.visual.rect.Rect'>, anchor=('center', 'center'), autoDraw=False, autoLog=True, closeShape=True, color=method-wrapper(...), colorSpace='rgb', contrast=None, depth=0.0, draggable=False, fillColor=ndarray(...), fillColorSpace='rgb', fillRGB=ndarray(...), interpolate=True, lineColor=array([1., 1., 1.]), lineColorSpace='rgb', lineRGB=array([1, 1, 1]), lineWidth=10.0, name='horizontal_right', opacity=1.0, ori=0.0, pos=array([0., 0.]), size=array([0.1, 1. ]), units='height', vertices=ndarray(...), win=Window(...))
5.0920 	EXP 	window1: mouseVisible = True
5.0931 	EXP 	Created gray_screen = ImageStim(__class__=<class 'psychopy.visual.image.ImageStim'>, anchor=('center', 'center'), autoLog=True, color=array([0., 0., 0.]), colorSpace='rgb', contrast=1.0, depth=-1.0, draggable=False, flipHoriz=False, flipVert=False, image=None, interpolate=True, mask=None, maskParams=None, name='gray_screen', opacity=1.0, ori=0.0, pos=array([0., 0.]), size=array([0.5, 0.5]), texRes=128.0, units='height', win=Window(...))
5.0932 	EXP 	window1: mouseVisible = True
5.0939 	EXP 	Created horlef = Rect(__class__=<class 'psychopy.visual.rect.Rect'>, anchor=('center', 'center'), autoDraw=False, autoLog=True, closeShape=True, color=method-wrapper(...), colorSpace='rgb', contrast=None, depth=0.0, draggable=False, fillColor=array([1, 1, 1]), fillColorSpace='rgb', fillRGB=array([1, 1, 1]), interpolate=True, lineColor=array([1., 1., 1.]), lineColorSpace='rgb', lineRGB=array([1, 1, 1]), lineWidth=10.0, name='horlef', opacity=1.0, ori=0.0, pos=array([0., 0.]), size=array([0.1, 1. ]), units='height', vertices=ndarray(...), win=Window(...))
5.0939 	EXP 	window1: mouseVisible = True
5.0946 	EXP 	Created vertical_down = Rect(__class__=<class 'psychopy.visual.rect.Rect'>, anchor=('center', 'center'), autoDraw=False, autoLog=True, closeShape=True, color=method-wrapper(...), colorSpace='rgb', contrast=None, depth=0.0, draggable=False, fillColor=array([1, 1, 1]), fillColorSpace='rgb', fillRGB=array([1, 1, 1]), interpolate=True, lineColor=array([1., 1., 1.]), lineColorSpace='rgb', lineRGB=array([1, 1, 1]), lineWidth=1.0, name='vertical_down', opacity=1.0, ori=0.0, pos=array([0., 0.]), size=array([2. , 0.1]), units='height', vertices=ndarray(...), win=Window(...))
5.0947 	EXP 	window1: mouseVisible = True
5.0955 	EXP 	Created gray_screen_2 = ImageStim(__class__=<class 'psychopy.visual.image.ImageStim'>, anchor=('center', 'center'), autoLog=True, color=array([0., 0., 0.]), colorSpace='rgb', contrast=1.0, depth=-1.0, draggable=False, flipHoriz=False, flipVert=False, image=None, interpolate=True, mask=None, maskParams=None, name='gray_screen_2', opacity=1.0, ori=0.0, pos=array([0., 0.]), size=array([0.5, 0.5]), texRes=128.0, units='height', win=Window(...))
5.0956 	EXP 	window1: mouseVisible = True
5.0963 	EXP 	Created vertical_up = Rect(__class__=<class 'psychopy.visual.rect.Rect'>, anchor=('center', 'center'), autoDraw=False, autoLog=True, closeShape=True, color=method-wrapper(...), colorSpace='rgb', contrast=None, depth=-2.0, draggable=False, fillColor=array([1, 1, 1]), fillColorSpace='rgb', fillRGB=array([1, 1, 1]), interpolate=True, lineColor=array([1., 1., 1.]), lineColorSpace='rgb', lineRGB=array([1, 1, 1]), lineWidth=1.0, name='vertical_up', opacity=1.0, ori=0.0, pos=array([0., 0.]), size=array([2. , 0.1]), units='height', vertices=ndarray(...), win=Window(...))
0.0370 	EXP 	grating: autoDraw = True
0.0370 	EXP 	grating: tex = None
10.0195 	EXP 	window1: mouseVisible = True
10.0206 	DEBUG 	Saving data for Bar_vis_stim_devSB_v0.1 ExperimentHandler
10.0211 	INFO 	saved data to C:\dev\sipefield-gratings\PsychoPy\data/128037_Bar_vis_stim_devSB_v0.1_2024-11-13_12h42.39.883.psydat
10.0215 	INFO 	saved data to 'C:\\dev\\sipefield-gratings\\PsychoPy\\data/128037_Bar_vis_stim_devSB_v0.1_2024-11-13_12h42.39.883.csv'
