3.6380 	INFO 	Loaded monitor calibration from ['2024_06_27 19:13']
3.6394 	WARNING 	Requested an unavailable screen number - using first available.
3.7177 	EXP 	Created window1 = Window(allowGUI=True, allowStencil=False, autoLog=True, backendConf=UNKNOWN, backgroundFit=<method-wrapper '__getattribute__' of attributeSetter object at 0x000002E78EE96040>, backgroundImage=<method-wrapper '__getattribute__' of attributeSetter object at 0x000002E78EE8FFA0>, bitsMode=UNKNOWN, blendMode='avg', bpc=(8, 8, 8), color=array([0, 0, 0]), colorSpace='rgb', depthBits=8, fullscr=<method-wrapper '__getattribute__' of attributeSetter object at 0x000002E78EE8FDF0>, gamma=None, gammaErrorPolicy='raise', infoMsg=UNKNOWN, lms=UNKNOWN, monitor=<psychopy.monitors.calibTools.Monitor object at 0x000002E791F56A60>, multiSample=False, name='window1', numSamples=2, pos=[1520.0, 780.0], screen=1, size=array([800, 600]), stencilBits=0, stereo=False, title='PsychoPy', units='height', useFBO=True, useRetina=False, viewOri=0.0, viewPos=None, viewScale=None, waitBlanking=True, winType='pyglet')
3.7177 	EXP 	window1: backgroundImage = ''
3.7177 	EXP 	window1: backgroundFit = 'none'
3.7178 	EXP 	window1: mouseVisible = <method-wrapper '__getattribute__' of attributeSetter object at 0x000002E78EE96160>
3.7179 	EXP 	window1: mouseVisible = <method-wrapper '__getattribute__' of attributeSetter object at 0x000002E78EE96160>
3.7188 	EXP 	window1: mouseVisible = <method-wrapper '__getattribute__' of attributeSetter object at 0x000002E78EE96160>
3.7191 	EXP 	window1: mouseVisible = <method-wrapper '__getattribute__' of attributeSetter object at 0x000002E78EE96160>
3.7221 	DEBUG 	TextBox2 loaded 1 chars with 0 blanks and 1 valid
3.7229 	DEBUG 	TextBox2 loaded 1 chars with 0 blanks and 1 valid
3.7236 	DEBUG 	TextBox2 loaded 1 chars with 0 blanks and 1 valid
3.7244 	DEBUG 	TextBox2 loaded 1 chars with 0 blanks and 1 valid
3.7252 	DEBUG 	TextBox2 loaded 1 chars with 0 blanks and 1 valid
3.7257 	DEBUG 	TextBox2 loaded 1 chars with 0 blanks and 1 valid
3.7264 	DEBUG 	TextBox2 loaded 1 chars with 0 blanks and 1 valid
3.7272 	DEBUG 	TextBox2 loaded 1 chars with 0 blanks and 1 valid
3.7277 	DEBUG 	TextBox2 loaded 1 chars with 0 blanks and 1 valid
3.7282 	DEBUG 	TextBox2 loaded 1 chars with 0 blanks and 1 valid
3.7289 	DEBUG 	TextBox2 loaded 1 chars with 0 blanks and 1 valid
3.7296 	DEBUG 	TextBox2 loaded 1 chars with 0 blanks and 1 valid
3.7302 	DEBUG 	TextBox2 loaded 1 chars with 0 blanks and 1 valid
3.7309 	DEBUG 	TextBox2 loaded 1 chars with 0 blanks and 1 valid
3.7315 	DEBUG 	TextBox2 loaded 1 chars with 0 blanks and 1 valid
3.7322 	DEBUG 	TextBox2 loaded 1 chars with 0 blanks and 1 valid
3.7329 	DEBUG 	TextBox2 loaded 1 chars with 0 blanks and 1 valid
3.7334 	DEBUG 	TextBox2 loaded 1 chars with 0 blanks and 1 valid
3.7339 	DEBUG 	TextBox2 loaded 1 chars with 0 blanks and 1 valid
3.7348 	DEBUG 	TextBox2 loaded 1 chars with 0 blanks and 1 valid
3.7355 	DEBUG 	TextBox2 loaded 1 chars with 0 blanks and 1 valid
3.7357 	DEBUG 	Uploading Texture Font fontname to graphics card
3.7371 	DEBUG 	Upload of Texture Font fontname complete
3.7380 	EXP 	window1: mouseVisible = <method-wrapper '__getattribute__' of attributeSetter object at 0x000002E78EE96160>
3.7381 	EXP 	window1: mouseVisible = <method-wrapper '__getattribute__' of attributeSetter object at 0x000002E78EE96160>
3.7384 	EXP 	window1: mouseVisible = <method-wrapper '__getattribute__' of attributeSetter object at 0x000002E78EE96160>
3.7386 	EXP 	window1: mouseVisible = <method-wrapper '__getattribute__' of attributeSetter object at 0x000002E78EE96160>
3.7408 	DEBUG 	TextBox2 loaded 1 chars with 0 blanks and 1 valid
3.7416 	DEBUG 	TextBox2 loaded 1 chars with 0 blanks and 1 valid
3.7425 	DEBUG 	TextBox2 loaded 1 chars with 0 blanks and 1 valid
3.7426 	DEBUG 	Uploading Texture Font fontname to graphics card
3.7430 	DEBUG 	Upload of Texture Font fontname complete
3.7440 	EXP 	window1: Attempting to measure frame rate of screen (1) ...
3.7440 	EXP 	window1: recordFrameIntervals = False
3.9081 	EXP 	window1: recordFrameIntervals = True
4.0868 	EXP 	Screen (1) actual frame rate measured at 61.07Hz
4.0868 	EXP 	window1: recordFrameIntervals = False
4.0869 	EXP 	window1: mouseVisible = True
4.0873 	EXP 	window1: mouseVisible = True
4.0874 	EXP 	window1: mouseVisible = True
4.0879 	EXP 	window1: mouseVisible = True
4.0882 	EXP 	window1: mouseVisible = True
4.0918 	DEBUG 	TextBox2 loaded 1 chars with 0 blanks and 1 valid
4.0928 	DEBUG 	TextBox2 loaded 1 chars with 0 blanks and 1 valid
4.0941 	DEBUG 	TextBox2 loaded 1 chars with 0 blanks and 1 valid
4.0953 	DEBUG 	TextBox2 loaded 1 chars with 0 blanks and 1 valid
4.0962 	DEBUG 	TextBox2 loaded 1 chars with 0 blanks and 1 valid
4.0971 	DEBUG 	TextBox2 loaded 1 chars with 0 blanks and 1 valid
4.0977 	DEBUG 	TextBox2 loaded 1 chars with 0 blanks and 1 valid
4.0985 	DEBUG 	TextBox2 loaded 1 chars with 0 blanks and 1 valid
4.0993 	DEBUG 	TextBox2 loaded 1 chars with 0 blanks and 1 valid
4.1001 	DEBUG 	TextBox2 loaded 1 chars with 0 blanks and 1 valid
4.1003 	DEBUG 	Uploading Texture Font fontname to graphics card
4.1007 	DEBUG 	Upload of Texture Font fontname complete
4.1018 	EXP 	window1: mouseVisible = True
4.1019 	EXP 	window1: mouseVisible = True
4.1022 	EXP 	window1: mouseVisible = True
4.1025 	EXP 	window1: mouseVisible = True
4.1122 	WARNING 	launchHubServer: If using the iohub mouse or eyetracker devices, fullScr should be True.
5.3608 	INFO 	keyboard.Keyboard is using iohub backend.
5.3609 	EXP 	Bar_vis_stim_devSB_v0.1: status = STARTED
5.3610 	EXP 	window1: mouseVisible = True
5.3624 	EXP 	Created white_check = GratingStim(__class__=<class 'psychopy.visual.grating.GratingStim'>, anchor='center', autoDraw=False, autoLog=True, blendmode='avg', color=array([-1., -1., -1.]), colorSpace='rgb', contrast=1.0, depth=-1.0, draggable=False, interpolate=True, mask=None, maskParams=None, name='white_check', opacity=1.0, ori=0.0, phase=array([0., 0.]), pos=array([0., 0.]), rgbPedestal=array([0., 0., 0.]), sf=array([1., 1.]), size=array([0.2, 1. ]), tex=ndarray(...), texRes=128.0, units='height', win=Window(...))
5.3625 	EXP 	window1: mouseVisible = True
5.3636 	EXP 	Created black_check_2 = GratingStim(__class__=<class 'psychopy.visual.grating.GratingStim'>, anchor='center', autoDraw=False, autoLog=True, blendmode='avg', color=array([1., 1., 1.]), colorSpace='rgb', contrast=1.0, depth=-2.0, draggable=False, interpolate=True, mask=None, maskParams=None, name='black_check_2', opacity=1.0, ori=0.0, phase=array([0., 0.]), pos=array([0., 0.]), rgbPedestal=array([0., 0., 0.]), sf=array([1., 1.]), size=array([0.2, 1. ]), tex=ndarray(...), texRes=128.0, units='height', win=Window(...))
5.3637 	EXP 	window1: mouseVisible = True
5.3646 	EXP 	Created white_check_2 = GratingStim(__class__=<class 'psychopy.visual.grating.GratingStim'>, anchor='center', autoDraw=False, autoLog=True, blendmode='avg', color=array([-1., -1., -1.]), colorSpace='rgb', contrast=1.0, depth=-3.0, draggable=False, interpolate=True, mask=None, maskParams=None, name='white_check_2', opacity=1.0, ori=0.0, phase=array([0., 0.]), pos=array([0., 0.]), rgbPedestal=array([0., 0., 0.]), sf=array([1., 1.]), size=array([0.2, 1. ]), tex=ndarray(...), texRes=128.0, units='height', win=Window(...))
5.3647 	EXP 	window1: mouseVisible = True
5.3656 	EXP 	Created black_check_3 = GratingStim(__class__=<class 'psychopy.visual.grating.GratingStim'>, anchor='center', autoDraw=False, autoLog=True, blendmode='avg', color=array([1., 1., 1.]), colorSpace='rgb', contrast=1.0, depth=-4.0, draggable=False, interpolate=True, mask=None, maskParams=None, name='black_check_3', opacity=1.0, ori=0.0, phase=array([0., 0.]), pos=array([0., 0.]), rgbPedestal=array([0., 0., 0.]), sf=array([1., 1.]), size=array([0.2, 1. ]), tex=ndarray(...), texRes=128.0, units='height', win=Window(...))
5.3656 	EXP 	window1: mouseVisible = True
5.3665 	EXP 	Created white_check_3 = GratingStim(__class__=<class 'psychopy.visual.grating.GratingStim'>, anchor='center', autoDraw=False, autoLog=True, blendmode='avg', color=array([-1., -1., -1.]), colorSpace='rgb', contrast=1.0, depth=-5.0, draggable=False, interpolate=True, mask=None, maskParams=None, name='white_check_3', opacity=1.0, ori=0.0, phase=array([0., 0.]), pos=array([0., 0.]), rgbPedestal=array([0., 0., 0.]), sf=array([1., 1.]), size=array([0.2, 1. ]), tex=ndarray(...), texRes=128.0, units='height', win=Window(...))
5.3665 	EXP 	window1: mouseVisible = True
5.3674 	EXP 	Created black_check_4 = GratingStim(__class__=<class 'psychopy.visual.grating.GratingStim'>, anchor='center', autoDraw=False, autoLog=True, blendmode='avg', color=array([1., 1., 1.]), colorSpace='rgb', contrast=1.0, depth=-6.0, draggable=False, interpolate=True, mask=None, maskParams=None, name='black_check_4', opacity=1.0, ori=0.0, phase=array([0., 0.]), pos=array([0., 0.]), rgbPedestal=array([0., 0., 0.]), sf=array([1., 1.]), size=array([0.2, 1. ]), tex=ndarray(...), texRes=128.0, units='height', win=Window(...))
5.3675 	EXP 	window1: mouseVisible = True
5.3684 	EXP 	Created white_check_4 = GratingStim(__class__=<class 'psychopy.visual.grating.GratingStim'>, anchor='center', autoDraw=False, autoLog=True, blendmode='avg', color=array([-1., -1., -1.]), colorSpace='rgb', contrast=1.0, depth=-7.0, draggable=False, interpolate=True, mask=None, maskParams=None, name='white_check_4', opacity=1.0, ori=0.0, phase=array([0., 0.]), pos=array([0., 0.]), rgbPedestal=array([0., 0., 0.]), sf=array([1., 1.]), size=array([0.2, 1. ]), tex=ndarray(...), texRes=128.0, units='height', win=Window(...))
5.3684 	EXP 	window1: mouseVisible = True
5.3695 	EXP 	Created black_check_5 = GratingStim(__class__=<class 'psychopy.visual.grating.GratingStim'>, anchor='center', autoDraw=False, autoLog=True, blendmode='avg', color=array([1., 1., 1.]), colorSpace='rgb', contrast=1.0, depth=-8.0, draggable=False, interpolate=True, mask=None, maskParams=None, name='black_check_5', opacity=1.0, ori=0.0, phase=array([0., 0.]), pos=array([0., 0.]), rgbPedestal=array([0., 0., 0.]), sf=array([1., 1.]), size=array([0.2, 1. ]), tex=ndarray(...), texRes=128.0, units='height', win=Window(...))
5.3695 	EXP 	window1: mouseVisible = True
5.3704 	EXP 	Created white_check_5 = GratingStim(__class__=<class 'psychopy.visual.grating.GratingStim'>, anchor='center', autoDraw=False, autoLog=True, blendmode='avg', color=array([-1., -1., -1.]), colorSpace='rgb', contrast=1.0, depth=-9.0, draggable=False, interpolate=True, mask=None, maskParams=None, name='white_check_5', opacity=1.0, ori=0.0, phase=array([0., 0.]), pos=array([0., 0.]), rgbPedestal=array([0., 0., 0.]), sf=array([1., 1.]), size=array([0.2, 1. ]), tex=ndarray(...), texRes=128.0, units='height', win=Window(...))
5.3704 	EXP 	window1: mouseVisible = True
5.3714 	EXP 	Created black_check_6 = GratingStim(__class__=<class 'psychopy.visual.grating.GratingStim'>, anchor='center', autoDraw=False, autoLog=True, blendmode='avg', color=array([1., 1., 1.]), colorSpace='rgb', contrast=1.0, depth=-10.0, draggable=False, interpolate=True, mask=None, maskParams=None, name='black_check_6', opacity=1.0, ori=0.0, phase=array([0., 0.]), pos=array([0., 0.]), rgbPedestal=array([0., 0., 0.]), sf=array([1., 1.]), size=array([0.2, 1. ]), tex=ndarray(...), texRes=128.0, units='height', win=Window(...))
5.3714 	EXP 	window1: mouseVisible = True
5.4029 	EXP 	window1: mouseVisible = True
5.4042 	DEBUG 	Saving data for Bar_vis_stim_devSB_v0.1 ExperimentHandler
5.4047 	INFO 	saved data to C:\dev\sipefield-gratings\PsychoPy\data/128037_Bar_vis_stim_devSB_v0.1_2024-11-13_18h15.02.546.psydat
5.4053 	INFO 	saved data to 'C:\\dev\\sipefield-gratings\\PsychoPy\\data/128037_Bar_vis_stim_devSB_v0.1_2024-11-13_18h15.02.546.csv'
