3.5866 	INFO 	Loaded monitor calibration from ['2024_06_27 19:13']
3.6776 	EXP 	Created window1 = Window(allowGUI=True, allowStencil=False, autoLog=True, backendConf=UNKNOWN, backgroundFit=<method-wrapper '__getattribute__' of attributeSetter object at 0x0000025319FEC1C0>, backgroundImage=<method-wrapper '__getattribute__' of attributeSetter object at 0x0000025319FEC160>, bitsMode=UNKNOWN, blendMode='avg', bpc=(8, 8, 8), color=array([0, 0, 0]), colorSpace='rgb', depthBits=8, fullscr=<method-wrapper '__getattribute__' of attributeSetter object at 0x0000025319FE9F70>, gamma=None, gammaErrorPolicy='raise', infoMsg=UNKNOWN, lms=UNKNOWN, monitor=<psychopy.monitors.calibTools.Monitor object at 0x000002531D0B3BE0>, multiSample=False, name='window1', numSamples=2, pos=[1520.0, 780.0], screen=1, size=array([800, 600]), stencilBits=0, stereo=False, title='PsychoPy', units='height', useFBO=True, useRetina=False, viewOri=0.0, viewPos=None, viewScale=None, waitBlanking=True, winType='pyglet')
3.6777 	EXP 	window1: backgroundImage = ''
3.6777 	EXP 	window1: backgroundFit = 'none'
3.6778 	EXP 	window1: mouseVisible = <method-wrapper '__getattribute__' of attributeSetter object at 0x0000025319FEC2E0>
3.6779 	EXP 	window1: mouseVisible = <method-wrapper '__getattribute__' of attributeSetter object at 0x0000025319FEC2E0>
3.6788 	EXP 	window1: mouseVisible = <method-wrapper '__getattribute__' of attributeSetter object at 0x0000025319FEC2E0>
3.6791 	EXP 	window1: mouseVisible = <method-wrapper '__getattribute__' of attributeSetter object at 0x0000025319FEC2E0>
3.6818 	DEBUG 	TextBox2 loaded 1 chars with 0 blanks and 1 valid
3.6825 	DEBUG 	TextBox2 loaded 1 chars with 0 blanks and 1 valid
3.6832 	DEBUG 	TextBox2 loaded 1 chars with 0 blanks and 1 valid
3.6840 	DEBUG 	TextBox2 loaded 1 chars with 0 blanks and 1 valid
3.6847 	DEBUG 	TextBox2 loaded 1 chars with 0 blanks and 1 valid
3.6853 	DEBUG 	TextBox2 loaded 1 chars with 0 blanks and 1 valid
3.6859 	DEBUG 	TextBox2 loaded 1 chars with 0 blanks and 1 valid
3.6867 	DEBUG 	TextBox2 loaded 1 chars with 0 blanks and 1 valid
3.6872 	DEBUG 	TextBox2 loaded 1 chars with 0 blanks and 1 valid
3.6877 	DEBUG 	TextBox2 loaded 1 chars with 0 blanks and 1 valid
3.6883 	DEBUG 	TextBox2 loaded 1 chars with 0 blanks and 1 valid
3.6890 	DEBUG 	TextBox2 loaded 1 chars with 0 blanks and 1 valid
3.6896 	DEBUG 	TextBox2 loaded 1 chars with 0 blanks and 1 valid
3.6903 	DEBUG 	TextBox2 loaded 1 chars with 0 blanks and 1 valid
3.6909 	DEBUG 	TextBox2 loaded 1 chars with 0 blanks and 1 valid
3.6917 	DEBUG 	TextBox2 loaded 1 chars with 0 blanks and 1 valid
3.6925 	DEBUG 	TextBox2 loaded 1 chars with 0 blanks and 1 valid
3.6930 	DEBUG 	TextBox2 loaded 1 chars with 0 blanks and 1 valid
3.6936 	DEBUG 	TextBox2 loaded 1 chars with 0 blanks and 1 valid
3.6943 	DEBUG 	TextBox2 loaded 1 chars with 0 blanks and 1 valid
3.6949 	DEBUG 	TextBox2 loaded 1 chars with 0 blanks and 1 valid
3.6951 	DEBUG 	Uploading Texture Font fontname to graphics card
3.6964 	DEBUG 	Upload of Texture Font fontname complete
3.6973 	EXP 	window1: mouseVisible = <method-wrapper '__getattribute__' of attributeSetter object at 0x0000025319FEC2E0>
3.6974 	EXP 	window1: mouseVisible = <method-wrapper '__getattribute__' of attributeSetter object at 0x0000025319FEC2E0>
3.6977 	EXP 	window1: mouseVisible = <method-wrapper '__getattribute__' of attributeSetter object at 0x0000025319FEC2E0>
3.6980 	EXP 	window1: mouseVisible = <method-wrapper '__getattribute__' of attributeSetter object at 0x0000025319FEC2E0>
3.7004 	DEBUG 	TextBox2 loaded 1 chars with 0 blanks and 1 valid
3.7012 	DEBUG 	TextBox2 loaded 1 chars with 0 blanks and 1 valid
3.7020 	DEBUG 	TextBox2 loaded 1 chars with 0 blanks and 1 valid
3.7021 	DEBUG 	Uploading Texture Font fontname to graphics card
3.7026 	DEBUG 	Upload of Texture Font fontname complete
3.7036 	EXP 	window1: Attempting to measure frame rate of screen (1) ...
3.7036 	EXP 	window1: recordFrameIntervals = False
3.8671 	EXP 	window1: recordFrameIntervals = True
4.0480 	EXP 	Screen (1) actual frame rate measured at 61.33Hz
4.0480 	EXP 	window1: recordFrameIntervals = False
4.0480 	EXP 	window1: mouseVisible = True
4.0483 	EXP 	window1: mouseVisible = True
4.0484 	EXP 	window1: mouseVisible = True
4.0488 	EXP 	window1: mouseVisible = True
4.0491 	EXP 	window1: mouseVisible = True
4.0514 	DEBUG 	TextBox2 loaded 1 chars with 0 blanks and 1 valid
4.0520 	DEBUG 	TextBox2 loaded 1 chars with 0 blanks and 1 valid
4.0527 	DEBUG 	TextBox2 loaded 1 chars with 0 blanks and 1 valid
4.0537 	DEBUG 	TextBox2 loaded 1 chars with 0 blanks and 1 valid
4.0545 	DEBUG 	TextBox2 loaded 1 chars with 0 blanks and 1 valid
4.0553 	DEBUG 	TextBox2 loaded 1 chars with 0 blanks and 1 valid
4.0558 	DEBUG 	TextBox2 loaded 1 chars with 0 blanks and 1 valid
4.0566 	DEBUG 	TextBox2 loaded 1 chars with 0 blanks and 1 valid
4.0574 	DEBUG 	TextBox2 loaded 1 chars with 0 blanks and 1 valid
4.0582 	DEBUG 	TextBox2 loaded 1 chars with 0 blanks and 1 valid
4.0584 	DEBUG 	Uploading Texture Font fontname to graphics card
4.0587 	DEBUG 	Upload of Texture Font fontname complete
4.0595 	EXP 	window1: mouseVisible = True
4.0596 	EXP 	window1: mouseVisible = True
4.0600 	EXP 	window1: mouseVisible = True
4.0602 	EXP 	window1: mouseVisible = True
4.0701 	WARNING 	launchHubServer: If using the iohub mouse or eyetracker devices, fullScr should be True.
5.3184 	INFO 	keyboard.Keyboard is using iohub backend.
5.3184 	EXP 	Bar_vis_stim_devSB_v0.1: status = STARTED
5.3185 	EXP 	window1: mouseVisible = True
5.3189 	DEPRECATION 	Requiring a square power of two (e.g. 16 x 16, 256 x 256) texture but didn't receive one
5.3212 	EXP 	Created grating = GratingStim(__class__=<class 'psychopy.visual.grating.GratingStim'>, anchor='center', autoDraw=False, autoLog=True, blendmode='add', color=array([-1., -1., -1.]), colorSpace='rgb', contrast=1.0, depth=-1.0, draggable=False, interpolate=True, mask=ndarray(...), maskParams=None, name='grating', opacity=1.0, ori=0.0, phase=array([0., 0.]), pos=array([0., 0.]), rgbPedestal=array([0., 0., 0.]), sf=array([4., 4.]), size=array([0.2, 1. ]), tex=None, texRes=128.0, units='height', win=Window(...))
5.3213 	EXP 	window1: mouseVisible = True
5.3260 	EXP 	Created horizontal_right = Rect(__class__=<class 'psychopy.visual.rect.Rect'>, anchor=('center', 'center'), autoDraw=False, autoLog=True, closeShape=True, color=method-wrapper(...), colorSpace='rgb', contrast=None, depth=0.0, draggable=False, fillColor=ndarray(...), fillColorSpace='rgb', fillRGB=ndarray(...), interpolate=True, lineColor=array([1., 1., 1.]), lineColorSpace='rgb', lineRGB=array([1, 1, 1]), lineWidth=10.0, name='horizontal_right', opacity=1.0, ori=0.0, pos=array([0., 0.]), size=array([0.1, 1. ]), units='height', vertices=ndarray(...), win=Window(...))
5.3260 	EXP 	window1: mouseVisible = True
5.3275 	EXP 	Created gray_screen = ImageStim(__class__=<class 'psychopy.visual.image.ImageStim'>, anchor=('center', 'center'), autoLog=True, color=array([0., 0., 0.]), colorSpace='rgb', contrast=1.0, depth=-1.0, draggable=False, flipHoriz=False, flipVert=False, image=None, interpolate=True, mask=None, maskParams=None, name='gray_screen', opacity=1.0, ori=0.0, pos=array([0., 0.]), size=array([0.5, 0.5]), texRes=128.0, units='height', win=Window(...))
5.3275 	EXP 	window1: mouseVisible = True
5.3283 	EXP 	Created horlef = Rect(__class__=<class 'psychopy.visual.rect.Rect'>, anchor=('center', 'center'), autoDraw=False, autoLog=True, closeShape=True, color=method-wrapper(...), colorSpace='rgb', contrast=None, depth=0.0, draggable=False, fillColor=array([1, 1, 1]), fillColorSpace='rgb', fillRGB=array([1, 1, 1]), interpolate=True, lineColor=array([1., 1., 1.]), lineColorSpace='rgb', lineRGB=array([1, 1, 1]), lineWidth=10.0, name='horlef', opacity=1.0, ori=0.0, pos=array([0., 0.]), size=array([0.1, 1. ]), units='height', vertices=ndarray(...), win=Window(...))
5.3284 	EXP 	window1: mouseVisible = True
5.3291 	EXP 	Created vertical_down = Rect(__class__=<class 'psychopy.visual.rect.Rect'>, anchor=('center', 'center'), autoDraw=False, autoLog=True, closeShape=True, color=method-wrapper(...), colorSpace='rgb', contrast=None, depth=0.0, draggable=False, fillColor=array([1, 1, 1]), fillColorSpace='rgb', fillRGB=array([1, 1, 1]), interpolate=True, lineColor=array([1., 1., 1.]), lineColorSpace='rgb', lineRGB=array([1, 1, 1]), lineWidth=1.0, name='vertical_down', opacity=1.0, ori=0.0, pos=array([0., 0.]), size=array([2. , 0.1]), units='height', vertices=ndarray(...), win=Window(...))
5.3291 	EXP 	window1: mouseVisible = True
5.3300 	EXP 	Created gray_screen_2 = ImageStim(__class__=<class 'psychopy.visual.image.ImageStim'>, anchor=('center', 'center'), autoLog=True, color=array([0., 0., 0.]), colorSpace='rgb', contrast=1.0, depth=-1.0, draggable=False, flipHoriz=False, flipVert=False, image=None, interpolate=True, mask=None, maskParams=None, name='gray_screen_2', opacity=1.0, ori=0.0, pos=array([0., 0.]), size=array([0.5, 0.5]), texRes=128.0, units='height', win=Window(...))
5.3300 	EXP 	window1: mouseVisible = True
5.3307 	EXP 	Created vertical_up = Rect(__class__=<class 'psychopy.visual.rect.Rect'>, anchor=('center', 'center'), autoDraw=False, autoLog=True, closeShape=True, color=method-wrapper(...), colorSpace='rgb', contrast=None, depth=-2.0, draggable=False, fillColor=array([1, 1, 1]), fillColorSpace='rgb', fillRGB=array([1, 1, 1]), interpolate=True, lineColor=array([1., 1., 1.]), lineColorSpace='rgb', lineRGB=array([1, 1, 1]), lineWidth=1.0, name='vertical_up', opacity=1.0, ori=0.0, pos=array([0., 0.]), size=array([2. , 0.1]), units='height', vertices=ndarray(...), win=Window(...))
0.0385 	EXP 	grating: autoDraw = True
0.0385 	EXP 	grating: tex = None
10.0215 	EXP 	window1: mouseVisible = True
10.0223 	DEBUG 	Saving data for Bar_vis_stim_devSB_v0.1 ExperimentHandler
10.0228 	INFO 	saved data to C:\dev\sipefield-gratings\PsychoPy\data/128037_Bar_vis_stim_devSB_v0.1_2024-11-13_12h54.50.989.psydat
10.0231 	INFO 	saved data to 'C:\\dev\\sipefield-gratings\\PsychoPy\\data/128037_Bar_vis_stim_devSB_v0.1_2024-11-13_12h54.50.989.csv'
