3.3162 	INFO 	Loaded monitor calibration from ['2024_06_27 19:13']
3.3993 	EXP 	Created window1 = Window(allowGUI=True, allowStencil=False, autoLog=True, backendConf=UNKNOWN, backgroundFit=<method-wrapper '__getattribute__' of attributeSetter object at 0x000002275EE9BC40>, backgroundImage=<method-wrapper '__getattribute__' of attributeSetter object at 0x000002275EE9BBE0>, bitsMode=UNKNOWN, blendMode='avg', bpc=(8, 8, 8), color=array([0, 0, 0]), colorSpace='rgb', depthBits=8, fullscr=<method-wrapper '__getattribute__' of attributeSetter object at 0x000002275EE9BA30>, gamma=None, gammaErrorPolicy='raise', infoMsg=UNKNOWN, lms=UNKNOWN, monitor=<psychopy.monitors.calibTools.Monitor object at 0x0000022761F546A0>, multiSample=False, name='window1', numSamples=2, pos=[1520.0, 780.0], screen=1, size=array([800, 600]), stencilBits=0, stereo=False, title='PsychoPy', units='height', useFBO=True, useRetina=False, viewOri=0.0, viewPos=None, viewScale=None, waitBlanking=True, winType='pyglet')
3.3993 	EXP 	window1: backgroundImage = ''
3.3994 	EXP 	window1: backgroundFit = 'none'
3.3994 	EXP 	window1: mouseVisible = <method-wrapper '__getattribute__' of attributeSetter object at 0x000002275EE9BD60>
3.3996 	EXP 	window1: mouseVisible = <method-wrapper '__getattribute__' of attributeSetter object at 0x000002275EE9BD60>
3.4005 	EXP 	window1: mouseVisible = <method-wrapper '__getattribute__' of attributeSetter object at 0x000002275EE9BD60>
3.4008 	EXP 	window1: mouseVisible = <method-wrapper '__getattribute__' of attributeSetter object at 0x000002275EE9BD60>
3.4034 	DEBUG 	TextBox2 loaded 1 chars with 0 blanks and 1 valid
3.4041 	DEBUG 	TextBox2 loaded 1 chars with 0 blanks and 1 valid
3.4048 	DEBUG 	TextBox2 loaded 1 chars with 0 blanks and 1 valid
3.4056 	DEBUG 	TextBox2 loaded 1 chars with 0 blanks and 1 valid
3.4064 	DEBUG 	TextBox2 loaded 1 chars with 0 blanks and 1 valid
3.4069 	DEBUG 	TextBox2 loaded 1 chars with 0 blanks and 1 valid
3.4077 	DEBUG 	TextBox2 loaded 1 chars with 0 blanks and 1 valid
3.4088 	DEBUG 	TextBox2 loaded 1 chars with 0 blanks and 1 valid
3.4093 	DEBUG 	TextBox2 loaded 1 chars with 0 blanks and 1 valid
3.4098 	DEBUG 	TextBox2 loaded 1 chars with 0 blanks and 1 valid
3.4105 	DEBUG 	TextBox2 loaded 1 chars with 0 blanks and 1 valid
3.4112 	DEBUG 	TextBox2 loaded 1 chars with 0 blanks and 1 valid
3.4118 	DEBUG 	TextBox2 loaded 1 chars with 0 blanks and 1 valid
3.4125 	DEBUG 	TextBox2 loaded 1 chars with 0 blanks and 1 valid
3.4131 	DEBUG 	TextBox2 loaded 1 chars with 0 blanks and 1 valid
3.4138 	DEBUG 	TextBox2 loaded 1 chars with 0 blanks and 1 valid
3.4145 	DEBUG 	TextBox2 loaded 1 chars with 0 blanks and 1 valid
3.4150 	DEBUG 	TextBox2 loaded 1 chars with 0 blanks and 1 valid
3.4156 	DEBUG 	TextBox2 loaded 1 chars with 0 blanks and 1 valid
3.4164 	DEBUG 	TextBox2 loaded 1 chars with 0 blanks and 1 valid
3.4169 	DEBUG 	TextBox2 loaded 1 chars with 0 blanks and 1 valid
3.4171 	DEBUG 	Uploading Texture Font fontname to graphics card
3.4184 	DEBUG 	Upload of Texture Font fontname complete
3.4193 	EXP 	window1: mouseVisible = <method-wrapper '__getattribute__' of attributeSetter object at 0x000002275EE9BD60>
3.4194 	EXP 	window1: mouseVisible = <method-wrapper '__getattribute__' of attributeSetter object at 0x000002275EE9BD60>
3.4197 	EXP 	window1: mouseVisible = <method-wrapper '__getattribute__' of attributeSetter object at 0x000002275EE9BD60>
3.4199 	EXP 	window1: mouseVisible = <method-wrapper '__getattribute__' of attributeSetter object at 0x000002275EE9BD60>
3.4221 	DEBUG 	TextBox2 loaded 1 chars with 0 blanks and 1 valid
3.4229 	DEBUG 	TextBox2 loaded 1 chars with 0 blanks and 1 valid
3.4238 	DEBUG 	TextBox2 loaded 1 chars with 0 blanks and 1 valid
3.4239 	DEBUG 	Uploading Texture Font fontname to graphics card
3.4244 	DEBUG 	Upload of Texture Font fontname complete
3.4255 	EXP 	window1: Attempting to measure frame rate of screen (1) ...
3.4255 	EXP 	window1: recordFrameIntervals = False
3.5948 	EXP 	window1: recordFrameIntervals = True
3.8116 	WARNING 	t of last frame was 20.45ms (=1/48)
3.9760 	EXP 	Screen (1) actual frame rate measured at 60.91Hz
3.9760 	EXP 	window1: recordFrameIntervals = False
3.9761 	EXP 	window1: mouseVisible = True
3.9764 	EXP 	window1: mouseVisible = True
3.9766 	EXP 	window1: mouseVisible = True
3.9772 	EXP 	window1: mouseVisible = True
3.9776 	EXP 	window1: mouseVisible = True
3.9804 	DEBUG 	TextBox2 loaded 1 chars with 0 blanks and 1 valid
3.9810 	DEBUG 	TextBox2 loaded 1 chars with 0 blanks and 1 valid
3.9818 	DEBUG 	TextBox2 loaded 1 chars with 0 blanks and 1 valid
3.9826 	DEBUG 	TextBox2 loaded 1 chars with 0 blanks and 1 valid
3.9835 	DEBUG 	TextBox2 loaded 1 chars with 0 blanks and 1 valid
3.9843 	DEBUG 	TextBox2 loaded 1 chars with 0 blanks and 1 valid
3.9849 	DEBUG 	TextBox2 loaded 1 chars with 0 blanks and 1 valid
3.9857 	DEBUG 	TextBox2 loaded 1 chars with 0 blanks and 1 valid
3.9865 	DEBUG 	TextBox2 loaded 1 chars with 0 blanks and 1 valid
3.9873 	DEBUG 	TextBox2 loaded 1 chars with 0 blanks and 1 valid
3.9875 	DEBUG 	Uploading Texture Font fontname to graphics card
3.9879 	DEBUG 	Upload of Texture Font fontname complete
3.9887 	EXP 	window1: mouseVisible = True
3.9888 	EXP 	window1: mouseVisible = True
3.9891 	EXP 	window1: mouseVisible = True
3.9894 	EXP 	window1: mouseVisible = True
3.9992 	WARNING 	launchHubServer: If using the iohub mouse or eyetracker devices, fullScr should be True.
5.2464 	INFO 	keyboard.Keyboard is using iohub backend.
5.2465 	EXP 	Bar_vis_stim_devSB_v0.1: status = STARTED
5.2466 	EXP 	window1: mouseVisible = True
5.2483 	EXP 	Created grating = GratingStim(__class__=<class 'psychopy.visual.grating.GratingStim'>, anchor='center', autoDraw=False, autoLog=True, blendmode='avg', color=array([1., 1., 1.]), colorSpace='rgb', contrast=1.0, depth=-1.0, draggable=False, interpolate=True, mask=None, maskParams=None, name='grating', opacity=1.0, ori=0.0, phase=array([0., 0.]), pos=array([0., 0.]), rgbPedestal=array([0., 0., 0.]), sf=array([4., 4.]), size=array([0.1, 1. ]), tex=ndarray(...), texRes=128.0, units='height', win=Window(...))
5.2484 	EXP 	window1: mouseVisible = True
5.2503 	EXP 	Created horizontal_right = Rect(__class__=<class 'psychopy.visual.rect.Rect'>, anchor=('center', 'center'), autoDraw=False, autoLog=True, closeShape=True, color=method-wrapper(...), colorSpace='rgb', contrast=None, depth=0.0, draggable=False, fillColor=ndarray(...), fillColorSpace='rgb', fillRGB=ndarray(...), interpolate=True, lineColor=array([1., 1., 1.]), lineColorSpace='rgb', lineRGB=array([1, 1, 1]), lineWidth=10.0, name='horizontal_right', opacity=1.0, ori=0.0, pos=array([0., 0.]), size=array([0.1, 1. ]), units='height', vertices=ndarray(...), win=Window(...))
5.2504 	EXP 	window1: mouseVisible = True
5.2518 	EXP 	Created gray_screen = ImageStim(__class__=<class 'psychopy.visual.image.ImageStim'>, anchor=('center', 'center'), autoLog=True, color=array([0., 0., 0.]), colorSpace='rgb', contrast=1.0, depth=-1.0, draggable=False, flipHoriz=False, flipVert=False, image=None, interpolate=True, mask=None, maskParams=None, name='gray_screen', opacity=1.0, ori=0.0, pos=array([0., 0.]), size=array([0.5, 0.5]), texRes=128.0, units='height', win=Window(...))
5.2519 	EXP 	window1: mouseVisible = True
5.2526 	EXP 	Created horlef = Rect(__class__=<class 'psychopy.visual.rect.Rect'>, anchor=('center', 'center'), autoDraw=False, autoLog=True, closeShape=True, color=method-wrapper(...), colorSpace='rgb', contrast=None, depth=0.0, draggable=False, fillColor=array([1, 1, 1]), fillColorSpace='rgb', fillRGB=array([1, 1, 1]), interpolate=True, lineColor=array([1., 1., 1.]), lineColorSpace='rgb', lineRGB=array([1, 1, 1]), lineWidth=10.0, name='horlef', opacity=1.0, ori=0.0, pos=array([0., 0.]), size=array([0.1, 1. ]), units='height', vertices=ndarray(...), win=Window(...))
5.2527 	EXP 	window1: mouseVisible = True
5.2534 	EXP 	Created vertical_down = Rect(__class__=<class 'psychopy.visual.rect.Rect'>, anchor=('center', 'center'), autoDraw=False, autoLog=True, closeShape=True, color=method-wrapper(...), colorSpace='rgb', contrast=None, depth=0.0, draggable=False, fillColor=array([1, 1, 1]), fillColorSpace='rgb', fillRGB=array([1, 1, 1]), interpolate=True, lineColor=array([1., 1., 1.]), lineColorSpace='rgb', lineRGB=array([1, 1, 1]), lineWidth=1.0, name='vertical_down', opacity=1.0, ori=0.0, pos=array([0., 0.]), size=array([2. , 0.1]), units='height', vertices=ndarray(...), win=Window(...))
5.2534 	EXP 	window1: mouseVisible = True
5.2544 	EXP 	Created gray_screen_2 = ImageStim(__class__=<class 'psychopy.visual.image.ImageStim'>, anchor=('center', 'center'), autoLog=True, color=array([0., 0., 0.]), colorSpace='rgb', contrast=1.0, depth=-1.0, draggable=False, flipHoriz=False, flipVert=False, image=None, interpolate=True, mask=None, maskParams=None, name='gray_screen_2', opacity=1.0, ori=0.0, pos=array([0., 0.]), size=array([0.5, 0.5]), texRes=128.0, units='height', win=Window(...))
5.2545 	EXP 	window1: mouseVisible = True
5.2553 	EXP 	Created vertical_up = Rect(__class__=<class 'psychopy.visual.rect.Rect'>, anchor=('center', 'center'), autoDraw=False, autoLog=True, closeShape=True, color=method-wrapper(...), colorSpace='rgb', contrast=None, depth=-2.0, draggable=False, fillColor=array([1, 1, 1]), fillColorSpace='rgb', fillRGB=array([1, 1, 1]), interpolate=True, lineColor=array([1., 1., 1.]), lineColorSpace='rgb', lineRGB=array([1, 1, 1]), lineWidth=1.0, name='vertical_up', opacity=1.0, ori=0.0, pos=array([0., 0.]), size=array([2. , 0.1]), units='height', vertices=ndarray(...), win=Window(...))
0.0278 	DEPRECATION 	Requiring a square power of two (e.g. 16 x 16, 256 x 256) texture but didn't receive one
0.0385 	EXP 	grating: autoDraw = True
0.0385 	EXP 	grating: tex = <class 'numpy.ndarray'>
10.0255 	EXP 	window1: mouseVisible = True
10.0263 	DEBUG 	Saving data for Bar_vis_stim_devSB_v0.1 ExperimentHandler
10.0267 	INFO 	saved data to C:\dev\sipefield-gratings\PsychoPy\data/128037_Bar_vis_stim_devSB_v0.1_2024-11-13_12h34.57.554.psydat
10.0271 	INFO 	saved data to 'C:\\dev\\sipefield-gratings\\PsychoPy\\data/128037_Bar_vis_stim_devSB_v0.1_2024-11-13_12h34.57.554.csv'
