3.2583 	INFO 	Loaded monitor calibration from ['2024_06_27 19:13']
3.3566 	EXP 	Created window1 = Window(allowGUI=True, allowStencil=False, autoLog=True, backendConf=UNKNOWN, backgroundFit=<method-wrapper '__getattribute__' of attributeSetter object at 0x00000163782FC220>, backgroundImage=<method-wrapper '__getattribute__' of attributeSetter object at 0x00000163782FC1C0>, bitsMode=UNKNOWN, blendMode='avg', bpc=(8, 8, 8), color=array([0, 0, 0]), colorSpace='rgb', depthBits=8, fullscr=<method-wrapper '__getattribute__' of attributeSetter object at 0x00000163782F9FD0>, gamma=None, gammaErrorPolicy='raise', infoMsg=UNKNOWN, lms=UNKNOWN, monitor=<psychopy.monitors.calibTools.Monitor object at 0x000001637B3C3C40>, multiSample=False, name='window1', numSamples=2, pos=[1520.0, 780.0], screen=1, size=array([800, 600]), stencilBits=0, stereo=False, title='PsychoPy', units='height', useFBO=True, useRetina=False, viewOri=0.0, viewPos=None, viewScale=None, waitBlanking=True, winType='pyglet')
3.3566 	EXP 	window1: backgroundImage = ''
3.3567 	EXP 	window1: backgroundFit = 'none'
3.3567 	EXP 	window1: mouseVisible = <method-wrapper '__getattribute__' of attributeSetter object at 0x00000163782FC340>
3.3569 	EXP 	window1: mouseVisible = <method-wrapper '__getattribute__' of attributeSetter object at 0x00000163782FC340>
3.3578 	EXP 	window1: mouseVisible = <method-wrapper '__getattribute__' of attributeSetter object at 0x00000163782FC340>
3.3581 	EXP 	window1: mouseVisible = <method-wrapper '__getattribute__' of attributeSetter object at 0x00000163782FC340>
3.3607 	DEBUG 	TextBox2 loaded 1 chars with 0 blanks and 1 valid
3.3614 	DEBUG 	TextBox2 loaded 1 chars with 0 blanks and 1 valid
3.3621 	DEBUG 	TextBox2 loaded 1 chars with 0 blanks and 1 valid
3.3629 	DEBUG 	TextBox2 loaded 1 chars with 0 blanks and 1 valid
3.3637 	DEBUG 	TextBox2 loaded 1 chars with 0 blanks and 1 valid
3.3643 	DEBUG 	TextBox2 loaded 1 chars with 0 blanks and 1 valid
3.3649 	DEBUG 	TextBox2 loaded 1 chars with 0 blanks and 1 valid
3.3657 	DEBUG 	TextBox2 loaded 1 chars with 0 blanks and 1 valid
3.3662 	DEBUG 	TextBox2 loaded 1 chars with 0 blanks and 1 valid
3.3666 	DEBUG 	TextBox2 loaded 1 chars with 0 blanks and 1 valid
3.3674 	DEBUG 	TextBox2 loaded 1 chars with 0 blanks and 1 valid
3.3680 	DEBUG 	TextBox2 loaded 1 chars with 0 blanks and 1 valid
3.3687 	DEBUG 	TextBox2 loaded 1 chars with 0 blanks and 1 valid
3.3693 	DEBUG 	TextBox2 loaded 1 chars with 0 blanks and 1 valid
3.3699 	DEBUG 	TextBox2 loaded 1 chars with 0 blanks and 1 valid
3.3706 	DEBUG 	TextBox2 loaded 1 chars with 0 blanks and 1 valid
3.3713 	DEBUG 	TextBox2 loaded 1 chars with 0 blanks and 1 valid
3.3718 	DEBUG 	TextBox2 loaded 1 chars with 0 blanks and 1 valid
3.3724 	DEBUG 	TextBox2 loaded 1 chars with 0 blanks and 1 valid
3.3732 	DEBUG 	TextBox2 loaded 1 chars with 0 blanks and 1 valid
3.3737 	DEBUG 	TextBox2 loaded 1 chars with 0 blanks and 1 valid
3.3739 	DEBUG 	Uploading Texture Font fontname to graphics card
3.3772 	DEBUG 	Upload of Texture Font fontname complete
3.3780 	EXP 	window1: mouseVisible = <method-wrapper '__getattribute__' of attributeSetter object at 0x00000163782FC340>
3.3781 	EXP 	window1: mouseVisible = <method-wrapper '__getattribute__' of attributeSetter object at 0x00000163782FC340>
3.3784 	EXP 	window1: mouseVisible = <method-wrapper '__getattribute__' of attributeSetter object at 0x00000163782FC340>
3.3786 	EXP 	window1: mouseVisible = <method-wrapper '__getattribute__' of attributeSetter object at 0x00000163782FC340>
3.3808 	DEBUG 	TextBox2 loaded 1 chars with 0 blanks and 1 valid
3.3817 	DEBUG 	TextBox2 loaded 1 chars with 0 blanks and 1 valid
3.3824 	DEBUG 	TextBox2 loaded 1 chars with 0 blanks and 1 valid
3.3826 	DEBUG 	Uploading Texture Font fontname to graphics card
3.3835 	DEBUG 	Upload of Texture Font fontname complete
3.3848 	EXP 	window1: Attempting to measure frame rate of screen (1) ...
3.3848 	EXP 	window1: recordFrameIntervals = False
3.5501 	EXP 	window1: recordFrameIntervals = True
3.7323 	EXP 	Screen (1) actual frame rate measured at 60.57Hz
3.7324 	EXP 	window1: recordFrameIntervals = False
3.7325 	EXP 	window1: mouseVisible = True
3.7328 	EXP 	window1: mouseVisible = True
3.7329 	EXP 	window1: mouseVisible = True
3.7335 	EXP 	window1: mouseVisible = True
3.7340 	EXP 	window1: mouseVisible = True
3.7367 	DEBUG 	TextBox2 loaded 1 chars with 0 blanks and 1 valid
3.7373 	DEBUG 	TextBox2 loaded 1 chars with 0 blanks and 1 valid
3.7380 	DEBUG 	TextBox2 loaded 1 chars with 0 blanks and 1 valid
3.7389 	DEBUG 	TextBox2 loaded 1 chars with 0 blanks and 1 valid
3.7397 	DEBUG 	TextBox2 loaded 1 chars with 0 blanks and 1 valid
3.7406 	DEBUG 	TextBox2 loaded 1 chars with 0 blanks and 1 valid
3.7412 	DEBUG 	TextBox2 loaded 1 chars with 0 blanks and 1 valid
3.7420 	DEBUG 	TextBox2 loaded 1 chars with 0 blanks and 1 valid
3.7428 	DEBUG 	TextBox2 loaded 1 chars with 0 blanks and 1 valid
3.7436 	DEBUG 	TextBox2 loaded 1 chars with 0 blanks and 1 valid
3.7437 	DEBUG 	Uploading Texture Font fontname to graphics card
3.7440 	DEBUG 	Upload of Texture Font fontname complete
3.7449 	EXP 	window1: mouseVisible = True
3.7449 	EXP 	window1: mouseVisible = True
3.7453 	EXP 	window1: mouseVisible = True
3.7456 	EXP 	window1: mouseVisible = True
3.7551 	WARNING 	launchHubServer: If using the iohub mouse or eyetracker devices, fullScr should be True.
5.0023 	INFO 	keyboard.Keyboard is using iohub backend.
5.0023 	EXP 	Bar_vis_stim_devSB_v0.1: status = STARTED
5.0024 	EXP 	window1: mouseVisible = True
5.0028 	DEPRECATION 	Requiring a square power of two (e.g. 16 x 16, 256 x 256) texture but didn't receive one
5.0052 	EXP 	Created grating = GratingStim(__class__=<class 'psychopy.visual.grating.GratingStim'>, anchor='center', autoDraw=False, autoLog=True, blendmode='add', color=array([1., 1., 1.]), colorSpace='rgb', contrast=1.0, depth=-1.0, draggable=False, interpolate=True, mask=ndarray(...), maskParams=None, name='grating', opacity=1.0, ori=0.0, phase=array([0., 0.]), pos=array([0., 0.]), rgbPedestal=array([0., 0., 0.]), sf=array([4., 4.]), size=array([0.3, 1. ]), tex=None, texRes=128.0, units='pix', win=Window(...))
5.0053 	EXP 	window1: mouseVisible = True
5.0072 	EXP 	Created horizontal_right = Rect(__class__=<class 'psychopy.visual.rect.Rect'>, anchor=('center', 'center'), autoDraw=False, autoLog=True, closeShape=True, color=method-wrapper(...), colorSpace='rgb', contrast=None, depth=0.0, draggable=False, fillColor=ndarray(...), fillColorSpace='rgb', fillRGB=ndarray(...), interpolate=True, lineColor=array([1., 1., 1.]), lineColorSpace='rgb', lineRGB=array([1, 1, 1]), lineWidth=10.0, name='horizontal_right', opacity=1.0, ori=0.0, pos=array([0., 0.]), size=array([0.1, 1. ]), units='height', vertices=ndarray(...), win=Window(...))
5.0073 	EXP 	window1: mouseVisible = True
5.0086 	EXP 	Created gray_screen = ImageStim(__class__=<class 'psychopy.visual.image.ImageStim'>, anchor=('center', 'center'), autoLog=True, color=array([0., 0., 0.]), colorSpace='rgb', contrast=1.0, depth=-1.0, draggable=False, flipHoriz=False, flipVert=False, image=None, interpolate=True, mask=None, maskParams=None, name='gray_screen', opacity=1.0, ori=0.0, pos=array([0., 0.]), size=array([0.5, 0.5]), texRes=128.0, units='height', win=Window(...))
5.0086 	EXP 	window1: mouseVisible = True
5.0095 	EXP 	Created horlef = Rect(__class__=<class 'psychopy.visual.rect.Rect'>, anchor=('center', 'center'), autoDraw=False, autoLog=True, closeShape=True, color=method-wrapper(...), colorSpace='rgb', contrast=None, depth=0.0, draggable=False, fillColor=array([1, 1, 1]), fillColorSpace='rgb', fillRGB=array([1, 1, 1]), interpolate=True, lineColor=array([1., 1., 1.]), lineColorSpace='rgb', lineRGB=array([1, 1, 1]), lineWidth=10.0, name='horlef', opacity=1.0, ori=0.0, pos=array([0., 0.]), size=array([0.1, 1. ]), units='height', vertices=ndarray(...), win=Window(...))
5.0095 	EXP 	window1: mouseVisible = True
5.0103 	EXP 	Created vertical_down = Rect(__class__=<class 'psychopy.visual.rect.Rect'>, anchor=('center', 'center'), autoDraw=False, autoLog=True, closeShape=True, color=method-wrapper(...), colorSpace='rgb', contrast=None, depth=0.0, draggable=False, fillColor=array([1, 1, 1]), fillColorSpace='rgb', fillRGB=array([1, 1, 1]), interpolate=True, lineColor=array([1., 1., 1.]), lineColorSpace='rgb', lineRGB=array([1, 1, 1]), lineWidth=1.0, name='vertical_down', opacity=1.0, ori=0.0, pos=array([0., 0.]), size=array([2. , 0.1]), units='height', vertices=ndarray(...), win=Window(...))
5.0104 	EXP 	window1: mouseVisible = True
5.0115 	EXP 	Created gray_screen_2 = ImageStim(__class__=<class 'psychopy.visual.image.ImageStim'>, anchor=('center', 'center'), autoLog=True, color=array([0., 0., 0.]), colorSpace='rgb', contrast=1.0, depth=-1.0, draggable=False, flipHoriz=False, flipVert=False, image=None, interpolate=True, mask=None, maskParams=None, name='gray_screen_2', opacity=1.0, ori=0.0, pos=array([0., 0.]), size=array([0.5, 0.5]), texRes=128.0, units='height', win=Window(...))
5.0115 	EXP 	window1: mouseVisible = True
5.0124 	EXP 	Created vertical_up = Rect(__class__=<class 'psychopy.visual.rect.Rect'>, anchor=('center', 'center'), autoDraw=False, autoLog=True, closeShape=True, color=method-wrapper(...), colorSpace='rgb', contrast=None, depth=-2.0, draggable=False, fillColor=array([1, 1, 1]), fillColorSpace='rgb', fillRGB=array([1, 1, 1]), interpolate=True, lineColor=array([1., 1., 1.]), lineColorSpace='rgb', lineRGB=array([1, 1, 1]), lineWidth=1.0, name='vertical_up', opacity=1.0, ori=0.0, pos=array([0., 0.]), size=array([2. , 0.1]), units='height', vertices=ndarray(...), win=Window(...))
0.0383 	EXP 	grating: autoDraw = True
0.0383 	EXP 	grating: tex = None
10.0231 	EXP 	window1: mouseVisible = True
10.0238 	DEBUG 	Saving data for Bar_vis_stim_devSB_v0.1 ExperimentHandler
10.0243 	INFO 	saved data to C:\dev\sipefield-gratings\PsychoPy\data/128037_Bar_vis_stim_devSB_v0.1_2024-11-13_12h41.17.162.psydat
10.0246 	INFO 	saved data to 'C:\\dev\\sipefield-gratings\\PsychoPy\\data/128037_Bar_vis_stim_devSB_v0.1_2024-11-13_12h41.17.162.csv'
