3.2227 	INFO 	Loaded monitor calibration from ['2024_06_27 19:13']
3.3112 	EXP 	Created window1 = Window(allowGUI=True, allowStencil=False, autoLog=True, backendConf=UNKNOWN, backgroundFit=<method-wrapper '__getattribute__' of attributeSetter object at 0x0000025EC3D99CD0>, backgroundImage=<method-wrapper '__getattribute__' of attributeSetter object at 0x0000025EC3D99C70>, bitsMode=UNKNOWN, blendMode='avg', bpc=(8, 8, 8), color=array([0, 0, 0]), colorSpace='rgb', depthBits=8, fullscr=<method-wrapper '__getattribute__' of attributeSetter object at 0x0000025EC3D99AC0>, gamma=None, gammaErrorPolicy='raise', infoMsg=UNKNOWN, lms=UNKNOWN, monitor=<psychopy.monitors.calibTools.Monitor object at 0x0000025EC6E64730>, multiSample=False, name='window1', numSamples=2, pos=[1520.0, 780.0], screen=1, size=array([800, 600]), stencilBits=0, stereo=False, title='PsychoPy', units='height', useFBO=True, useRetina=False, viewOri=0.0, viewPos=None, viewScale=None, waitBlanking=True, winType='pyglet')
3.3112 	EXP 	window1: backgroundImage = ''
3.3112 	EXP 	window1: backgroundFit = 'none'
3.3113 	EXP 	window1: mouseVisible = <method-wrapper '__getattribute__' of attributeSetter object at 0x0000025EC3D99DF0>
3.3114 	EXP 	window1: mouseVisible = <method-wrapper '__getattribute__' of attributeSetter object at 0x0000025EC3D99DF0>
3.3124 	EXP 	window1: mouseVisible = <method-wrapper '__getattribute__' of attributeSetter object at 0x0000025EC3D99DF0>
3.3126 	EXP 	window1: mouseVisible = <method-wrapper '__getattribute__' of attributeSetter object at 0x0000025EC3D99DF0>
3.3152 	DEBUG 	TextBox2 loaded 1 chars with 0 blanks and 1 valid
3.3159 	DEBUG 	TextBox2 loaded 1 chars with 0 blanks and 1 valid
3.3166 	DEBUG 	TextBox2 loaded 1 chars with 0 blanks and 1 valid
3.3174 	DEBUG 	TextBox2 loaded 1 chars with 0 blanks and 1 valid
3.3182 	DEBUG 	TextBox2 loaded 1 chars with 0 blanks and 1 valid
3.3187 	DEBUG 	TextBox2 loaded 1 chars with 0 blanks and 1 valid
3.3194 	DEBUG 	TextBox2 loaded 1 chars with 0 blanks and 1 valid
3.3201 	DEBUG 	TextBox2 loaded 1 chars with 0 blanks and 1 valid
3.3206 	DEBUG 	TextBox2 loaded 1 chars with 0 blanks and 1 valid
3.3211 	DEBUG 	TextBox2 loaded 1 chars with 0 blanks and 1 valid
3.3217 	DEBUG 	TextBox2 loaded 1 chars with 0 blanks and 1 valid
3.3224 	DEBUG 	TextBox2 loaded 1 chars with 0 blanks and 1 valid
3.3230 	DEBUG 	TextBox2 loaded 1 chars with 0 blanks and 1 valid
3.3237 	DEBUG 	TextBox2 loaded 1 chars with 0 blanks and 1 valid
3.3243 	DEBUG 	TextBox2 loaded 1 chars with 0 blanks and 1 valid
3.3249 	DEBUG 	TextBox2 loaded 1 chars with 0 blanks and 1 valid
3.3256 	DEBUG 	TextBox2 loaded 1 chars with 0 blanks and 1 valid
3.3261 	DEBUG 	TextBox2 loaded 1 chars with 0 blanks and 1 valid
3.3266 	DEBUG 	TextBox2 loaded 1 chars with 0 blanks and 1 valid
3.3274 	DEBUG 	TextBox2 loaded 1 chars with 0 blanks and 1 valid
3.3279 	DEBUG 	TextBox2 loaded 1 chars with 0 blanks and 1 valid
3.3281 	DEBUG 	Uploading Texture Font fontname to graphics card
3.3293 	DEBUG 	Upload of Texture Font fontname complete
3.3301 	EXP 	window1: mouseVisible = <method-wrapper '__getattribute__' of attributeSetter object at 0x0000025EC3D99DF0>
3.3302 	EXP 	window1: mouseVisible = <method-wrapper '__getattribute__' of attributeSetter object at 0x0000025EC3D99DF0>
3.3305 	EXP 	window1: mouseVisible = <method-wrapper '__getattribute__' of attributeSetter object at 0x0000025EC3D99DF0>
3.3308 	EXP 	window1: mouseVisible = <method-wrapper '__getattribute__' of attributeSetter object at 0x0000025EC3D99DF0>
3.3329 	DEBUG 	TextBox2 loaded 1 chars with 0 blanks and 1 valid
3.3337 	DEBUG 	TextBox2 loaded 1 chars with 0 blanks and 1 valid
3.3345 	DEBUG 	TextBox2 loaded 1 chars with 0 blanks and 1 valid
3.3347 	DEBUG 	Uploading Texture Font fontname to graphics card
3.3359 	DEBUG 	Upload of Texture Font fontname complete
3.3372 	EXP 	window1: Attempting to measure frame rate of screen (1) ...
3.3372 	EXP 	window1: recordFrameIntervals = False
3.5031 	EXP 	window1: recordFrameIntervals = True
3.6855 	EXP 	Screen (1) actual frame rate measured at 60.44Hz
3.6856 	EXP 	window1: recordFrameIntervals = False
3.6856 	EXP 	window1: mouseVisible = True
3.6860 	EXP 	window1: mouseVisible = True
3.6863 	EXP 	window1: mouseVisible = True
3.6871 	EXP 	window1: mouseVisible = True
3.6878 	EXP 	window1: mouseVisible = True
3.6917 	DEBUG 	TextBox2 loaded 1 chars with 0 blanks and 1 valid
3.6924 	DEBUG 	TextBox2 loaded 1 chars with 0 blanks and 1 valid
3.6934 	DEBUG 	TextBox2 loaded 1 chars with 0 blanks and 1 valid
3.6944 	DEBUG 	TextBox2 loaded 1 chars with 0 blanks and 1 valid
3.6952 	DEBUG 	TextBox2 loaded 1 chars with 0 blanks and 1 valid
3.6960 	DEBUG 	TextBox2 loaded 1 chars with 0 blanks and 1 valid
3.6965 	DEBUG 	TextBox2 loaded 1 chars with 0 blanks and 1 valid
3.6972 	DEBUG 	TextBox2 loaded 1 chars with 0 blanks and 1 valid
3.6980 	DEBUG 	TextBox2 loaded 1 chars with 0 blanks and 1 valid
3.6988 	DEBUG 	TextBox2 loaded 1 chars with 0 blanks and 1 valid
3.6990 	DEBUG 	Uploading Texture Font fontname to graphics card
3.6994 	DEBUG 	Upload of Texture Font fontname complete
3.7003 	EXP 	window1: mouseVisible = True
3.7003 	EXP 	window1: mouseVisible = True
3.7006 	EXP 	window1: mouseVisible = True
3.7010 	EXP 	window1: mouseVisible = True
3.7105 	WARNING 	launchHubServer: If using the iohub mouse or eyetracker devices, fullScr should be True.
4.9468 	INFO 	keyboard.Keyboard is using iohub backend.
4.9469 	EXP 	Bar_vis_stim_devSB_v0.1: status = STARTED
4.9470 	EXP 	window1: mouseVisible = True
4.9473 	DEPRECATION 	Requiring a square power of two (e.g. 16 x 16, 256 x 256) texture but didn't receive one
4.9496 	EXP 	Created grating = GratingStim(__class__=<class 'psychopy.visual.grating.GratingStim'>, anchor='center', autoDraw=False, autoLog=True, blendmode='add', color=array([0., 0., 0.]), colorSpace='rgb', contrast=1.0, depth=-1.0, draggable=False, interpolate=True, mask=ndarray(...), maskParams=None, name='grating', opacity=1.0, ori=0.0, phase=array([0., 0.]), pos=array([0., 0.]), rgbPedestal=array([0., 0., 0.]), sf=array([4., 4.]), size=array([0.1, 1. ]), tex=None, texRes=128.0, units='height', win=Window(...))
4.9497 	EXP 	window1: mouseVisible = True
4.9544 	EXP 	Created horizontal_right = Rect(__class__=<class 'psychopy.visual.rect.Rect'>, anchor=('center', 'center'), autoDraw=False, autoLog=True, closeShape=True, color=method-wrapper(...), colorSpace='rgb', contrast=None, depth=0.0, draggable=False, fillColor=ndarray(...), fillColorSpace='rgb', fillRGB=ndarray(...), interpolate=True, lineColor=array([1., 1., 1.]), lineColorSpace='rgb', lineRGB=array([1, 1, 1]), lineWidth=10.0, name='horizontal_right', opacity=1.0, ori=0.0, pos=array([0., 0.]), size=array([0.1, 1. ]), units='height', vertices=ndarray(...), win=Window(...))
4.9544 	EXP 	window1: mouseVisible = True
4.9559 	EXP 	Created gray_screen = ImageStim(__class__=<class 'psychopy.visual.image.ImageStim'>, anchor=('center', 'center'), autoLog=True, color=array([0., 0., 0.]), colorSpace='rgb', contrast=1.0, depth=-1.0, draggable=False, flipHoriz=False, flipVert=False, image=None, interpolate=True, mask=None, maskParams=None, name='gray_screen', opacity=1.0, ori=0.0, pos=array([0., 0.]), size=array([0.5, 0.5]), texRes=128.0, units='height', win=Window(...))
4.9560 	EXP 	window1: mouseVisible = True
4.9567 	EXP 	Created horlef = Rect(__class__=<class 'psychopy.visual.rect.Rect'>, anchor=('center', 'center'), autoDraw=False, autoLog=True, closeShape=True, color=method-wrapper(...), colorSpace='rgb', contrast=None, depth=0.0, draggable=False, fillColor=array([1, 1, 1]), fillColorSpace='rgb', fillRGB=array([1, 1, 1]), interpolate=True, lineColor=array([1., 1., 1.]), lineColorSpace='rgb', lineRGB=array([1, 1, 1]), lineWidth=10.0, name='horlef', opacity=1.0, ori=0.0, pos=array([0., 0.]), size=array([0.1, 1. ]), units='height', vertices=ndarray(...), win=Window(...))
4.9568 	EXP 	window1: mouseVisible = True
4.9576 	EXP 	Created vertical_down = Rect(__class__=<class 'psychopy.visual.rect.Rect'>, anchor=('center', 'center'), autoDraw=False, autoLog=True, closeShape=True, color=method-wrapper(...), colorSpace='rgb', contrast=None, depth=0.0, draggable=False, fillColor=array([1, 1, 1]), fillColorSpace='rgb', fillRGB=array([1, 1, 1]), interpolate=True, lineColor=array([1., 1., 1.]), lineColorSpace='rgb', lineRGB=array([1, 1, 1]), lineWidth=1.0, name='vertical_down', opacity=1.0, ori=0.0, pos=array([0., 0.]), size=array([2. , 0.1]), units='height', vertices=ndarray(...), win=Window(...))
4.9576 	EXP 	window1: mouseVisible = True
4.9587 	EXP 	Created gray_screen_2 = ImageStim(__class__=<class 'psychopy.visual.image.ImageStim'>, anchor=('center', 'center'), autoLog=True, color=array([0., 0., 0.]), colorSpace='rgb', contrast=1.0, depth=-1.0, draggable=False, flipHoriz=False, flipVert=False, image=None, interpolate=True, mask=None, maskParams=None, name='gray_screen_2', opacity=1.0, ori=0.0, pos=array([0., 0.]), size=array([0.5, 0.5]), texRes=128.0, units='height', win=Window(...))
4.9587 	EXP 	window1: mouseVisible = True
4.9595 	EXP 	Created vertical_up = Rect(__class__=<class 'psychopy.visual.rect.Rect'>, anchor=('center', 'center'), autoDraw=False, autoLog=True, closeShape=True, color=method-wrapper(...), colorSpace='rgb', contrast=None, depth=-2.0, draggable=False, fillColor=array([1, 1, 1]), fillColorSpace='rgb', fillRGB=array([1, 1, 1]), interpolate=True, lineColor=array([1., 1., 1.]), lineColorSpace='rgb', lineRGB=array([1, 1, 1]), lineWidth=1.0, name='vertical_up', opacity=1.0, ori=0.0, pos=array([0., 0.]), size=array([2. , 0.1]), units='height', vertices=ndarray(...), win=Window(...))
0.0282 	EXP 	grating: autoDraw = True
0.0282 	EXP 	grating: tex = None
10.0277 	EXP 	window1: mouseVisible = True
10.0285 	DEBUG 	Saving data for Bar_vis_stim_devSB_v0.1 ExperimentHandler
10.0289 	INFO 	saved data to C:\dev\sipefield-gratings\PsychoPy\data/128037_Bar_vis_stim_devSB_v0.1_2024-11-13_12h46.36.000.psydat
10.0293 	INFO 	saved data to 'C:\\dev\\sipefield-gratings\\PsychoPy\\data/128037_Bar_vis_stim_devSB_v0.1_2024-11-13_12h46.36.000.csv'
