3.4179 	INFO 	Loaded monitor calibration from ['2024_06_27 19:13']
3.5059 	EXP 	Created window1 = Window(allowGUI=True, allowStencil=False, autoLog=True, backendConf=UNKNOWN, backgroundFit=<method-wrapper '__getattribute__' of attributeSetter object at 0x000001C9EADCAE50>, backgroundImage=<method-wrapper '__getattribute__' of attributeSetter object at 0x000001C9EADCADF0>, bitsMode=UNKNOWN, blendMode='avg', bpc=(8, 8, 8), color=array([0, 0, 0]), colorSpace='rgb', depthBits=8, fullscr=<method-wrapper '__getattribute__' of attributeSetter object at 0x000001C9EADCAC40>, gamma=None, gammaErrorPolicy='raise', infoMsg=UNKNOWN, lms=UNKNOWN, monitor=<psychopy.monitors.calibTools.Monitor object at 0x000001C9EDE948B0>, multiSample=False, name='window1', numSamples=2, pos=[1520.0, 780.0], screen=1, size=array([800, 600]), stencilBits=0, stereo=False, title='PsychoPy', units='height', useFBO=True, useRetina=False, viewOri=0.0, viewPos=None, viewScale=None, waitBlanking=True, winType='pyglet')
3.5059 	EXP 	window1: backgroundImage = ''
3.5059 	EXP 	window1: backgroundFit = 'none'
3.5060 	EXP 	window1: mouseVisible = <method-wrapper '__getattribute__' of attributeSetter object at 0x000001C9EADCAF70>
3.5062 	EXP 	window1: mouseVisible = <method-wrapper '__getattribute__' of attributeSetter object at 0x000001C9EADCAF70>
3.5071 	EXP 	window1: mouseVisible = <method-wrapper '__getattribute__' of attributeSetter object at 0x000001C9EADCAF70>
3.5074 	EXP 	window1: mouseVisible = <method-wrapper '__getattribute__' of attributeSetter object at 0x000001C9EADCAF70>
3.5100 	DEBUG 	TextBox2 loaded 1 chars with 0 blanks and 1 valid
3.5107 	DEBUG 	TextBox2 loaded 1 chars with 0 blanks and 1 valid
3.5115 	DEBUG 	TextBox2 loaded 1 chars with 0 blanks and 1 valid
3.5123 	DEBUG 	TextBox2 loaded 1 chars with 0 blanks and 1 valid
3.5130 	DEBUG 	TextBox2 loaded 1 chars with 0 blanks and 1 valid
3.5136 	DEBUG 	TextBox2 loaded 1 chars with 0 blanks and 1 valid
3.5142 	DEBUG 	TextBox2 loaded 1 chars with 0 blanks and 1 valid
3.5150 	DEBUG 	TextBox2 loaded 1 chars with 0 blanks and 1 valid
3.5155 	DEBUG 	TextBox2 loaded 1 chars with 0 blanks and 1 valid
3.5159 	DEBUG 	TextBox2 loaded 1 chars with 0 blanks and 1 valid
3.5166 	DEBUG 	TextBox2 loaded 1 chars with 0 blanks and 1 valid
3.5173 	DEBUG 	TextBox2 loaded 1 chars with 0 blanks and 1 valid
3.5180 	DEBUG 	TextBox2 loaded 1 chars with 0 blanks and 1 valid
3.5187 	DEBUG 	TextBox2 loaded 1 chars with 0 blanks and 1 valid
3.5194 	DEBUG 	TextBox2 loaded 1 chars with 0 blanks and 1 valid
3.5203 	DEBUG 	TextBox2 loaded 1 chars with 0 blanks and 1 valid
3.5210 	DEBUG 	TextBox2 loaded 1 chars with 0 blanks and 1 valid
3.5215 	DEBUG 	TextBox2 loaded 1 chars with 0 blanks and 1 valid
3.5220 	DEBUG 	TextBox2 loaded 1 chars with 0 blanks and 1 valid
3.5228 	DEBUG 	TextBox2 loaded 1 chars with 0 blanks and 1 valid
3.5234 	DEBUG 	TextBox2 loaded 1 chars with 0 blanks and 1 valid
3.5235 	DEBUG 	Uploading Texture Font fontname to graphics card
3.5248 	DEBUG 	Upload of Texture Font fontname complete
3.5257 	EXP 	window1: mouseVisible = <method-wrapper '__getattribute__' of attributeSetter object at 0x000001C9EADCAF70>
3.5258 	EXP 	window1: mouseVisible = <method-wrapper '__getattribute__' of attributeSetter object at 0x000001C9EADCAF70>
3.5261 	EXP 	window1: mouseVisible = <method-wrapper '__getattribute__' of attributeSetter object at 0x000001C9EADCAF70>
3.5264 	EXP 	window1: mouseVisible = <method-wrapper '__getattribute__' of attributeSetter object at 0x000001C9EADCAF70>
3.5285 	DEBUG 	TextBox2 loaded 1 chars with 0 blanks and 1 valid
3.5293 	DEBUG 	TextBox2 loaded 1 chars with 0 blanks and 1 valid
3.5301 	DEBUG 	TextBox2 loaded 1 chars with 0 blanks and 1 valid
3.5302 	DEBUG 	Uploading Texture Font fontname to graphics card
3.5306 	DEBUG 	Upload of Texture Font fontname complete
3.5317 	EXP 	window1: Attempting to measure frame rate of screen (1) ...
3.5317 	EXP 	window1: recordFrameIntervals = False
3.7050 	EXP 	window1: recordFrameIntervals = True
3.9041 	EXP 	Screen (1) actual frame rate measured at 59.86Hz
3.9042 	EXP 	window1: recordFrameIntervals = False
3.9043 	EXP 	window1: mouseVisible = True
3.9047 	EXP 	window1: mouseVisible = True
3.9049 	EXP 	window1: mouseVisible = True
3.9060 	EXP 	window1: mouseVisible = True
3.9068 	EXP 	window1: mouseVisible = True
3.9110 	DEBUG 	TextBox2 loaded 1 chars with 0 blanks and 1 valid
3.9117 	DEBUG 	TextBox2 loaded 1 chars with 0 blanks and 1 valid
3.9125 	DEBUG 	TextBox2 loaded 1 chars with 0 blanks and 1 valid
3.9133 	DEBUG 	TextBox2 loaded 1 chars with 0 blanks and 1 valid
3.9141 	DEBUG 	TextBox2 loaded 1 chars with 0 blanks and 1 valid
3.9150 	DEBUG 	TextBox2 loaded 1 chars with 0 blanks and 1 valid
3.9155 	DEBUG 	TextBox2 loaded 1 chars with 0 blanks and 1 valid
3.9163 	DEBUG 	TextBox2 loaded 1 chars with 0 blanks and 1 valid
3.9172 	DEBUG 	TextBox2 loaded 1 chars with 0 blanks and 1 valid
3.9179 	DEBUG 	TextBox2 loaded 1 chars with 0 blanks and 1 valid
3.9181 	DEBUG 	Uploading Texture Font fontname to graphics card
3.9185 	DEBUG 	Upload of Texture Font fontname complete
3.9194 	EXP 	window1: mouseVisible = True
3.9194 	EXP 	window1: mouseVisible = True
3.9198 	EXP 	window1: mouseVisible = True
3.9201 	EXP 	window1: mouseVisible = True
3.9296 	WARNING 	launchHubServer: If using the iohub mouse or eyetracker devices, fullScr should be True.
5.1778 	INFO 	keyboard.Keyboard is using iohub backend.
5.1778 	EXP 	Bar_vis_stim_devSB_v0.1: status = STARTED
5.1779 	EXP 	window1: mouseVisible = True
5.1784 	DEPRECATION 	Requiring a square power of two (e.g. 16 x 16, 256 x 256) texture but didn't receive one
5.1814 	EXP 	Created grating = GratingStim(__class__=<class 'psychopy.visual.grating.GratingStim'>, anchor='center', autoDraw=False, autoLog=True, blendmode='avg', color=array([1., 1., 1.]), colorSpace='rgb', contrast=1.0, depth=-1.0, draggable=False, interpolate=True, mask=ndarray(...), maskParams=None, name='grating', opacity=1.0, ori=0.0, phase=array([0., 0.]), pos=array([0., 0.]), rgbPedestal=array([0., 0., 0.]), sf=array([4., 4.]), size=array([ 3., 10.]), tex=None, texRes=128.0, units='height', win=Window(...))
5.1814 	EXP 	window1: mouseVisible = True
5.1834 	EXP 	Created horizontal_right = Rect(__class__=<class 'psychopy.visual.rect.Rect'>, anchor=('center', 'center'), autoDraw=False, autoLog=True, closeShape=True, color=method-wrapper(...), colorSpace='rgb', contrast=None, depth=0.0, draggable=False, fillColor=ndarray(...), fillColorSpace='rgb', fillRGB=ndarray(...), interpolate=True, lineColor=array([1., 1., 1.]), lineColorSpace='rgb', lineRGB=array([1, 1, 1]), lineWidth=10.0, name='horizontal_right', opacity=1.0, ori=0.0, pos=array([0., 0.]), size=array([0.1, 1. ]), units='height', vertices=ndarray(...), win=Window(...))
5.1834 	EXP 	window1: mouseVisible = True
5.1847 	EXP 	Created gray_screen = ImageStim(__class__=<class 'psychopy.visual.image.ImageStim'>, anchor=('center', 'center'), autoLog=True, color=array([0., 0., 0.]), colorSpace='rgb', contrast=1.0, depth=-1.0, draggable=False, flipHoriz=False, flipVert=False, image=None, interpolate=True, mask=None, maskParams=None, name='gray_screen', opacity=1.0, ori=0.0, pos=array([0., 0.]), size=array([0.5, 0.5]), texRes=128.0, units='height', win=Window(...))
5.1848 	EXP 	window1: mouseVisible = True
5.1855 	EXP 	Created horlef = Rect(__class__=<class 'psychopy.visual.rect.Rect'>, anchor=('center', 'center'), autoDraw=False, autoLog=True, closeShape=True, color=method-wrapper(...), colorSpace='rgb', contrast=None, depth=0.0, draggable=False, fillColor=array([1, 1, 1]), fillColorSpace='rgb', fillRGB=array([1, 1, 1]), interpolate=True, lineColor=array([1., 1., 1.]), lineColorSpace='rgb', lineRGB=array([1, 1, 1]), lineWidth=10.0, name='horlef', opacity=1.0, ori=0.0, pos=array([0., 0.]), size=array([0.1, 1. ]), units='height', vertices=ndarray(...), win=Window(...))
5.1856 	EXP 	window1: mouseVisible = True
5.1863 	EXP 	Created vertical_down = Rect(__class__=<class 'psychopy.visual.rect.Rect'>, anchor=('center', 'center'), autoDraw=False, autoLog=True, closeShape=True, color=method-wrapper(...), colorSpace='rgb', contrast=None, depth=0.0, draggable=False, fillColor=array([1, 1, 1]), fillColorSpace='rgb', fillRGB=array([1, 1, 1]), interpolate=True, lineColor=array([1., 1., 1.]), lineColorSpace='rgb', lineRGB=array([1, 1, 1]), lineWidth=1.0, name='vertical_down', opacity=1.0, ori=0.0, pos=array([0., 0.]), size=array([2. , 0.1]), units='height', vertices=ndarray(...), win=Window(...))
5.1863 	EXP 	window1: mouseVisible = True
5.1872 	EXP 	Created gray_screen_2 = ImageStim(__class__=<class 'psychopy.visual.image.ImageStim'>, anchor=('center', 'center'), autoLog=True, color=array([0., 0., 0.]), colorSpace='rgb', contrast=1.0, depth=-1.0, draggable=False, flipHoriz=False, flipVert=False, image=None, interpolate=True, mask=None, maskParams=None, name='gray_screen_2', opacity=1.0, ori=0.0, pos=array([0., 0.]), size=array([0.5, 0.5]), texRes=128.0, units='height', win=Window(...))
5.1872 	EXP 	window1: mouseVisible = True
5.1880 	EXP 	Created vertical_up = Rect(__class__=<class 'psychopy.visual.rect.Rect'>, anchor=('center', 'center'), autoDraw=False, autoLog=True, closeShape=True, color=method-wrapper(...), colorSpace='rgb', contrast=None, depth=-2.0, draggable=False, fillColor=array([1, 1, 1]), fillColorSpace='rgb', fillRGB=array([1, 1, 1]), interpolate=True, lineColor=array([1., 1., 1.]), lineColorSpace='rgb', lineRGB=array([1, 1, 1]), lineWidth=1.0, name='vertical_up', opacity=1.0, ori=0.0, pos=array([0., 0.]), size=array([2. , 0.1]), units='height', vertices=ndarray(...), win=Window(...))
0.0371 	EXP 	grating: autoDraw = True
0.0371 	EXP 	grating: tex = None
10.0292 	EXP 	window1: mouseVisible = True
10.0303 	DEBUG 	Saving data for Bar_vis_stim_devSB_v0.1 ExperimentHandler
10.0308 	INFO 	saved data to C:\dev\sipefield-gratings\PsychoPy\data/128037_Bar_vis_stim_devSB_v0.1_2024-11-12_21h33.47.782.psydat
10.0313 	INFO 	saved data to 'C:\\dev\\sipefield-gratings\\PsychoPy\\data/128037_Bar_vis_stim_devSB_v0.1_2024-11-12_21h33.47.782.csv'
