3.6594 	INFO 	Loaded monitor calibration from ['2024_06_27 19:13']
3.7585 	EXP 	Created window1 = Window(allowGUI=True, allowStencil=False, autoLog=True, backendConf=UNKNOWN, backgroundFit=<method-wrapper '__getattribute__' of attributeSetter object at 0x000001B73022AD00>, backgroundImage=<method-wrapper '__getattribute__' of attributeSetter object at 0x000001B73022ACA0>, bitsMode=UNKNOWN, blendMode='avg', bpc=(8, 8, 8), color=array([0, 0, 0]), colorSpace='rgb', depthBits=8, fullscr=<method-wrapper '__getattribute__' of attributeSetter object at 0x000001B73022AAF0>, gamma=None, gammaErrorPolicy='raise', infoMsg=UNKNOWN, lms=UNKNOWN, monitor=<psychopy.monitors.calibTools.Monitor object at 0x000001B7332F4760>, multiSample=False, name='window1', numSamples=2, pos=[1520.0, 780.0], screen=1, size=array([800, 600]), stencilBits=0, stereo=False, title='PsychoPy', units='height', useFBO=True, useRetina=False, viewOri=0.0, viewPos=None, viewScale=None, waitBlanking=True, winType='pyglet')
3.7586 	EXP 	window1: backgroundImage = ''
3.7586 	EXP 	window1: backgroundFit = 'none'
3.7587 	EXP 	window1: mouseVisible = <method-wrapper '__getattribute__' of attributeSetter object at 0x000001B73022AE20>
3.7588 	EXP 	window1: mouseVisible = <method-wrapper '__getattribute__' of attributeSetter object at 0x000001B73022AE20>
3.7598 	EXP 	window1: mouseVisible = <method-wrapper '__getattribute__' of attributeSetter object at 0x000001B73022AE20>
3.7601 	EXP 	window1: mouseVisible = <method-wrapper '__getattribute__' of attributeSetter object at 0x000001B73022AE20>
3.7627 	DEBUG 	TextBox2 loaded 1 chars with 0 blanks and 1 valid
3.7634 	DEBUG 	TextBox2 loaded 1 chars with 0 blanks and 1 valid
3.7641 	DEBUG 	TextBox2 loaded 1 chars with 0 blanks and 1 valid
3.7649 	DEBUG 	TextBox2 loaded 1 chars with 0 blanks and 1 valid
3.7657 	DEBUG 	TextBox2 loaded 1 chars with 0 blanks and 1 valid
3.7663 	DEBUG 	TextBox2 loaded 1 chars with 0 blanks and 1 valid
3.7669 	DEBUG 	TextBox2 loaded 1 chars with 0 blanks and 1 valid
3.7677 	DEBUG 	TextBox2 loaded 1 chars with 0 blanks and 1 valid
3.7682 	DEBUG 	TextBox2 loaded 1 chars with 0 blanks and 1 valid
3.7687 	DEBUG 	TextBox2 loaded 1 chars with 0 blanks and 1 valid
3.7693 	DEBUG 	TextBox2 loaded 1 chars with 0 blanks and 1 valid
3.7700 	DEBUG 	TextBox2 loaded 1 chars with 0 blanks and 1 valid
3.7706 	DEBUG 	TextBox2 loaded 1 chars with 0 blanks and 1 valid
3.7713 	DEBUG 	TextBox2 loaded 1 chars with 0 blanks and 1 valid
3.7719 	DEBUG 	TextBox2 loaded 1 chars with 0 blanks and 1 valid
3.7726 	DEBUG 	TextBox2 loaded 1 chars with 0 blanks and 1 valid
3.7733 	DEBUG 	TextBox2 loaded 1 chars with 0 blanks and 1 valid
3.7738 	DEBUG 	TextBox2 loaded 1 chars with 0 blanks and 1 valid
3.7743 	DEBUG 	TextBox2 loaded 1 chars with 0 blanks and 1 valid
3.7751 	DEBUG 	TextBox2 loaded 1 chars with 0 blanks and 1 valid
3.7757 	DEBUG 	TextBox2 loaded 1 chars with 0 blanks and 1 valid
3.7758 	DEBUG 	Uploading Texture Font fontname to graphics card
3.7771 	DEBUG 	Upload of Texture Font fontname complete
3.7779 	EXP 	window1: mouseVisible = <method-wrapper '__getattribute__' of attributeSetter object at 0x000001B73022AE20>
3.7780 	EXP 	window1: mouseVisible = <method-wrapper '__getattribute__' of attributeSetter object at 0x000001B73022AE20>
3.7783 	EXP 	window1: mouseVisible = <method-wrapper '__getattribute__' of attributeSetter object at 0x000001B73022AE20>
3.7785 	EXP 	window1: mouseVisible = <method-wrapper '__getattribute__' of attributeSetter object at 0x000001B73022AE20>
3.7807 	DEBUG 	TextBox2 loaded 1 chars with 0 blanks and 1 valid
3.7815 	DEBUG 	TextBox2 loaded 1 chars with 0 blanks and 1 valid
3.7823 	DEBUG 	TextBox2 loaded 1 chars with 0 blanks and 1 valid
3.7824 	DEBUG 	Uploading Texture Font fontname to graphics card
3.7829 	DEBUG 	Upload of Texture Font fontname complete
3.7839 	EXP 	window1: Attempting to measure frame rate of screen (1) ...
3.7839 	EXP 	window1: recordFrameIntervals = False
3.9553 	EXP 	window1: recordFrameIntervals = True
4.2538 	EXP 	Screen (1) actual frame rate measured at 60.44Hz
4.2539 	EXP 	window1: recordFrameIntervals = False
4.2540 	EXP 	window1: mouseVisible = True
4.2545 	EXP 	window1: mouseVisible = True
4.2547 	EXP 	window1: mouseVisible = True
4.2560 	EXP 	window1: mouseVisible = True
4.2572 	EXP 	window1: mouseVisible = True
4.2618 	DEBUG 	TextBox2 loaded 1 chars with 0 blanks and 1 valid
4.2625 	DEBUG 	TextBox2 loaded 1 chars with 0 blanks and 1 valid
4.2632 	DEBUG 	TextBox2 loaded 1 chars with 0 blanks and 1 valid
4.2640 	DEBUG 	TextBox2 loaded 1 chars with 0 blanks and 1 valid
4.2648 	DEBUG 	TextBox2 loaded 1 chars with 0 blanks and 1 valid
4.2657 	DEBUG 	TextBox2 loaded 1 chars with 0 blanks and 1 valid
4.2664 	DEBUG 	TextBox2 loaded 1 chars with 0 blanks and 1 valid
4.2673 	DEBUG 	TextBox2 loaded 1 chars with 0 blanks and 1 valid
4.2682 	DEBUG 	TextBox2 loaded 1 chars with 0 blanks and 1 valid
4.2690 	DEBUG 	TextBox2 loaded 1 chars with 0 blanks and 1 valid
4.2692 	DEBUG 	Uploading Texture Font fontname to graphics card
4.2696 	DEBUG 	Upload of Texture Font fontname complete
4.2704 	EXP 	window1: mouseVisible = True
4.2705 	EXP 	window1: mouseVisible = True
4.2708 	EXP 	window1: mouseVisible = True
4.2710 	EXP 	window1: mouseVisible = True
4.2804 	WARNING 	launchHubServer: If using the iohub mouse or eyetracker devices, fullScr should be True.
5.5254 	INFO 	keyboard.Keyboard is using iohub backend.
5.5254 	EXP 	Bar_vis_stim_devSB_v0.1: status = STARTED
5.5255 	EXP 	window1: mouseVisible = True
5.5269 	EXP 	Created grating = GratingStim(__class__=<class 'psychopy.visual.grating.GratingStim'>, anchor='center', autoDraw=False, autoLog=True, blendmode='add', color=array([-1., -1., -1.]), colorSpace='rgb', contrast=1.0, depth=-1.0, draggable=False, interpolate=True, mask=None, maskParams=None, name='grating', opacity=1.0, ori=0.0, phase=array([0., 0.]), pos=array([0., 0.]), rgbPedestal=array([0., 0., 0.]), sf=array([4., 4.]), size=array([0.2, 1. ]), tex=ndarray(...), texRes=128.0, units='height', win=Window(...))
5.5270 	EXP 	window1: mouseVisible = True
5.5317 	EXP 	Created horizontal_right = Rect(__class__=<class 'psychopy.visual.rect.Rect'>, anchor=('center', 'center'), autoDraw=False, autoLog=True, closeShape=True, color=method-wrapper(...), colorSpace='rgb', contrast=None, depth=0.0, draggable=False, fillColor=ndarray(...), fillColorSpace='rgb', fillRGB=ndarray(...), interpolate=True, lineColor=array([1., 1., 1.]), lineColorSpace='rgb', lineRGB=array([1, 1, 1]), lineWidth=10.0, name='horizontal_right', opacity=1.0, ori=0.0, pos=array([0., 0.]), size=array([0.1, 1. ]), units='height', vertices=ndarray(...), win=Window(...))
5.5318 	EXP 	window1: mouseVisible = True
5.5332 	EXP 	Created gray_screen = ImageStim(__class__=<class 'psychopy.visual.image.ImageStim'>, anchor=('center', 'center'), autoLog=True, color=array([0., 0., 0.]), colorSpace='rgb', contrast=1.0, depth=-1.0, draggable=False, flipHoriz=False, flipVert=False, image=None, interpolate=True, mask=None, maskParams=None, name='gray_screen', opacity=1.0, ori=0.0, pos=array([0., 0.]), size=array([0.5, 0.5]), texRes=128.0, units='height', win=Window(...))
5.5333 	EXP 	window1: mouseVisible = True
5.5341 	EXP 	Created horlef = Rect(__class__=<class 'psychopy.visual.rect.Rect'>, anchor=('center', 'center'), autoDraw=False, autoLog=True, closeShape=True, color=method-wrapper(...), colorSpace='rgb', contrast=None, depth=0.0, draggable=False, fillColor=array([1, 1, 1]), fillColorSpace='rgb', fillRGB=array([1, 1, 1]), interpolate=True, lineColor=array([1., 1., 1.]), lineColorSpace='rgb', lineRGB=array([1, 1, 1]), lineWidth=10.0, name='horlef', opacity=1.0, ori=0.0, pos=array([0., 0.]), size=array([0.1, 1. ]), units='height', vertices=ndarray(...), win=Window(...))
5.5342 	EXP 	window1: mouseVisible = True
5.5349 	EXP 	Created vertical_down = Rect(__class__=<class 'psychopy.visual.rect.Rect'>, anchor=('center', 'center'), autoDraw=False, autoLog=True, closeShape=True, color=method-wrapper(...), colorSpace='rgb', contrast=None, depth=0.0, draggable=False, fillColor=array([1, 1, 1]), fillColorSpace='rgb', fillRGB=array([1, 1, 1]), interpolate=True, lineColor=array([1., 1., 1.]), lineColorSpace='rgb', lineRGB=array([1, 1, 1]), lineWidth=1.0, name='vertical_down', opacity=1.0, ori=0.0, pos=array([0., 0.]), size=array([2. , 0.1]), units='height', vertices=ndarray(...), win=Window(...))
5.5349 	EXP 	window1: mouseVisible = True
5.5358 	EXP 	Created gray_screen_2 = ImageStim(__class__=<class 'psychopy.visual.image.ImageStim'>, anchor=('center', 'center'), autoLog=True, color=array([0., 0., 0.]), colorSpace='rgb', contrast=1.0, depth=-1.0, draggable=False, flipHoriz=False, flipVert=False, image=None, interpolate=True, mask=None, maskParams=None, name='gray_screen_2', opacity=1.0, ori=0.0, pos=array([0., 0.]), size=array([0.5, 0.5]), texRes=128.0, units='height', win=Window(...))
5.5358 	EXP 	window1: mouseVisible = True
5.5375 	EXP 	Created vertical_up = Rect(__class__=<class 'psychopy.visual.rect.Rect'>, anchor=('center', 'center'), autoDraw=False, autoLog=True, closeShape=True, color=method-wrapper(...), colorSpace='rgb', contrast=None, depth=-2.0, draggable=False, fillColor=array([1, 1, 1]), fillColorSpace='rgb', fillRGB=array([1, 1, 1]), interpolate=True, lineColor=array([1., 1., 1.]), lineColorSpace='rgb', lineRGB=array([1, 1, 1]), lineWidth=1.0, name='vertical_up', opacity=1.0, ori=0.0, pos=array([0., 0.]), size=array([2. , 0.1]), units='height', vertices=ndarray(...), win=Window(...))
0.0205 	DEPRECATION 	Requiring a square power of two (e.g. 16 x 16, 256 x 256) texture but didn't receive one
0.0371 	EXP 	grating: autoDraw = True
0.0371 	EXP 	grating: tex = <class 'numpy.ndarray'>
10.0205 	EXP 	window1: mouseVisible = True
10.0213 	DEBUG 	Saving data for Bar_vis_stim_devSB_v0.1 ExperimentHandler
10.0217 	INFO 	saved data to C:\dev\sipefield-gratings\PsychoPy\data/128037_Bar_vis_stim_devSB_v0.1_2024-11-13_12h59.25.815.psydat
10.0220 	INFO 	saved data to 'C:\\dev\\sipefield-gratings\\PsychoPy\\data/128037_Bar_vis_stim_devSB_v0.1_2024-11-13_12h59.25.815.csv'
