3.6033 	INFO 	Loaded monitor calibration from ['2024_06_27 19:13']
3.7075 	EXP 	Created window1 = Window(allowGUI=True, allowStencil=False, autoLog=True, backendConf=UNKNOWN, backgroundFit=<method-wrapper '__getattribute__' of attributeSetter object at 0x000001DF652DB5E0>, backgroundImage=<method-wrapper '__getattribute__' of attributeSetter object at 0x000001DF652DB580>, bitsMode=UNKNOWN, blendMode='avg', bpc=(8, 8, 8), color=array([0, 0, 0]), colorSpace='rgb', depthBits=8, fullscr=<method-wrapper '__getattribute__' of attributeSetter object at 0x000001DF652DB3D0>, gamma=None, gammaErrorPolicy='raise', infoMsg=UNKNOWN, lms=UNKNOWN, monitor=<psychopy.monitors.calibTools.Monitor object at 0x000001DF683A5040>, multiSample=False, name='window1', numSamples=2, pos=[1520.0, 780.0], screen=1, size=array([800, 600]), stencilBits=0, stereo=False, title='PsychoPy', units='height', useFBO=True, useRetina=False, viewOri=0.0, viewPos=None, viewScale=None, waitBlanking=True, winType='pyglet')
3.7075 	EXP 	window1: backgroundImage = ''
3.7075 	EXP 	window1: backgroundFit = 'none'
3.7076 	EXP 	window1: mouseVisible = <method-wrapper '__getattribute__' of attributeSetter object at 0x000001DF652DB700>
3.7077 	EXP 	window1: mouseVisible = <method-wrapper '__getattribute__' of attributeSetter object at 0x000001DF652DB700>
3.7087 	EXP 	window1: mouseVisible = <method-wrapper '__getattribute__' of attributeSetter object at 0x000001DF652DB700>
3.7090 	EXP 	window1: mouseVisible = <method-wrapper '__getattribute__' of attributeSetter object at 0x000001DF652DB700>
3.7116 	DEBUG 	TextBox2 loaded 1 chars with 0 blanks and 1 valid
3.7124 	DEBUG 	TextBox2 loaded 1 chars with 0 blanks and 1 valid
3.7131 	DEBUG 	TextBox2 loaded 1 chars with 0 blanks and 1 valid
3.7138 	DEBUG 	TextBox2 loaded 1 chars with 0 blanks and 1 valid
3.7146 	DEBUG 	TextBox2 loaded 1 chars with 0 blanks and 1 valid
3.7151 	DEBUG 	TextBox2 loaded 1 chars with 0 blanks and 1 valid
3.7158 	DEBUG 	TextBox2 loaded 1 chars with 0 blanks and 1 valid
3.7166 	DEBUG 	TextBox2 loaded 1 chars with 0 blanks and 1 valid
3.7171 	DEBUG 	TextBox2 loaded 1 chars with 0 blanks and 1 valid
3.7175 	DEBUG 	TextBox2 loaded 1 chars with 0 blanks and 1 valid
3.7182 	DEBUG 	TextBox2 loaded 1 chars with 0 blanks and 1 valid
3.7189 	DEBUG 	TextBox2 loaded 1 chars with 0 blanks and 1 valid
3.7195 	DEBUG 	TextBox2 loaded 1 chars with 0 blanks and 1 valid
3.7202 	DEBUG 	TextBox2 loaded 1 chars with 0 blanks and 1 valid
3.7208 	DEBUG 	TextBox2 loaded 1 chars with 0 blanks and 1 valid
3.7215 	DEBUG 	TextBox2 loaded 1 chars with 0 blanks and 1 valid
3.7222 	DEBUG 	TextBox2 loaded 1 chars with 0 blanks and 1 valid
3.7227 	DEBUG 	TextBox2 loaded 1 chars with 0 blanks and 1 valid
3.7232 	DEBUG 	TextBox2 loaded 1 chars with 0 blanks and 1 valid
3.7240 	DEBUG 	TextBox2 loaded 1 chars with 0 blanks and 1 valid
3.7246 	DEBUG 	TextBox2 loaded 1 chars with 0 blanks and 1 valid
3.7248 	DEBUG 	Uploading Texture Font fontname to graphics card
3.7382 	DEBUG 	Upload of Texture Font fontname complete
3.7390 	EXP 	window1: mouseVisible = <method-wrapper '__getattribute__' of attributeSetter object at 0x000001DF652DB700>
3.7391 	EXP 	window1: mouseVisible = <method-wrapper '__getattribute__' of attributeSetter object at 0x000001DF652DB700>
3.7394 	EXP 	window1: mouseVisible = <method-wrapper '__getattribute__' of attributeSetter object at 0x000001DF652DB700>
3.7397 	EXP 	window1: mouseVisible = <method-wrapper '__getattribute__' of attributeSetter object at 0x000001DF652DB700>
3.7418 	DEBUG 	TextBox2 loaded 1 chars with 0 blanks and 1 valid
3.7427 	DEBUG 	TextBox2 loaded 1 chars with 0 blanks and 1 valid
3.7434 	DEBUG 	TextBox2 loaded 1 chars with 0 blanks and 1 valid
3.7436 	DEBUG 	Uploading Texture Font fontname to graphics card
3.7506 	DEBUG 	Upload of Texture Font fontname complete
3.7526 	EXP 	window1: Attempting to measure frame rate of screen (1) ...
3.7526 	EXP 	window1: recordFrameIntervals = False
3.9420 	EXP 	window1: recordFrameIntervals = True
4.1425 	EXP 	Screen (1) actual frame rate measured at 59.20Hz
4.1425 	EXP 	window1: recordFrameIntervals = False
4.1426 	EXP 	window1: mouseVisible = True
4.1431 	EXP 	window1: mouseVisible = True
4.1433 	EXP 	window1: mouseVisible = True
4.1443 	EXP 	window1: mouseVisible = True
4.1451 	EXP 	window1: mouseVisible = True
4.1495 	DEBUG 	TextBox2 loaded 1 chars with 0 blanks and 1 valid
4.1507 	DEBUG 	TextBox2 loaded 1 chars with 0 blanks and 1 valid
4.1523 	DEBUG 	TextBox2 loaded 1 chars with 0 blanks and 1 valid
4.1541 	DEBUG 	TextBox2 loaded 1 chars with 0 blanks and 1 valid
4.1553 	DEBUG 	TextBox2 loaded 1 chars with 0 blanks and 1 valid
4.1562 	DEBUG 	TextBox2 loaded 1 chars with 0 blanks and 1 valid
4.1567 	DEBUG 	TextBox2 loaded 1 chars with 0 blanks and 1 valid
4.1575 	DEBUG 	TextBox2 loaded 1 chars with 0 blanks and 1 valid
4.1584 	DEBUG 	TextBox2 loaded 1 chars with 0 blanks and 1 valid
4.1591 	DEBUG 	TextBox2 loaded 1 chars with 0 blanks and 1 valid
4.1593 	DEBUG 	Uploading Texture Font fontname to graphics card
4.1596 	DEBUG 	Upload of Texture Font fontname complete
4.1605 	EXP 	window1: mouseVisible = True
4.1606 	EXP 	window1: mouseVisible = True
4.1611 	EXP 	window1: mouseVisible = True
4.1615 	EXP 	window1: mouseVisible = True
4.1710 	WARNING 	launchHubServer: If using the iohub mouse or eyetracker devices, fullScr should be True.
5.4234 	INFO 	keyboard.Keyboard is using iohub backend.
5.4235 	EXP 	Bar_vis_stim_devSB_v0.1: status = STARTED
5.4236 	EXP 	window1: mouseVisible = True
5.4541 	EXP 	window1: mouseVisible = True
5.4547 	DEBUG 	Saving data for Bar_vis_stim_devSB_v0.1 ExperimentHandler
5.4553 	INFO 	saved data to C:\dev\sipefield-gratings\PsychoPy\data/128037_Bar_vis_stim_devSB_v0.1_2024-11-13_13h22.13.901.psydat
5.4558 	INFO 	saved data to 'C:\\dev\\sipefield-gratings\\PsychoPy\\data/128037_Bar_vis_stim_devSB_v0.1_2024-11-13_13h22.13.901.csv'
