18.9587 	INFO 	Loaded monitor calibration from ['2024_06_27 19:13']
19.3334 	EXP 	Created window1 = Window(allowGUI=True, allowStencil=False, autoLog=True, backendConf=UNKNOWN, backgroundFit=<method-wrapper '__getattribute__' of attributeSetter object at 0x000002751BCFC190>, backgroundImage=<method-wrapper '__getattribute__' of attributeSetter object at 0x000002751BCFC130>, bitsMode=UNKNOWN, blendMode='avg', bpc=(8, 8, 8), color=array([0, 0, 0]), colorSpace='rgb', depthBits=8, fullscr=<method-wrapper '__getattribute__' of attributeSetter object at 0x000002751BCF9F40>, gamma=None, gammaErrorPolicy='raise', infoMsg=UNKNOWN, lms=UNKNOWN, monitor=<psychopy.monitors.calibTools.Monitor object at 0x000002751EDC3BB0>, multiSample=False, name='window1', numSamples=2, pos=[1520.0, 780.0], screen=1, size=array([800, 600]), stencilBits=0, stereo=False, title='PsychoPy', units='height', useFBO=True, useRetina=False, viewOri=0.0, viewPos=None, viewScale=None, waitBlanking=True, winType='pyglet')
19.3334 	EXP 	window1: backgroundImage = ''
19.3335 	EXP 	window1: backgroundFit = 'none'
19.3336 	EXP 	window1: mouseVisible = <method-wrapper '__getattribute__' of attributeSetter object at 0x000002751BCFC2B0>
19.3337 	EXP 	window1: mouseVisible = <method-wrapper '__getattribute__' of attributeSetter object at 0x000002751BCFC2B0>
19.3395 	EXP 	window1: mouseVisible = <method-wrapper '__getattribute__' of attributeSetter object at 0x000002751BCFC2B0>
19.3399 	EXP 	window1: mouseVisible = <method-wrapper '__getattribute__' of attributeSetter object at 0x000002751BCFC2B0>
19.3425 	DEBUG 	TextBox2 loaded 1 chars with 0 blanks and 1 valid
19.3432 	DEBUG 	TextBox2 loaded 1 chars with 0 blanks and 1 valid
19.3439 	DEBUG 	TextBox2 loaded 1 chars with 0 blanks and 1 valid
19.3447 	DEBUG 	TextBox2 loaded 1 chars with 0 blanks and 1 valid
19.3454 	DEBUG 	TextBox2 loaded 1 chars with 0 blanks and 1 valid
19.3460 	DEBUG 	TextBox2 loaded 1 chars with 0 blanks and 1 valid
19.3467 	DEBUG 	TextBox2 loaded 1 chars with 0 blanks and 1 valid
19.3474 	DEBUG 	TextBox2 loaded 1 chars with 0 blanks and 1 valid
19.3479 	DEBUG 	TextBox2 loaded 1 chars with 0 blanks and 1 valid
19.3484 	DEBUG 	TextBox2 loaded 1 chars with 0 blanks and 1 valid
19.3490 	DEBUG 	TextBox2 loaded 1 chars with 0 blanks and 1 valid
19.3497 	DEBUG 	TextBox2 loaded 1 chars with 0 blanks and 1 valid
19.3503 	DEBUG 	TextBox2 loaded 1 chars with 0 blanks and 1 valid
19.3510 	DEBUG 	TextBox2 loaded 1 chars with 0 blanks and 1 valid
19.3516 	DEBUG 	TextBox2 loaded 1 chars with 0 blanks and 1 valid
19.3523 	DEBUG 	TextBox2 loaded 1 chars with 0 blanks and 1 valid
19.3530 	DEBUG 	TextBox2 loaded 1 chars with 0 blanks and 1 valid
19.3535 	DEBUG 	TextBox2 loaded 1 chars with 0 blanks and 1 valid
19.3540 	DEBUG 	TextBox2 loaded 1 chars with 0 blanks and 1 valid
19.3548 	DEBUG 	TextBox2 loaded 1 chars with 0 blanks and 1 valid
19.3553 	DEBUG 	TextBox2 loaded 1 chars with 0 blanks and 1 valid
19.3555 	DEBUG 	Uploading Texture Font fontname to graphics card
19.3583 	DEBUG 	Upload of Texture Font fontname complete
19.3596 	EXP 	window1: mouseVisible = <method-wrapper '__getattribute__' of attributeSetter object at 0x000002751BCFC2B0>
19.3598 	EXP 	window1: mouseVisible = <method-wrapper '__getattribute__' of attributeSetter object at 0x000002751BCFC2B0>
19.3604 	EXP 	window1: mouseVisible = <method-wrapper '__getattribute__' of attributeSetter object at 0x000002751BCFC2B0>
19.3609 	EXP 	window1: mouseVisible = <method-wrapper '__getattribute__' of attributeSetter object at 0x000002751BCFC2B0>
19.3630 	DEBUG 	TextBox2 loaded 1 chars with 0 blanks and 1 valid
19.3638 	DEBUG 	TextBox2 loaded 1 chars with 0 blanks and 1 valid
19.3646 	DEBUG 	TextBox2 loaded 1 chars with 0 blanks and 1 valid
19.3648 	DEBUG 	Uploading Texture Font fontname to graphics card
19.3677 	DEBUG 	Upload of Texture Font fontname complete
19.3696 	EXP 	window1: Attempting to measure frame rate of screen (1) ...
19.3696 	EXP 	window1: recordFrameIntervals = False
19.5282 	EXP 	window1: recordFrameIntervals = True
19.7124 	EXP 	Screen (1) actual frame rate measured at 59.85Hz
19.7124 	EXP 	window1: recordFrameIntervals = False
19.7124 	EXP 	window1: mouseVisible = True
19.7126 	EXP 	window1: mouseVisible = True
19.7127 	EXP 	window1: mouseVisible = True
19.7131 	EXP 	window1: mouseVisible = True
19.7134 	EXP 	window1: mouseVisible = True
19.7164 	DEBUG 	TextBox2 loaded 1 chars with 0 blanks and 1 valid
19.7172 	DEBUG 	TextBox2 loaded 1 chars with 0 blanks and 1 valid
19.7181 	DEBUG 	TextBox2 loaded 1 chars with 0 blanks and 1 valid
19.7189 	DEBUG 	TextBox2 loaded 1 chars with 0 blanks and 1 valid
19.7197 	DEBUG 	TextBox2 loaded 1 chars with 0 blanks and 1 valid
19.7205 	DEBUG 	TextBox2 loaded 1 chars with 0 blanks and 1 valid
19.7211 	DEBUG 	TextBox2 loaded 1 chars with 0 blanks and 1 valid
19.7218 	DEBUG 	TextBox2 loaded 1 chars with 0 blanks and 1 valid
19.7226 	DEBUG 	TextBox2 loaded 1 chars with 0 blanks and 1 valid
19.7234 	DEBUG 	TextBox2 loaded 1 chars with 0 blanks and 1 valid
19.7235 	DEBUG 	Uploading Texture Font fontname to graphics card
19.7239 	DEBUG 	Upload of Texture Font fontname complete
19.7248 	EXP 	window1: mouseVisible = True
19.7249 	EXP 	window1: mouseVisible = True
19.7252 	EXP 	window1: mouseVisible = True
19.7254 	EXP 	window1: mouseVisible = True
19.7920 	WARNING 	launchHubServer: If using the iohub mouse or eyetracker devices, fullScr should be True.
21.4998 	INFO 	keyboard.Keyboard is using iohub backend.
21.4999 	EXP 	Bar_vis_stim_devSB_v0.1: status = STARTED
21.5000 	EXP 	window1: mouseVisible = True
21.5413 	EXP 	window1: mouseVisible = True
21.5419 	DEBUG 	Saving data for Bar_vis_stim_devSB_v0.1 ExperimentHandler
21.5423 	INFO 	saved data to C:\dev\sipefield-gratings\PsychoPy\data/128037_Bar_vis_stim_devSB_v0.1_2024-11-12_21h30.26.437.psydat
21.5427 	INFO 	saved data to 'C:\\dev\\sipefield-gratings\\PsychoPy\\data/128037_Bar_vis_stim_devSB_v0.1_2024-11-12_21h30.26.437.csv'
