3.4562 	INFO 	Loaded monitor calibration from ['2024_06_27 19:13']
3.5484 	EXP 	Created window1 = Window(allowGUI=True, allowStencil=False, autoLog=True, backendConf=UNKNOWN, backgroundFit=<method-wrapper '__getattribute__' of attributeSetter object at 0x000002347C74F040>, backgroundImage=<method-wrapper '__getattribute__' of attributeSetter object at 0x000002347C749FA0>, bitsMode=UNKNOWN, blendMode='avg', bpc=(8, 8, 8), color=array([0, 0, 0]), colorSpace='rgb', depthBits=8, fullscr=<method-wrapper '__getattribute__' of attributeSetter object at 0x000002347C749DF0>, gamma=None, gammaErrorPolicy='raise', infoMsg=UNKNOWN, lms=UNKNOWN, monitor=<psychopy.monitors.calibTools.Monitor object at 0x00000234000C3A60>, multiSample=False, name='window1', numSamples=2, pos=[1520.0, 780.0], screen=1, size=array([800, 600]), stencilBits=0, stereo=False, title='PsychoPy', units='height', useFBO=True, useRetina=False, viewOri=0.0, viewPos=None, viewScale=None, waitBlanking=True, winType='pyglet')
3.5485 	EXP 	window1: backgroundImage = ''
3.5485 	EXP 	window1: backgroundFit = 'none'
3.5486 	EXP 	window1: mouseVisible = <method-wrapper '__getattribute__' of attributeSetter object at 0x000002347C74F160>
3.5487 	EXP 	window1: mouseVisible = <method-wrapper '__getattribute__' of attributeSetter object at 0x000002347C74F160>
3.5496 	EXP 	window1: mouseVisible = <method-wrapper '__getattribute__' of attributeSetter object at 0x000002347C74F160>
3.5499 	EXP 	window1: mouseVisible = <method-wrapper '__getattribute__' of attributeSetter object at 0x000002347C74F160>
3.5525 	DEBUG 	TextBox2 loaded 1 chars with 0 blanks and 1 valid
3.5532 	DEBUG 	TextBox2 loaded 1 chars with 0 blanks and 1 valid
3.5539 	DEBUG 	TextBox2 loaded 1 chars with 0 blanks and 1 valid
3.5547 	DEBUG 	TextBox2 loaded 1 chars with 0 blanks and 1 valid
3.5555 	DEBUG 	TextBox2 loaded 1 chars with 0 blanks and 1 valid
3.5560 	DEBUG 	TextBox2 loaded 1 chars with 0 blanks and 1 valid
3.5567 	DEBUG 	TextBox2 loaded 1 chars with 0 blanks and 1 valid
3.5574 	DEBUG 	TextBox2 loaded 1 chars with 0 blanks and 1 valid
3.5579 	DEBUG 	TextBox2 loaded 1 chars with 0 blanks and 1 valid
3.5583 	DEBUG 	TextBox2 loaded 1 chars with 0 blanks and 1 valid
3.5590 	DEBUG 	TextBox2 loaded 1 chars with 0 blanks and 1 valid
3.5597 	DEBUG 	TextBox2 loaded 1 chars with 0 blanks and 1 valid
3.5603 	DEBUG 	TextBox2 loaded 1 chars with 0 blanks and 1 valid
3.5609 	DEBUG 	TextBox2 loaded 1 chars with 0 blanks and 1 valid
3.5615 	DEBUG 	TextBox2 loaded 1 chars with 0 blanks and 1 valid
3.5622 	DEBUG 	TextBox2 loaded 1 chars with 0 blanks and 1 valid
3.5629 	DEBUG 	TextBox2 loaded 1 chars with 0 blanks and 1 valid
3.5634 	DEBUG 	TextBox2 loaded 1 chars with 0 blanks and 1 valid
3.5639 	DEBUG 	TextBox2 loaded 1 chars with 0 blanks and 1 valid
3.5647 	DEBUG 	TextBox2 loaded 1 chars with 0 blanks and 1 valid
3.5652 	DEBUG 	TextBox2 loaded 1 chars with 0 blanks and 1 valid
3.5654 	DEBUG 	Uploading Texture Font fontname to graphics card
3.5667 	DEBUG 	Upload of Texture Font fontname complete
3.5675 	EXP 	window1: mouseVisible = <method-wrapper '__getattribute__' of attributeSetter object at 0x000002347C74F160>
3.5676 	EXP 	window1: mouseVisible = <method-wrapper '__getattribute__' of attributeSetter object at 0x000002347C74F160>
3.5679 	EXP 	window1: mouseVisible = <method-wrapper '__getattribute__' of attributeSetter object at 0x000002347C74F160>
3.5681 	EXP 	window1: mouseVisible = <method-wrapper '__getattribute__' of attributeSetter object at 0x000002347C74F160>
3.5703 	DEBUG 	TextBox2 loaded 1 chars with 0 blanks and 1 valid
3.5711 	DEBUG 	TextBox2 loaded 1 chars with 0 blanks and 1 valid
3.5719 	DEBUG 	TextBox2 loaded 1 chars with 0 blanks and 1 valid
3.5721 	DEBUG 	Uploading Texture Font fontname to graphics card
3.5724 	DEBUG 	Upload of Texture Font fontname complete
3.5735 	EXP 	window1: Attempting to measure frame rate of screen (1) ...
3.5735 	EXP 	window1: recordFrameIntervals = False
3.7298 	EXP 	window1: recordFrameIntervals = True
4.0626 	EXP 	Screen (1) actual frame rate measured at 61.07Hz
4.0626 	EXP 	window1: recordFrameIntervals = False
4.0626 	EXP 	window1: mouseVisible = True
4.0628 	EXP 	window1: mouseVisible = True
4.0629 	EXP 	window1: mouseVisible = True
4.0633 	EXP 	window1: mouseVisible = True
4.0635 	EXP 	window1: mouseVisible = True
4.0658 	DEBUG 	TextBox2 loaded 1 chars with 0 blanks and 1 valid
4.0665 	DEBUG 	TextBox2 loaded 1 chars with 0 blanks and 1 valid
4.0672 	DEBUG 	TextBox2 loaded 1 chars with 0 blanks and 1 valid
4.0680 	DEBUG 	TextBox2 loaded 1 chars with 0 blanks and 1 valid
4.0688 	DEBUG 	TextBox2 loaded 1 chars with 0 blanks and 1 valid
4.0696 	DEBUG 	TextBox2 loaded 1 chars with 0 blanks and 1 valid
4.0701 	DEBUG 	TextBox2 loaded 1 chars with 0 blanks and 1 valid
4.0709 	DEBUG 	TextBox2 loaded 1 chars with 0 blanks and 1 valid
4.0717 	DEBUG 	TextBox2 loaded 1 chars with 0 blanks and 1 valid
4.0724 	DEBUG 	TextBox2 loaded 1 chars with 0 blanks and 1 valid
4.0726 	DEBUG 	Uploading Texture Font fontname to graphics card
4.0729 	DEBUG 	Upload of Texture Font fontname complete
4.0739 	EXP 	window1: mouseVisible = True
4.0739 	EXP 	window1: mouseVisible = True
4.0742 	EXP 	window1: mouseVisible = True
4.0745 	EXP 	window1: mouseVisible = True
4.0841 	WARNING 	launchHubServer: If using the iohub mouse or eyetracker devices, fullScr should be True.
5.3240 	INFO 	keyboard.Keyboard is using iohub backend.
5.3240 	EXP 	Bar_vis_stim_devSB_v0.1: status = STARTED
5.3241 	EXP 	window1: mouseVisible = True
5.3245 	DEPRECATION 	Requiring a square power of two (e.g. 16 x 16, 256 x 256) texture but didn't receive one
5.3271 	EXP 	Created grating = GratingStim(__class__=<class 'psychopy.visual.grating.GratingStim'>, anchor='center', autoDraw=False, autoLog=True, blendmode='add', color=array([-1., -1., -1.]), colorSpace='rgb', contrast=1.0, depth=-1.0, draggable=False, interpolate=True, mask=ndarray(...), maskParams=None, name='grating', opacity=1.0, ori=0.0, phase=array([0., 0.]), pos=array([0., 0.]), rgbPedestal=array([0., 0., 0.]), sf=array([4., 4.]), size=array([0.1, 1. ]), tex=None, texRes=128.0, units='height', win=Window(...))
5.3271 	EXP 	window1: mouseVisible = True
5.3314 	EXP 	Created horizontal_right = Rect(__class__=<class 'psychopy.visual.rect.Rect'>, anchor=('center', 'center'), autoDraw=False, autoLog=True, closeShape=True, color=method-wrapper(...), colorSpace='rgb', contrast=None, depth=0.0, draggable=False, fillColor=ndarray(...), fillColorSpace='rgb', fillRGB=ndarray(...), interpolate=True, lineColor=array([1., 1., 1.]), lineColorSpace='rgb', lineRGB=array([1, 1, 1]), lineWidth=10.0, name='horizontal_right', opacity=1.0, ori=0.0, pos=array([0., 0.]), size=array([0.1, 1. ]), units='height', vertices=ndarray(...), win=Window(...))
5.3314 	EXP 	window1: mouseVisible = True
5.3334 	EXP 	Created gray_screen = ImageStim(__class__=<class 'psychopy.visual.image.ImageStim'>, anchor=('center', 'center'), autoLog=True, color=array([0., 0., 0.]), colorSpace='rgb', contrast=1.0, depth=-1.0, draggable=False, flipHoriz=False, flipVert=False, image=None, interpolate=True, mask=None, maskParams=None, name='gray_screen', opacity=1.0, ori=0.0, pos=array([0., 0.]), size=array([0.5, 0.5]), texRes=128.0, units='height', win=Window(...))
5.3334 	EXP 	window1: mouseVisible = True
5.3342 	EXP 	Created horlef = Rect(__class__=<class 'psychopy.visual.rect.Rect'>, anchor=('center', 'center'), autoDraw=False, autoLog=True, closeShape=True, color=method-wrapper(...), colorSpace='rgb', contrast=None, depth=0.0, draggable=False, fillColor=array([1, 1, 1]), fillColorSpace='rgb', fillRGB=array([1, 1, 1]), interpolate=True, lineColor=array([1., 1., 1.]), lineColorSpace='rgb', lineRGB=array([1, 1, 1]), lineWidth=10.0, name='horlef', opacity=1.0, ori=0.0, pos=array([0., 0.]), size=array([0.1, 1. ]), units='height', vertices=ndarray(...), win=Window(...))
5.3342 	EXP 	window1: mouseVisible = True
5.3349 	EXP 	Created vertical_down = Rect(__class__=<class 'psychopy.visual.rect.Rect'>, anchor=('center', 'center'), autoDraw=False, autoLog=True, closeShape=True, color=method-wrapper(...), colorSpace='rgb', contrast=None, depth=0.0, draggable=False, fillColor=array([1, 1, 1]), fillColorSpace='rgb', fillRGB=array([1, 1, 1]), interpolate=True, lineColor=array([1., 1., 1.]), lineColorSpace='rgb', lineRGB=array([1, 1, 1]), lineWidth=1.0, name='vertical_down', opacity=1.0, ori=0.0, pos=array([0., 0.]), size=array([2. , 0.1]), units='height', vertices=ndarray(...), win=Window(...))
5.3350 	EXP 	window1: mouseVisible = True
5.3359 	EXP 	Created gray_screen_2 = ImageStim(__class__=<class 'psychopy.visual.image.ImageStim'>, anchor=('center', 'center'), autoLog=True, color=array([0., 0., 0.]), colorSpace='rgb', contrast=1.0, depth=-1.0, draggable=False, flipHoriz=False, flipVert=False, image=None, interpolate=True, mask=None, maskParams=None, name='gray_screen_2', opacity=1.0, ori=0.0, pos=array([0., 0.]), size=array([0.5, 0.5]), texRes=128.0, units='height', win=Window(...))
5.3360 	EXP 	window1: mouseVisible = True
5.3368 	EXP 	Created vertical_up = Rect(__class__=<class 'psychopy.visual.rect.Rect'>, anchor=('center', 'center'), autoDraw=False, autoLog=True, closeShape=True, color=method-wrapper(...), colorSpace='rgb', contrast=None, depth=-2.0, draggable=False, fillColor=array([1, 1, 1]), fillColorSpace='rgb', fillRGB=array([1, 1, 1]), interpolate=True, lineColor=array([1., 1., 1.]), lineColorSpace='rgb', lineRGB=array([1, 1, 1]), lineWidth=1.0, name='vertical_up', opacity=1.0, ori=0.0, pos=array([0., 0.]), size=array([2. , 0.1]), units='height', vertices=ndarray(...), win=Window(...))
0.0338 	EXP 	grating: autoDraw = True
0.0338 	EXP 	grating: tex = None
10.0285 	EXP 	window1: mouseVisible = True
10.0294 	DEBUG 	Saving data for Bar_vis_stim_devSB_v0.1 ExperimentHandler
10.0298 	INFO 	saved data to C:\dev\sipefield-gratings\PsychoPy\data/128037_Bar_vis_stim_devSB_v0.1_2024-11-13_12h54.27.526.psydat
10.0301 	INFO 	saved data to 'C:\\dev\\sipefield-gratings\\PsychoPy\\data/128037_Bar_vis_stim_devSB_v0.1_2024-11-13_12h54.27.526.csv'
