3.6144 	INFO 	Loaded monitor calibration from ['2024_06_27 19:13']
3.6158 	WARNING 	Requested an unavailable screen number - using first available.
3.7007 	EXP 	Created window1 = Window(allowGUI=True, allowStencil=False, autoLog=True, backendConf=UNKNOWN, backgroundFit=<method-wrapper '__getattribute__' of attributeSetter object at 0x00000203EA91D640>, backgroundImage=<method-wrapper '__getattribute__' of attributeSetter object at 0x00000203EA91D5E0>, bitsMode=UNKNOWN, blendMode='avg', bpc=(8, 8, 8), color=array([0, 0, 0]), colorSpace='rgb', depthBits=8, fullscr=<method-wrapper '__getattribute__' of attributeSetter object at 0x00000203EA91D430>, gamma=None, gammaErrorPolicy='raise', infoMsg=UNKNOWN, lms=UNKNOWN, monitor=<psychopy.monitors.calibTools.Monitor object at 0x00000203ECA160A0>, multiSample=False, name='window1', numSamples=2, pos=[1520.0, 780.0], screen=1, size=array([800, 600]), stencilBits=0, stereo=False, title='PsychoPy', units='height', useFBO=True, useRetina=False, viewOri=0.0, viewPos=None, viewScale=None, waitBlanking=True, winType='pyglet')
3.7007 	EXP 	window1: backgroundImage = ''
3.7007 	EXP 	window1: backgroundFit = 'none'
3.7008 	EXP 	window1: mouseVisible = <method-wrapper '__getattribute__' of attributeSetter object at 0x00000203EA91D760>
3.7010 	EXP 	window1: mouseVisible = <method-wrapper '__getattribute__' of attributeSetter object at 0x00000203EA91D760>
3.7020 	EXP 	window1: mouseVisible = <method-wrapper '__getattribute__' of attributeSetter object at 0x00000203EA91D760>
3.7022 	EXP 	window1: mouseVisible = <method-wrapper '__getattribute__' of attributeSetter object at 0x00000203EA91D760>
3.7051 	DEBUG 	TextBox2 loaded 1 chars with 0 blanks and 1 valid
3.7058 	DEBUG 	TextBox2 loaded 1 chars with 0 blanks and 1 valid
3.7065 	DEBUG 	TextBox2 loaded 1 chars with 0 blanks and 1 valid
3.7073 	DEBUG 	TextBox2 loaded 1 chars with 0 blanks and 1 valid
3.7081 	DEBUG 	TextBox2 loaded 1 chars with 0 blanks and 1 valid
3.7087 	DEBUG 	TextBox2 loaded 1 chars with 0 blanks and 1 valid
3.7094 	DEBUG 	TextBox2 loaded 1 chars with 0 blanks and 1 valid
3.7101 	DEBUG 	TextBox2 loaded 1 chars with 0 blanks and 1 valid
3.7106 	DEBUG 	TextBox2 loaded 1 chars with 0 blanks and 1 valid
3.7111 	DEBUG 	TextBox2 loaded 1 chars with 0 blanks and 1 valid
3.7117 	DEBUG 	TextBox2 loaded 1 chars with 0 blanks and 1 valid
3.7124 	DEBUG 	TextBox2 loaded 1 chars with 0 blanks and 1 valid
3.7131 	DEBUG 	TextBox2 loaded 1 chars with 0 blanks and 1 valid
3.7138 	DEBUG 	TextBox2 loaded 1 chars with 0 blanks and 1 valid
3.7144 	DEBUG 	TextBox2 loaded 1 chars with 0 blanks and 1 valid
3.7151 	DEBUG 	TextBox2 loaded 1 chars with 0 blanks and 1 valid
3.7158 	DEBUG 	TextBox2 loaded 1 chars with 0 blanks and 1 valid
3.7164 	DEBUG 	TextBox2 loaded 1 chars with 0 blanks and 1 valid
3.7169 	DEBUG 	TextBox2 loaded 1 chars with 0 blanks and 1 valid
3.7177 	DEBUG 	TextBox2 loaded 1 chars with 0 blanks and 1 valid
3.7182 	DEBUG 	TextBox2 loaded 1 chars with 0 blanks and 1 valid
3.7184 	DEBUG 	Uploading Texture Font fontname to graphics card
3.7194 	DEBUG 	Upload of Texture Font fontname complete
3.7202 	EXP 	window1: mouseVisible = <method-wrapper '__getattribute__' of attributeSetter object at 0x00000203EA91D760>
3.7203 	EXP 	window1: mouseVisible = <method-wrapper '__getattribute__' of attributeSetter object at 0x00000203EA91D760>
3.7206 	EXP 	window1: mouseVisible = <method-wrapper '__getattribute__' of attributeSetter object at 0x00000203EA91D760>
3.7209 	EXP 	window1: mouseVisible = <method-wrapper '__getattribute__' of attributeSetter object at 0x00000203EA91D760>
3.7230 	DEBUG 	TextBox2 loaded 1 chars with 0 blanks and 1 valid
3.7239 	DEBUG 	TextBox2 loaded 1 chars with 0 blanks and 1 valid
3.7247 	DEBUG 	TextBox2 loaded 1 chars with 0 blanks and 1 valid
3.7248 	DEBUG 	Uploading Texture Font fontname to graphics card
3.7252 	DEBUG 	Upload of Texture Font fontname complete
3.7262 	EXP 	window1: Attempting to measure frame rate of screen (1) ...
3.7262 	EXP 	window1: recordFrameIntervals = False
3.8987 	EXP 	window1: recordFrameIntervals = True
4.2134 	EXP 	Screen (1) actual frame rate measured at 60.91Hz
4.2135 	EXP 	window1: recordFrameIntervals = False
4.2135 	EXP 	window1: mouseVisible = True
4.2139 	EXP 	window1: mouseVisible = True
4.2141 	EXP 	window1: mouseVisible = True
4.2149 	EXP 	window1: mouseVisible = True
4.2156 	EXP 	window1: mouseVisible = True
4.2187 	DEBUG 	TextBox2 loaded 1 chars with 0 blanks and 1 valid
4.2194 	DEBUG 	TextBox2 loaded 1 chars with 0 blanks and 1 valid
4.2202 	DEBUG 	TextBox2 loaded 1 chars with 0 blanks and 1 valid
4.2211 	DEBUG 	TextBox2 loaded 1 chars with 0 blanks and 1 valid
4.2219 	DEBUG 	TextBox2 loaded 1 chars with 0 blanks and 1 valid
4.2228 	DEBUG 	TextBox2 loaded 1 chars with 0 blanks and 1 valid
4.2233 	DEBUG 	TextBox2 loaded 1 chars with 0 blanks and 1 valid
4.2241 	DEBUG 	TextBox2 loaded 1 chars with 0 blanks and 1 valid
4.2249 	DEBUG 	TextBox2 loaded 1 chars with 0 blanks and 1 valid
4.2257 	DEBUG 	TextBox2 loaded 1 chars with 0 blanks and 1 valid
4.2259 	DEBUG 	Uploading Texture Font fontname to graphics card
4.2262 	DEBUG 	Upload of Texture Font fontname complete
4.2272 	EXP 	window1: mouseVisible = True
4.2273 	EXP 	window1: mouseVisible = True
4.2278 	EXP 	window1: mouseVisible = True
4.2281 	EXP 	window1: mouseVisible = True
4.2382 	WARNING 	launchHubServer: If using the iohub mouse or eyetracker devices, fullScr should be True.
5.4902 	INFO 	keyboard.Keyboard is using iohub backend.
5.4902 	EXP 	Bar_vis_stim_devSB_v0.1: status = STARTED
5.4903 	EXP 	window1: mouseVisible = True
5.4917 	EXP 	Created check = GratingStim(__class__=<class 'psychopy.visual.grating.GratingStim'>, anchor='center', autoDraw=False, autoLog=True, blendmode='avg', color=array([1., 1., 1.]), colorSpace='rgb', contrast=1.0, depth=-1.0, draggable=False, interpolate=True, mask=None, maskParams=None, name='check', opacity=1.0, ori=0.0, phase=array([1., 1.]), pos=array([0., 0.]), rgbPedestal=array([0., 0., 0.]), sf=array([1., 1.]), size=array([0.2, 1. ]), tex=ndarray(...), texRes=128.0, units='height', win=Window(...))
5.4918 	EXP 	window1: mouseVisible = True
5.4926 	EXP 	Created horlef = Rect(__class__=<class 'psychopy.visual.rect.Rect'>, anchor=('center', 'center'), autoDraw=False, autoLog=True, closeShape=True, color=method-wrapper(...), colorSpace='rgb', contrast=None, depth=0.0, draggable=False, fillColor=array([1, 1, 1]), fillColorSpace='rgb', fillRGB=array([1, 1, 1]), interpolate=True, lineColor=array([1., 1., 1.]), lineColorSpace='rgb', lineRGB=array([1, 1, 1]), lineWidth=10.0, name='horlef', opacity=1.0, ori=0.0, pos=array([0., 0.]), size=array([0.1, 1. ]), units='height', vertices=ndarray(...), win=Window(...))
5.4926 	EXP 	window1: mouseVisible = True
5.4933 	EXP 	Created vertical_down = Rect(__class__=<class 'psychopy.visual.rect.Rect'>, anchor=('center', 'center'), autoDraw=False, autoLog=True, closeShape=True, color=method-wrapper(...), colorSpace='rgb', contrast=None, depth=0.0, draggable=False, fillColor=array([1, 1, 1]), fillColorSpace='rgb', fillRGB=array([1, 1, 1]), interpolate=True, lineColor=array([1., 1., 1.]), lineColorSpace='rgb', lineRGB=array([1, 1, 1]), lineWidth=1.0, name='vertical_down', opacity=1.0, ori=0.0, pos=array([0., 0.]), size=array([2. , 0.1]), units='height', vertices=ndarray(...), win=Window(...))
5.4934 	EXP 	window1: mouseVisible = True
5.4948 	EXP 	Created gray_screen_2 = ImageStim(__class__=<class 'psychopy.visual.image.ImageStim'>, anchor=('center', 'center'), autoLog=True, color=array([0., 0., 0.]), colorSpace='rgb', contrast=1.0, depth=-1.0, draggable=False, flipHoriz=False, flipVert=False, image=None, interpolate=True, mask=None, maskParams=None, name='gray_screen_2', opacity=1.0, ori=0.0, pos=array([0., 0.]), size=array([0.5, 0.5]), texRes=128.0, units='height', win=Window(...))
5.4948 	EXP 	window1: mouseVisible = True
5.4960 	EXP 	Created vertical_up = Rect(__class__=<class 'psychopy.visual.rect.Rect'>, anchor=('center', 'center'), autoDraw=False, autoLog=True, closeShape=True, color=method-wrapper(...), colorSpace='rgb', contrast=None, depth=-2.0, draggable=False, fillColor=array([1, 1, 1]), fillColorSpace='rgb', fillRGB=array([1, 1, 1]), interpolate=True, lineColor=array([1., 1., 1.]), lineColorSpace='rgb', lineRGB=array([1, 1, 1]), lineWidth=1.0, name='vertical_up', opacity=1.0, ori=0.0, pos=array([0., 0.]), size=array([2. , 0.1]), units='height', vertices=ndarray(...), win=Window(...))
0.0283 	EXP 	window1: mouseVisible = True
0.0290 	DEBUG 	Saving data for Bar_vis_stim_devSB_v0.1 ExperimentHandler
0.0295 	INFO 	saved data to C:\dev\sipefield-gratings\PsychoPy\data/128037_Bar_vis_stim_devSB_v0.1_2024-11-14_19h34.56.364.psydat
0.0301 	INFO 	saved data to 'C:\\dev\\sipefield-gratings\\PsychoPy\\data/128037_Bar_vis_stim_devSB_v0.1_2024-11-14_19h34.56.364.csv'
