3.1907 	INFO 	Loaded monitor calibration from ['2024_06_27 19:13']
3.2893 	EXP 	Created window1 = Window(allowGUI=True, allowStencil=False, autoLog=True, backendConf=UNKNOWN, backgroundFit=<method-wrapper '__getattribute__' of attributeSetter object at 0x000002E636B29E20>, backgroundImage=<method-wrapper '__getattribute__' of attributeSetter object at 0x000002E636B29DC0>, bitsMode=UNKNOWN, blendMode='avg', bpc=(8, 8, 8), color=array([0, 0, 0]), colorSpace='rgb', depthBits=8, fullscr=<method-wrapper '__getattribute__' of attributeSetter object at 0x000002E636B29C10>, gamma=None, gammaErrorPolicy='raise', infoMsg=UNKNOWN, lms=UNKNOWN, monitor=<psychopy.monitors.calibTools.Monitor object at 0x000002E639BE4880>, multiSample=False, name='window1', numSamples=2, pos=[1520.0, 780.0], screen=1, size=array([800, 600]), stencilBits=0, stereo=False, title='PsychoPy', units='height', useFBO=True, useRetina=False, viewOri=0.0, viewPos=None, viewScale=None, waitBlanking=True, winType='pyglet')
3.2893 	EXP 	window1: backgroundImage = ''
3.2893 	EXP 	window1: backgroundFit = 'none'
3.2894 	EXP 	window1: mouseVisible = <method-wrapper '__getattribute__' of attributeSetter object at 0x000002E636B29F40>
3.2896 	EXP 	window1: mouseVisible = <method-wrapper '__getattribute__' of attributeSetter object at 0x000002E636B29F40>
3.2905 	EXP 	window1: mouseVisible = <method-wrapper '__getattribute__' of attributeSetter object at 0x000002E636B29F40>
3.2908 	EXP 	window1: mouseVisible = <method-wrapper '__getattribute__' of attributeSetter object at 0x000002E636B29F40>
3.2935 	DEBUG 	TextBox2 loaded 1 chars with 0 blanks and 1 valid
3.2942 	DEBUG 	TextBox2 loaded 1 chars with 0 blanks and 1 valid
3.2949 	DEBUG 	TextBox2 loaded 1 chars with 0 blanks and 1 valid
3.2957 	DEBUG 	TextBox2 loaded 1 chars with 0 blanks and 1 valid
3.2965 	DEBUG 	TextBox2 loaded 1 chars with 0 blanks and 1 valid
3.2970 	DEBUG 	TextBox2 loaded 1 chars with 0 blanks and 1 valid
3.2977 	DEBUG 	TextBox2 loaded 1 chars with 0 blanks and 1 valid
3.2985 	DEBUG 	TextBox2 loaded 1 chars with 0 blanks and 1 valid
3.2989 	DEBUG 	TextBox2 loaded 1 chars with 0 blanks and 1 valid
3.2994 	DEBUG 	TextBox2 loaded 1 chars with 0 blanks and 1 valid
3.3001 	DEBUG 	TextBox2 loaded 1 chars with 0 blanks and 1 valid
3.3008 	DEBUG 	TextBox2 loaded 1 chars with 0 blanks and 1 valid
3.3014 	DEBUG 	TextBox2 loaded 1 chars with 0 blanks and 1 valid
3.3021 	DEBUG 	TextBox2 loaded 1 chars with 0 blanks and 1 valid
3.3027 	DEBUG 	TextBox2 loaded 1 chars with 0 blanks and 1 valid
3.3034 	DEBUG 	TextBox2 loaded 1 chars with 0 blanks and 1 valid
3.3041 	DEBUG 	TextBox2 loaded 1 chars with 0 blanks and 1 valid
3.3046 	DEBUG 	TextBox2 loaded 1 chars with 0 blanks and 1 valid
3.3051 	DEBUG 	TextBox2 loaded 1 chars with 0 blanks and 1 valid
3.3059 	DEBUG 	TextBox2 loaded 1 chars with 0 blanks and 1 valid
3.3065 	DEBUG 	TextBox2 loaded 1 chars with 0 blanks and 1 valid
3.3067 	DEBUG 	Uploading Texture Font fontname to graphics card
3.3079 	DEBUG 	Upload of Texture Font fontname complete
3.3087 	EXP 	window1: mouseVisible = <method-wrapper '__getattribute__' of attributeSetter object at 0x000002E636B29F40>
3.3088 	EXP 	window1: mouseVisible = <method-wrapper '__getattribute__' of attributeSetter object at 0x000002E636B29F40>
3.3091 	EXP 	window1: mouseVisible = <method-wrapper '__getattribute__' of attributeSetter object at 0x000002E636B29F40>
3.3094 	EXP 	window1: mouseVisible = <method-wrapper '__getattribute__' of attributeSetter object at 0x000002E636B29F40>
3.3116 	DEBUG 	TextBox2 loaded 1 chars with 0 blanks and 1 valid
3.3124 	DEBUG 	TextBox2 loaded 1 chars with 0 blanks and 1 valid
3.3132 	DEBUG 	TextBox2 loaded 1 chars with 0 blanks and 1 valid
3.3134 	DEBUG 	Uploading Texture Font fontname to graphics card
3.3138 	DEBUG 	Upload of Texture Font fontname complete
3.3148 	EXP 	window1: Attempting to measure frame rate of screen (1) ...
3.3148 	EXP 	window1: recordFrameIntervals = False
3.4766 	EXP 	window1: recordFrameIntervals = True
3.7226 	EXP 	Screen (1) actual frame rate measured at 60.43Hz
3.7226 	EXP 	window1: recordFrameIntervals = False
3.7227 	EXP 	window1: mouseVisible = True
3.7229 	EXP 	window1: mouseVisible = True
3.7230 	EXP 	window1: mouseVisible = True
3.7233 	EXP 	window1: mouseVisible = True
3.7236 	EXP 	window1: mouseVisible = True
3.7260 	DEBUG 	TextBox2 loaded 1 chars with 0 blanks and 1 valid
3.7266 	DEBUG 	TextBox2 loaded 1 chars with 0 blanks and 1 valid
3.7273 	DEBUG 	TextBox2 loaded 1 chars with 0 blanks and 1 valid
3.7281 	DEBUG 	TextBox2 loaded 1 chars with 0 blanks and 1 valid
3.7289 	DEBUG 	TextBox2 loaded 1 chars with 0 blanks and 1 valid
3.7297 	DEBUG 	TextBox2 loaded 1 chars with 0 blanks and 1 valid
3.7303 	DEBUG 	TextBox2 loaded 1 chars with 0 blanks and 1 valid
3.7310 	DEBUG 	TextBox2 loaded 1 chars with 0 blanks and 1 valid
3.7318 	DEBUG 	TextBox2 loaded 1 chars with 0 blanks and 1 valid
3.7327 	DEBUG 	TextBox2 loaded 1 chars with 0 blanks and 1 valid
3.7329 	DEBUG 	Uploading Texture Font fontname to graphics card
3.7332 	DEBUG 	Upload of Texture Font fontname complete
3.7341 	EXP 	window1: mouseVisible = True
3.7342 	EXP 	window1: mouseVisible = True
3.7345 	EXP 	window1: mouseVisible = True
3.7348 	EXP 	window1: mouseVisible = True
3.7443 	WARNING 	launchHubServer: If using the iohub mouse or eyetracker devices, fullScr should be True.
4.9966 	INFO 	keyboard.Keyboard is using iohub backend.
4.9966 	EXP 	Bar_vis_stim_devSB_v0.1: status = STARTED
4.9967 	EXP 	window1: mouseVisible = True
4.9974 	DEPRECATION 	Requiring a square power of two (e.g. 16 x 16, 256 x 256) texture but didn't receive one
5.0006 	EXP 	Created grating = GratingStim(__class__=<class 'psychopy.visual.grating.GratingStim'>, anchor='center', autoDraw=False, autoLog=True, blendmode='add', color=array([1., 1., 1.]), colorSpace='rgb', contrast=1.0, depth=-1.0, draggable=False, interpolate=True, mask=ndarray(...), maskParams=None, name='grating', opacity=1.0, ori=0.0, phase=array([0., 0.]), pos=array([0., 0.]), rgbPedestal=array([0., 0., 0.]), sf=array([4., 4.]), size=array([0.1, 1. ]), tex=None, texRes=128.0, units='height', win=Window(...))
5.0007 	EXP 	window1: mouseVisible = True
5.0052 	EXP 	Created horizontal_right = Rect(__class__=<class 'psychopy.visual.rect.Rect'>, anchor=('center', 'center'), autoDraw=False, autoLog=True, closeShape=True, color=method-wrapper(...), colorSpace='rgb', contrast=None, depth=0.0, draggable=False, fillColor=ndarray(...), fillColorSpace='rgb', fillRGB=ndarray(...), interpolate=True, lineColor=array([1., 1., 1.]), lineColorSpace='rgb', lineRGB=array([1, 1, 1]), lineWidth=10.0, name='horizontal_right', opacity=1.0, ori=0.0, pos=array([0., 0.]), size=array([0.1, 1. ]), units='height', vertices=ndarray(...), win=Window(...))
5.0053 	EXP 	window1: mouseVisible = True
5.0064 	EXP 	Created gray_screen = ImageStim(__class__=<class 'psychopy.visual.image.ImageStim'>, anchor=('center', 'center'), autoLog=True, color=array([0., 0., 0.]), colorSpace='rgb', contrast=1.0, depth=-1.0, draggable=False, flipHoriz=False, flipVert=False, image=None, interpolate=True, mask=None, maskParams=None, name='gray_screen', opacity=1.0, ori=0.0, pos=array([0., 0.]), size=array([0.5, 0.5]), texRes=128.0, units='height', win=Window(...))
5.0065 	EXP 	window1: mouseVisible = True
5.0073 	EXP 	Created horlef = Rect(__class__=<class 'psychopy.visual.rect.Rect'>, anchor=('center', 'center'), autoDraw=False, autoLog=True, closeShape=True, color=method-wrapper(...), colorSpace='rgb', contrast=None, depth=0.0, draggable=False, fillColor=array([1, 1, 1]), fillColorSpace='rgb', fillRGB=array([1, 1, 1]), interpolate=True, lineColor=array([1., 1., 1.]), lineColorSpace='rgb', lineRGB=array([1, 1, 1]), lineWidth=10.0, name='horlef', opacity=1.0, ori=0.0, pos=array([0., 0.]), size=array([0.1, 1. ]), units='height', vertices=ndarray(...), win=Window(...))
5.0073 	EXP 	window1: mouseVisible = True
5.0080 	EXP 	Created vertical_down = Rect(__class__=<class 'psychopy.visual.rect.Rect'>, anchor=('center', 'center'), autoDraw=False, autoLog=True, closeShape=True, color=method-wrapper(...), colorSpace='rgb', contrast=None, depth=0.0, draggable=False, fillColor=array([1, 1, 1]), fillColorSpace='rgb', fillRGB=array([1, 1, 1]), interpolate=True, lineColor=array([1., 1., 1.]), lineColorSpace='rgb', lineRGB=array([1, 1, 1]), lineWidth=1.0, name='vertical_down', opacity=1.0, ori=0.0, pos=array([0., 0.]), size=array([2. , 0.1]), units='height', vertices=ndarray(...), win=Window(...))
5.0080 	EXP 	window1: mouseVisible = True
5.0090 	EXP 	Created gray_screen_2 = ImageStim(__class__=<class 'psychopy.visual.image.ImageStim'>, anchor=('center', 'center'), autoLog=True, color=array([0., 0., 0.]), colorSpace='rgb', contrast=1.0, depth=-1.0, draggable=False, flipHoriz=False, flipVert=False, image=None, interpolate=True, mask=None, maskParams=None, name='gray_screen_2', opacity=1.0, ori=0.0, pos=array([0., 0.]), size=array([0.5, 0.5]), texRes=128.0, units='height', win=Window(...))
5.0091 	EXP 	window1: mouseVisible = True
5.0099 	EXP 	Created vertical_up = Rect(__class__=<class 'psychopy.visual.rect.Rect'>, anchor=('center', 'center'), autoDraw=False, autoLog=True, closeShape=True, color=method-wrapper(...), colorSpace='rgb', contrast=None, depth=-2.0, draggable=False, fillColor=array([1, 1, 1]), fillColorSpace='rgb', fillRGB=array([1, 1, 1]), interpolate=True, lineColor=array([1., 1., 1.]), lineColorSpace='rgb', lineRGB=array([1, 1, 1]), lineWidth=1.0, name='vertical_up', opacity=1.0, ori=0.0, pos=array([0., 0.]), size=array([2. , 0.1]), units='height', vertices=ndarray(...), win=Window(...))
0.0338 	EXP 	grating: autoDraw = True
0.0338 	EXP 	grating: tex = None
10.0173 	EXP 	window1: mouseVisible = True
10.0181 	DEBUG 	Saving data for Bar_vis_stim_devSB_v0.1 ExperimentHandler
10.0186 	INFO 	saved data to C:\dev\sipefield-gratings\PsychoPy\data/128037_Bar_vis_stim_devSB_v0.1_2024-11-13_12h43.31.313.psydat
10.0190 	INFO 	saved data to 'C:\\dev\\sipefield-gratings\\PsychoPy\\data/128037_Bar_vis_stim_devSB_v0.1_2024-11-13_12h43.31.313.csv'
