2.8811 	INFO 	Loaded monitor calibration from ['2024_06_27 19:13']
2.9718 	EXP 	Created window1 = Window(allowGUI=True, allowStencil=False, autoLog=True, backendConf=UNKNOWN, backgroundFit=<method-wrapper '__getattribute__' of attributeSetter object at 0x000001FD1806F040>, backgroundImage=<method-wrapper '__getattribute__' of attributeSetter object at 0x000001FD18069FA0>, bitsMode=UNKNOWN, blendMode='avg', bpc=(8, 8, 8), color=array([0, 0, 0]), colorSpace='rgb', depthBits=8, fullscr=<method-wrapper '__getattribute__' of attributeSetter object at 0x000001FD18069DF0>, gamma=None, gammaErrorPolicy='raise', infoMsg=UNKNOWN, lms=UNKNOWN, monitor=<psychopy.monitors.calibTools.Monitor object at 0x000001FD1B133A60>, multiSample=False, name='window1', numSamples=2, pos=[1520.0, 780.0], screen=1, size=array([800, 600]), stencilBits=0, stereo=False, title='PsychoPy', units='height', useFBO=True, useRetina=False, viewOri=0.0, viewPos=None, viewScale=None, waitBlanking=True, winType='pyglet')
2.9718 	EXP 	window1: backgroundImage = ''
2.9719 	EXP 	window1: backgroundFit = 'none'
2.9720 	EXP 	window1: mouseVisible = <method-wrapper '__getattribute__' of attributeSetter object at 0x000001FD1806F160>
2.9721 	EXP 	window1: mouseVisible = <method-wrapper '__getattribute__' of attributeSetter object at 0x000001FD1806F160>
2.9730 	EXP 	window1: mouseVisible = <method-wrapper '__getattribute__' of attributeSetter object at 0x000001FD1806F160>
2.9733 	EXP 	window1: mouseVisible = <method-wrapper '__getattribute__' of attributeSetter object at 0x000001FD1806F160>
2.9759 	DEBUG 	TextBox2 loaded 1 chars with 0 blanks and 1 valid
2.9767 	DEBUG 	TextBox2 loaded 1 chars with 0 blanks and 1 valid
2.9775 	DEBUG 	TextBox2 loaded 1 chars with 0 blanks and 1 valid
2.9783 	DEBUG 	TextBox2 loaded 1 chars with 0 blanks and 1 valid
2.9791 	DEBUG 	TextBox2 loaded 1 chars with 0 blanks and 1 valid
2.9798 	DEBUG 	TextBox2 loaded 1 chars with 0 blanks and 1 valid
2.9805 	DEBUG 	TextBox2 loaded 1 chars with 0 blanks and 1 valid
2.9813 	DEBUG 	TextBox2 loaded 1 chars with 0 blanks and 1 valid
2.9818 	DEBUG 	TextBox2 loaded 1 chars with 0 blanks and 1 valid
2.9823 	DEBUG 	TextBox2 loaded 1 chars with 0 blanks and 1 valid
2.9830 	DEBUG 	TextBox2 loaded 1 chars with 0 blanks and 1 valid
2.9836 	DEBUG 	TextBox2 loaded 1 chars with 0 blanks and 1 valid
2.9843 	DEBUG 	TextBox2 loaded 1 chars with 0 blanks and 1 valid
2.9849 	DEBUG 	TextBox2 loaded 1 chars with 0 blanks and 1 valid
2.9855 	DEBUG 	TextBox2 loaded 1 chars with 0 blanks and 1 valid
2.9862 	DEBUG 	TextBox2 loaded 1 chars with 0 blanks and 1 valid
2.9869 	DEBUG 	TextBox2 loaded 1 chars with 0 blanks and 1 valid
2.9874 	DEBUG 	TextBox2 loaded 1 chars with 0 blanks and 1 valid
2.9880 	DEBUG 	TextBox2 loaded 1 chars with 0 blanks and 1 valid
2.9887 	DEBUG 	TextBox2 loaded 1 chars with 0 blanks and 1 valid
2.9893 	DEBUG 	TextBox2 loaded 1 chars with 0 blanks and 1 valid
2.9895 	DEBUG 	Uploading Texture Font fontname to graphics card
2.9906 	DEBUG 	Upload of Texture Font fontname complete
2.9915 	EXP 	window1: mouseVisible = <method-wrapper '__getattribute__' of attributeSetter object at 0x000001FD1806F160>
2.9916 	EXP 	window1: mouseVisible = <method-wrapper '__getattribute__' of attributeSetter object at 0x000001FD1806F160>
2.9919 	EXP 	window1: mouseVisible = <method-wrapper '__getattribute__' of attributeSetter object at 0x000001FD1806F160>
2.9921 	EXP 	window1: mouseVisible = <method-wrapper '__getattribute__' of attributeSetter object at 0x000001FD1806F160>
2.9948 	DEBUG 	TextBox2 loaded 1 chars with 0 blanks and 1 valid
2.9956 	DEBUG 	TextBox2 loaded 1 chars with 0 blanks and 1 valid
2.9965 	DEBUG 	TextBox2 loaded 1 chars with 0 blanks and 1 valid
2.9967 	DEBUG 	Uploading Texture Font fontname to graphics card
2.9971 	DEBUG 	Upload of Texture Font fontname complete
2.9982 	EXP 	window1: Attempting to measure frame rate of screen (1) ...
2.9982 	EXP 	window1: recordFrameIntervals = False
3.1639 	EXP 	window1: recordFrameIntervals = True
3.3639 	EXP 	Screen (1) actual frame rate measured at 59.94Hz
3.3639 	EXP 	window1: recordFrameIntervals = False
3.3639 	EXP 	window1: mouseVisible = True
3.3641 	EXP 	window1: mouseVisible = True
3.3642 	EXP 	window1: mouseVisible = True
3.3645 	EXP 	window1: mouseVisible = True
3.3648 	EXP 	window1: mouseVisible = True
3.3675 	DEBUG 	TextBox2 loaded 1 chars with 0 blanks and 1 valid
3.3681 	DEBUG 	TextBox2 loaded 1 chars with 0 blanks and 1 valid
3.3689 	DEBUG 	TextBox2 loaded 1 chars with 0 blanks and 1 valid
3.3697 	DEBUG 	TextBox2 loaded 1 chars with 0 blanks and 1 valid
3.3705 	DEBUG 	TextBox2 loaded 1 chars with 0 blanks and 1 valid
3.3713 	DEBUG 	TextBox2 loaded 1 chars with 0 blanks and 1 valid
3.3718 	DEBUG 	TextBox2 loaded 1 chars with 0 blanks and 1 valid
3.3726 	DEBUG 	TextBox2 loaded 1 chars with 0 blanks and 1 valid
3.3734 	DEBUG 	TextBox2 loaded 1 chars with 0 blanks and 1 valid
3.3742 	DEBUG 	TextBox2 loaded 1 chars with 0 blanks and 1 valid
3.3744 	DEBUG 	Uploading Texture Font fontname to graphics card
3.3747 	DEBUG 	Upload of Texture Font fontname complete
3.3756 	EXP 	window1: mouseVisible = True
3.3756 	EXP 	window1: mouseVisible = True
3.3760 	EXP 	window1: mouseVisible = True
3.3763 	EXP 	window1: mouseVisible = True
3.3861 	WARNING 	launchHubServer: If using the iohub mouse or eyetracker devices, fullScr should be True.
4.6238 	INFO 	keyboard.Keyboard is using iohub backend.
4.6238 	EXP 	Bar_vis_stim_devSB_v0.1: status = STARTED
4.6239 	EXP 	window1: mouseVisible = True
4.6246 	DEPRECATION 	Requiring a square power of two (e.g. 16 x 16, 256 x 256) texture but didn't receive one
4.6271 	EXP 	Created grating = GratingStim(__class__=<class 'psychopy.visual.grating.GratingStim'>, anchor='center', autoDraw=False, autoLog=True, blendmode='add', color=array([-1., -1., -1.]), colorSpace='rgb', contrast=1.0, depth=-1.0, draggable=False, interpolate=True, mask=ndarray(...), maskParams=None, name='grating', opacity=0.0, ori=0.0, phase=array([0., 0.]), pos=array([0., 0.]), rgbPedestal=array([0., 0., 0.]), sf=array([4., 4.]), size=array([0.1, 1. ]), tex=None, texRes=128.0, units='height', win=Window(...))
4.6271 	EXP 	window1: mouseVisible = True
4.6315 	EXP 	Created horizontal_right = Rect(__class__=<class 'psychopy.visual.rect.Rect'>, anchor=('center', 'center'), autoDraw=False, autoLog=True, closeShape=True, color=method-wrapper(...), colorSpace='rgb', contrast=None, depth=0.0, draggable=False, fillColor=ndarray(...), fillColorSpace='rgb', fillRGB=ndarray(...), interpolate=True, lineColor=array([1., 1., 1.]), lineColorSpace='rgb', lineRGB=array([1, 1, 1]), lineWidth=10.0, name='horizontal_right', opacity=1.0, ori=0.0, pos=array([0., 0.]), size=array([0.1, 1. ]), units='height', vertices=ndarray(...), win=Window(...))
4.6316 	EXP 	window1: mouseVisible = True
4.6327 	EXP 	Created gray_screen = ImageStim(__class__=<class 'psychopy.visual.image.ImageStim'>, anchor=('center', 'center'), autoLog=True, color=array([0., 0., 0.]), colorSpace='rgb', contrast=1.0, depth=-1.0, draggable=False, flipHoriz=False, flipVert=False, image=None, interpolate=True, mask=None, maskParams=None, name='gray_screen', opacity=1.0, ori=0.0, pos=array([0., 0.]), size=array([0.5, 0.5]), texRes=128.0, units='height', win=Window(...))
4.6328 	EXP 	window1: mouseVisible = True
4.6336 	EXP 	Created horlef = Rect(__class__=<class 'psychopy.visual.rect.Rect'>, anchor=('center', 'center'), autoDraw=False, autoLog=True, closeShape=True, color=method-wrapper(...), colorSpace='rgb', contrast=None, depth=0.0, draggable=False, fillColor=array([1, 1, 1]), fillColorSpace='rgb', fillRGB=array([1, 1, 1]), interpolate=True, lineColor=array([1., 1., 1.]), lineColorSpace='rgb', lineRGB=array([1, 1, 1]), lineWidth=10.0, name='horlef', opacity=1.0, ori=0.0, pos=array([0., 0.]), size=array([0.1, 1. ]), units='height', vertices=ndarray(...), win=Window(...))
4.6336 	EXP 	window1: mouseVisible = True
4.6343 	EXP 	Created vertical_down = Rect(__class__=<class 'psychopy.visual.rect.Rect'>, anchor=('center', 'center'), autoDraw=False, autoLog=True, closeShape=True, color=method-wrapper(...), colorSpace='rgb', contrast=None, depth=0.0, draggable=False, fillColor=array([1, 1, 1]), fillColorSpace='rgb', fillRGB=array([1, 1, 1]), interpolate=True, lineColor=array([1., 1., 1.]), lineColorSpace='rgb', lineRGB=array([1, 1, 1]), lineWidth=1.0, name='vertical_down', opacity=1.0, ori=0.0, pos=array([0., 0.]), size=array([2. , 0.1]), units='height', vertices=ndarray(...), win=Window(...))
4.6344 	EXP 	window1: mouseVisible = True
4.6352 	EXP 	Created gray_screen_2 = ImageStim(__class__=<class 'psychopy.visual.image.ImageStim'>, anchor=('center', 'center'), autoLog=True, color=array([0., 0., 0.]), colorSpace='rgb', contrast=1.0, depth=-1.0, draggable=False, flipHoriz=False, flipVert=False, image=None, interpolate=True, mask=None, maskParams=None, name='gray_screen_2', opacity=1.0, ori=0.0, pos=array([0., 0.]), size=array([0.5, 0.5]), texRes=128.0, units='height', win=Window(...))
4.6353 	EXP 	window1: mouseVisible = True
4.6360 	EXP 	Created vertical_up = Rect(__class__=<class 'psychopy.visual.rect.Rect'>, anchor=('center', 'center'), autoDraw=False, autoLog=True, closeShape=True, color=method-wrapper(...), colorSpace='rgb', contrast=None, depth=-2.0, draggable=False, fillColor=array([1, 1, 1]), fillColorSpace='rgb', fillRGB=array([1, 1, 1]), interpolate=True, lineColor=array([1., 1., 1.]), lineColorSpace='rgb', lineRGB=array([1, 1, 1]), lineWidth=1.0, name='vertical_up', opacity=1.0, ori=0.0, pos=array([0., 0.]), size=array([2. , 0.1]), units='height', vertices=ndarray(...), win=Window(...))
0.0280 	EXP 	grating: autoDraw = True
0.0280 	EXP 	grating: tex = None
10.0269 	EXP 	window1: mouseVisible = True
10.0283 	DEBUG 	Saving data for Bar_vis_stim_devSB_v0.1 ExperimentHandler
10.0287 	INFO 	saved data to C:\dev\sipefield-gratings\PsychoPy\data/128037_Bar_vis_stim_devSB_v0.1_2024-11-13_12h50.44.701.psydat
10.0291 	INFO 	saved data to 'C:\\dev\\sipefield-gratings\\PsychoPy\\data/128037_Bar_vis_stim_devSB_v0.1_2024-11-13_12h50.44.701.csv'
