3.2466 	INFO 	Loaded monitor calibration from ['2024_06_27 19:13']
3.2478 	WARNING 	Requested an unavailable screen number - using first available.
3.3312 	EXP 	Created window1 = Window(allowGUI=True, allowStencil=False, autoLog=True, backendConf=UNKNOWN, backgroundFit=<method-wrapper '__getattribute__' of attributeSetter object at 0x00000293F770CDC0>, backgroundImage=<method-wrapper '__getattribute__' of attributeSetter object at 0x00000293F770CD60>, bitsMode=UNKNOWN, blendMode='avg', bpc=(8, 8, 8), color=array([0, 0, 0]), colorSpace='rgb', depthBits=8, fullscr=<method-wrapper '__getattribute__' of attributeSetter object at 0x00000293F770CBB0>, gamma=None, gammaErrorPolicy='raise', infoMsg=UNKNOWN, lms=UNKNOWN, monitor=<psychopy.monitors.calibTools.Monitor object at 0x00000293F9804820>, multiSample=False, name='window1', numSamples=2, pos=[1520.0, 780.0], screen=1, size=array([800, 600]), stencilBits=0, stereo=False, title='PsychoPy', units='height', useFBO=True, useRetina=False, viewOri=0.0, viewPos=None, viewScale=None, waitBlanking=True, winType='pyglet')
3.3312 	EXP 	window1: backgroundImage = ''
3.3312 	EXP 	window1: backgroundFit = 'none'
3.3313 	EXP 	window1: mouseVisible = <method-wrapper '__getattribute__' of attributeSetter object at 0x00000293F770CEE0>
3.3315 	EXP 	window1: mouseVisible = <method-wrapper '__getattribute__' of attributeSetter object at 0x00000293F770CEE0>
3.3324 	EXP 	window1: mouseVisible = <method-wrapper '__getattribute__' of attributeSetter object at 0x00000293F770CEE0>
3.3327 	EXP 	window1: mouseVisible = <method-wrapper '__getattribute__' of attributeSetter object at 0x00000293F770CEE0>
3.3355 	DEBUG 	TextBox2 loaded 1 chars with 0 blanks and 1 valid
3.3362 	DEBUG 	TextBox2 loaded 1 chars with 0 blanks and 1 valid
3.3370 	DEBUG 	TextBox2 loaded 1 chars with 0 blanks and 1 valid
3.3378 	DEBUG 	TextBox2 loaded 1 chars with 0 blanks and 1 valid
3.3385 	DEBUG 	TextBox2 loaded 1 chars with 0 blanks and 1 valid
3.3391 	DEBUG 	TextBox2 loaded 1 chars with 0 blanks and 1 valid
3.3398 	DEBUG 	TextBox2 loaded 1 chars with 0 blanks and 1 valid
3.3406 	DEBUG 	TextBox2 loaded 1 chars with 0 blanks and 1 valid
3.3410 	DEBUG 	TextBox2 loaded 1 chars with 0 blanks and 1 valid
3.3415 	DEBUG 	TextBox2 loaded 1 chars with 0 blanks and 1 valid
3.3422 	DEBUG 	TextBox2 loaded 1 chars with 0 blanks and 1 valid
3.3430 	DEBUG 	TextBox2 loaded 1 chars with 0 blanks and 1 valid
3.3437 	DEBUG 	TextBox2 loaded 1 chars with 0 blanks and 1 valid
3.3443 	DEBUG 	TextBox2 loaded 1 chars with 0 blanks and 1 valid
3.3450 	DEBUG 	TextBox2 loaded 1 chars with 0 blanks and 1 valid
3.3457 	DEBUG 	TextBox2 loaded 1 chars with 0 blanks and 1 valid
3.3464 	DEBUG 	TextBox2 loaded 1 chars with 0 blanks and 1 valid
3.3469 	DEBUG 	TextBox2 loaded 1 chars with 0 blanks and 1 valid
3.3475 	DEBUG 	TextBox2 loaded 1 chars with 0 blanks and 1 valid
3.3483 	DEBUG 	TextBox2 loaded 1 chars with 0 blanks and 1 valid
3.3489 	DEBUG 	TextBox2 loaded 1 chars with 0 blanks and 1 valid
3.3491 	DEBUG 	Uploading Texture Font fontname to graphics card
3.3504 	DEBUG 	Upload of Texture Font fontname complete
3.3513 	EXP 	window1: mouseVisible = <method-wrapper '__getattribute__' of attributeSetter object at 0x00000293F770CEE0>
3.3514 	EXP 	window1: mouseVisible = <method-wrapper '__getattribute__' of attributeSetter object at 0x00000293F770CEE0>
3.3518 	EXP 	window1: mouseVisible = <method-wrapper '__getattribute__' of attributeSetter object at 0x00000293F770CEE0>
3.3522 	EXP 	window1: mouseVisible = <method-wrapper '__getattribute__' of attributeSetter object at 0x00000293F770CEE0>
3.3547 	DEBUG 	TextBox2 loaded 1 chars with 0 blanks and 1 valid
3.3556 	DEBUG 	TextBox2 loaded 1 chars with 0 blanks and 1 valid
3.3564 	DEBUG 	TextBox2 loaded 1 chars with 0 blanks and 1 valid
3.3566 	DEBUG 	Uploading Texture Font fontname to graphics card
3.3571 	DEBUG 	Upload of Texture Font fontname complete
3.3581 	EXP 	window1: Attempting to measure frame rate of screen (1) ...
3.3582 	EXP 	window1: recordFrameIntervals = False
3.5232 	EXP 	window1: recordFrameIntervals = True
3.7547 	EXP 	Screen (1) actual frame rate measured at 60.78Hz
3.7547 	EXP 	window1: recordFrameIntervals = False
3.7548 	EXP 	window1: mouseVisible = True
3.7551 	EXP 	window1: mouseVisible = True
3.7553 	EXP 	window1: mouseVisible = True
3.7560 	EXP 	window1: mouseVisible = True
3.7565 	EXP 	window1: mouseVisible = True
3.7595 	DEBUG 	TextBox2 loaded 1 chars with 0 blanks and 1 valid
3.7601 	DEBUG 	TextBox2 loaded 1 chars with 0 blanks and 1 valid
3.7608 	DEBUG 	TextBox2 loaded 1 chars with 0 blanks and 1 valid
3.7617 	DEBUG 	TextBox2 loaded 1 chars with 0 blanks and 1 valid
3.7625 	DEBUG 	TextBox2 loaded 1 chars with 0 blanks and 1 valid
3.7633 	DEBUG 	TextBox2 loaded 1 chars with 0 blanks and 1 valid
3.7638 	DEBUG 	TextBox2 loaded 1 chars with 0 blanks and 1 valid
3.7646 	DEBUG 	TextBox2 loaded 1 chars with 0 blanks and 1 valid
3.7653 	DEBUG 	TextBox2 loaded 1 chars with 0 blanks and 1 valid
3.7661 	DEBUG 	TextBox2 loaded 1 chars with 0 blanks and 1 valid
3.7663 	DEBUG 	Uploading Texture Font fontname to graphics card
3.7667 	DEBUG 	Upload of Texture Font fontname complete
3.7675 	EXP 	window1: mouseVisible = True
3.7676 	EXP 	window1: mouseVisible = True
3.7680 	EXP 	window1: mouseVisible = True
3.7683 	EXP 	window1: mouseVisible = True
3.7781 	WARNING 	launchHubServer: If using the iohub mouse or eyetracker devices, fullScr should be True.
5.0158 	INFO 	keyboard.Keyboard is using iohub backend.
5.0158 	EXP 	Bar_vis_stim_devSB_v0.1: status = STARTED
5.0159 	EXP 	window1: mouseVisible = True
5.0174 	EXP 	Created move_right = GratingStim(__class__=<class 'psychopy.visual.grating.GratingStim'>, anchor='center', autoDraw=False, autoLog=True, blendmode='avg', color=array([1., 1., 1.]), colorSpace='rgb', contrast=1.0, depth=-1.0, draggable=False, interpolate=True, mask=None, maskParams=None, name='move_right', opacity=1.0, ori=0.0, phase=array([1., 1.]), pos=array([0., 0.]), rgbPedestal=array([0., 0., 0.]), sf=array([1., 1.]), size=array([0.2, 1. ]), tex=ndarray(...), texRes=128.0, units='height', win=Window(...))
5.0174 	EXP 	window1: mouseVisible = True
5.0188 	EXP 	Created gray_screen_3 = ImageStim(__class__=<class 'psychopy.visual.image.ImageStim'>, anchor=('center', 'center'), autoLog=True, color=array([0., 0., 0.]), colorSpace='rgb', contrast=1.0, depth=-2.0, draggable=False, flipHoriz=False, flipVert=False, image=None, interpolate=True, mask=None, maskParams=None, name='gray_screen_3', opacity=1.0, ori=0.0, pos=array([0., 0.]), size=array([0.5, 0.5]), texRes=128.0, units='height', win=Window(...))
5.0188 	EXP 	window1: mouseVisible = True
5.0199 	EXP 	Created move_left = GratingStim(__class__=<class 'psychopy.visual.grating.GratingStim'>, anchor='center', autoDraw=False, autoLog=True, blendmode='avg', color=array([1., 1., 1.]), colorSpace='rgb', contrast=1.0, depth=-3.0, draggable=False, interpolate=True, mask=None, maskParams=None, name='move_left', opacity=1.0, ori=0.0, phase=array([1., 1.]), pos=array([0., 0.]), rgbPedestal=array([0., 0., 0.]), sf=array([1., 1.]), size=array([0.2, 1. ]), tex=ndarray(...), texRes=128.0, units='height', win=Window(...))
5.0200 	EXP 	window1: mouseVisible = True
5.0208 	EXP 	Created horlef = Rect(__class__=<class 'psychopy.visual.rect.Rect'>, anchor=('center', 'center'), autoDraw=False, autoLog=True, closeShape=True, color=method-wrapper(...), colorSpace='rgb', contrast=None, depth=0.0, draggable=False, fillColor=array([1, 1, 1]), fillColorSpace='rgb', fillRGB=array([1, 1, 1]), interpolate=True, lineColor=array([1., 1., 1.]), lineColorSpace='rgb', lineRGB=array([1, 1, 1]), lineWidth=10.0, name='horlef', opacity=1.0, ori=0.0, pos=array([0., 0.]), size=array([0.1, 1. ]), units='height', vertices=ndarray(...), win=Window(...))
5.0209 	EXP 	window1: mouseVisible = True
5.0217 	EXP 	Created vertical_down = Rect(__class__=<class 'psychopy.visual.rect.Rect'>, anchor=('center', 'center'), autoDraw=False, autoLog=True, closeShape=True, color=method-wrapper(...), colorSpace='rgb', contrast=None, depth=0.0, draggable=False, fillColor=array([1, 1, 1]), fillColorSpace='rgb', fillRGB=array([1, 1, 1]), interpolate=True, lineColor=array([1., 1., 1.]), lineColorSpace='rgb', lineRGB=array([1, 1, 1]), lineWidth=1.0, name='vertical_down', opacity=1.0, ori=0.0, pos=array([0., 0.]), size=array([2. , 0.1]), units='height', vertices=ndarray(...), win=Window(...))
5.0217 	EXP 	window1: mouseVisible = True
5.0226 	EXP 	Created gray_screen_2 = ImageStim(__class__=<class 'psychopy.visual.image.ImageStim'>, anchor=('center', 'center'), autoLog=True, color=array([0., 0., 0.]), colorSpace='rgb', contrast=1.0, depth=-1.0, draggable=False, flipHoriz=False, flipVert=False, image=None, interpolate=True, mask=None, maskParams=None, name='gray_screen_2', opacity=1.0, ori=0.0, pos=array([0., 0.]), size=array([0.5, 0.5]), texRes=128.0, units='height', win=Window(...))
5.0226 	EXP 	window1: mouseVisible = True
5.0234 	EXP 	Created vertical_up = Rect(__class__=<class 'psychopy.visual.rect.Rect'>, anchor=('center', 'center'), autoDraw=False, autoLog=True, closeShape=True, color=method-wrapper(...), colorSpace='rgb', contrast=None, depth=-2.0, draggable=False, fillColor=array([1, 1, 1]), fillColorSpace='rgb', fillRGB=array([1, 1, 1]), interpolate=True, lineColor=array([1., 1., 1.]), lineColorSpace='rgb', lineRGB=array([1, 1, 1]), lineWidth=1.0, name='vertical_up', opacity=1.0, ori=0.0, pos=array([0., 0.]), size=array([2. , 0.1]), units='height', vertices=ndarray(...), win=Window(...))
0.0269 	EXP 	window1: mouseVisible = True
0.0278 	DEBUG 	Saving data for Bar_vis_stim_devSB_v0.1 ExperimentHandler
0.0283 	INFO 	saved data to C:\dev\sipefield-gratings\PsychoPy\data/128037_Bar_vis_stim_devSB_v0.1_2024-11-14_19h43.02.189.psydat
0.0287 	INFO 	saved data to 'C:\\dev\\sipefield-gratings\\PsychoPy\\data/128037_Bar_vis_stim_devSB_v0.1_2024-11-14_19h43.02.189.csv'
