3.1443 	INFO 	Loaded monitor calibration from ['2024_06_27 19:13']
3.2277 	EXP 	Created window1 = Window(allowGUI=True, allowStencil=False, autoLog=True, backendConf=UNKNOWN, backgroundFit=<method-wrapper '__getattribute__' of attributeSetter object at 0x000001E32208A4C0>, backgroundImage=<method-wrapper '__getattribute__' of attributeSetter object at 0x000001E32208A460>, bitsMode=UNKNOWN, blendMode='avg', bpc=(8, 8, 8), color=array([0, 0, 0]), colorSpace='rgb', depthBits=8, fullscr=<method-wrapper '__getattribute__' of attributeSetter object at 0x000001E32208A2B0>, gamma=None, gammaErrorPolicy='raise', infoMsg=UNKNOWN, lms=UNKNOWN, monitor=<psychopy.monitors.calibTools.Monitor object at 0x000001E32243C3A0>, multiSample=False, name='window1', numSamples=2, pos=[1520.0, 780.0], screen=1, size=array([800, 600]), stencilBits=0, stereo=False, title='PsychoPy', units='height', useFBO=True, useRetina=False, viewOri=0.0, viewPos=None, viewScale=None, waitBlanking=True, winType='pyglet')
3.2277 	EXP 	window1: backgroundImage = ''
3.2277 	EXP 	window1: backgroundFit = 'none'
3.2278 	EXP 	window1: mouseVisible = <method-wrapper '__getattribute__' of attributeSetter object at 0x000001E32208A5E0>
3.2280 	EXP 	window1: mouseVisible = <method-wrapper '__getattribute__' of attributeSetter object at 0x000001E32208A5E0>
3.2289 	EXP 	window1: mouseVisible = <method-wrapper '__getattribute__' of attributeSetter object at 0x000001E32208A5E0>
3.2292 	EXP 	window1: mouseVisible = <method-wrapper '__getattribute__' of attributeSetter object at 0x000001E32208A5E0>
3.2318 	DEBUG 	TextBox2 loaded 1 chars with 0 blanks and 1 valid
3.2324 	DEBUG 	TextBox2 loaded 1 chars with 0 blanks and 1 valid
3.2331 	DEBUG 	TextBox2 loaded 1 chars with 0 blanks and 1 valid
3.2338 	DEBUG 	TextBox2 loaded 1 chars with 0 blanks and 1 valid
3.2346 	DEBUG 	TextBox2 loaded 1 chars with 0 blanks and 1 valid
3.2350 	DEBUG 	TextBox2 loaded 1 chars with 0 blanks and 1 valid
3.2357 	DEBUG 	TextBox2 loaded 1 chars with 0 blanks and 1 valid
3.2364 	DEBUG 	TextBox2 loaded 1 chars with 0 blanks and 1 valid
3.2368 	DEBUG 	TextBox2 loaded 1 chars with 0 blanks and 1 valid
3.2373 	DEBUG 	TextBox2 loaded 1 chars with 0 blanks and 1 valid
3.2379 	DEBUG 	TextBox2 loaded 1 chars with 0 blanks and 1 valid
3.2385 	DEBUG 	TextBox2 loaded 1 chars with 0 blanks and 1 valid
3.2391 	DEBUG 	TextBox2 loaded 1 chars with 0 blanks and 1 valid
3.2398 	DEBUG 	TextBox2 loaded 1 chars with 0 blanks and 1 valid
3.2403 	DEBUG 	TextBox2 loaded 1 chars with 0 blanks and 1 valid
3.2410 	DEBUG 	TextBox2 loaded 1 chars with 0 blanks and 1 valid
3.2416 	DEBUG 	TextBox2 loaded 1 chars with 0 blanks and 1 valid
3.2421 	DEBUG 	TextBox2 loaded 1 chars with 0 blanks and 1 valid
3.2426 	DEBUG 	TextBox2 loaded 1 chars with 0 blanks and 1 valid
3.2433 	DEBUG 	TextBox2 loaded 1 chars with 0 blanks and 1 valid
3.2439 	DEBUG 	TextBox2 loaded 1 chars with 0 blanks and 1 valid
3.2440 	DEBUG 	Uploading Texture Font fontname to graphics card
3.2452 	DEBUG 	Upload of Texture Font fontname complete
3.2460 	EXP 	window1: mouseVisible = <method-wrapper '__getattribute__' of attributeSetter object at 0x000001E32208A5E0>
3.2461 	EXP 	window1: mouseVisible = <method-wrapper '__getattribute__' of attributeSetter object at 0x000001E32208A5E0>
3.2464 	EXP 	window1: mouseVisible = <method-wrapper '__getattribute__' of attributeSetter object at 0x000001E32208A5E0>
3.2467 	EXP 	window1: mouseVisible = <method-wrapper '__getattribute__' of attributeSetter object at 0x000001E32208A5E0>
3.2488 	DEBUG 	TextBox2 loaded 1 chars with 0 blanks and 1 valid
3.2496 	DEBUG 	TextBox2 loaded 1 chars with 0 blanks and 1 valid
3.2503 	DEBUG 	TextBox2 loaded 1 chars with 0 blanks and 1 valid
3.2505 	DEBUG 	Uploading Texture Font fontname to graphics card
3.2509 	DEBUG 	Upload of Texture Font fontname complete
3.2520 	EXP 	window1: Attempting to measure frame rate of screen (1) ...
3.2520 	EXP 	window1: recordFrameIntervals = False
3.4181 	EXP 	window1: recordFrameIntervals = True
3.6174 	EXP 	Screen (1) actual frame rate measured at 60.30Hz
3.6175 	EXP 	window1: recordFrameIntervals = False
3.6175 	EXP 	window1: mouseVisible = True
3.6180 	EXP 	window1: mouseVisible = True
3.6182 	EXP 	window1: mouseVisible = True
3.6191 	EXP 	window1: mouseVisible = True
3.6199 	EXP 	window1: mouseVisible = True
3.6241 	DEBUG 	TextBox2 loaded 1 chars with 0 blanks and 1 valid
3.6249 	DEBUG 	TextBox2 loaded 1 chars with 0 blanks and 1 valid
3.6261 	DEBUG 	TextBox2 loaded 1 chars with 0 blanks and 1 valid
3.6276 	DEBUG 	TextBox2 loaded 1 chars with 0 blanks and 1 valid
3.6287 	DEBUG 	TextBox2 loaded 1 chars with 0 blanks and 1 valid
3.6296 	DEBUG 	TextBox2 loaded 1 chars with 0 blanks and 1 valid
3.6302 	DEBUG 	TextBox2 loaded 1 chars with 0 blanks and 1 valid
3.6309 	DEBUG 	TextBox2 loaded 1 chars with 0 blanks and 1 valid
3.6317 	DEBUG 	TextBox2 loaded 1 chars with 0 blanks and 1 valid
3.6324 	DEBUG 	TextBox2 loaded 1 chars with 0 blanks and 1 valid
3.6326 	DEBUG 	Uploading Texture Font fontname to graphics card
3.6330 	DEBUG 	Upload of Texture Font fontname complete
3.6340 	EXP 	window1: mouseVisible = True
3.6340 	EXP 	window1: mouseVisible = True
3.6343 	EXP 	window1: mouseVisible = True
3.6346 	EXP 	window1: mouseVisible = True
3.6435 	WARNING 	launchHubServer: If using the iohub mouse or eyetracker devices, fullScr should be True.
4.7771 	INFO 	keyboard.Keyboard is using iohub backend.
4.7771 	EXP 	Bar_vis_stim_devSB_v0.1: status = STARTED
4.7772 	EXP 	window1: mouseVisible = True
4.7783 	EXP 	Created grating = GratingStim(__class__=<class 'psychopy.visual.grating.GratingStim'>, anchor='center', autoDraw=False, autoLog=True, blendmode='avg', color=array([1., 1., 1.]), colorSpace='rgb', contrast=1.0, depth=0.0, draggable=False, interpolate=True, mask=None, maskParams=None, name='grating', opacity=1.0, ori=0.0, phase=array([4., 4.]), pos=array([0., 0.]), rgbPedestal=array([0., 0., 0.]), sf=array([1., 1.]), size=array([0.5, 1. ]), tex='sqr', texRes=128.0, units='height', win=Window(...))
0.0413 	EXP 	grating: autoDraw = True
0.0413 	EXP 	grating: tex = 'sqr'
5.0214 	EXP 	grating: autoDraw = False
5.0229 	EXP 	Bar_vis_stim_devSB_v0.1: status = STOPPED
5.0246 	INFO 	saved data to 'C:\\dev\\sipefield-gratings\\PsychoPy\\data/130705_Bar_vis_stim_devSB_v0.1_2024-11-05_22h43.07.656.csv'
5.0249 	INFO 	saved data to C:\dev\sipefield-gratings\PsychoPy\data/130705_Bar_vis_stim_devSB_v0.1_2024-11-05_22h43.07.656.psydat
5.0570 	EXP 	window1: mouseVisible = True
5.4225 	DEBUG 	Saving data for Bar_vis_stim_devSB_v0.1 ExperimentHandler
