3.1337 	DEBUG 	Fullscreen settings ignored as running in pilot mode.
3.1344 	INFO 	Loaded monitor calibration from ['2024_06_27 19:13']
3.2131 	EXP 	Created window1 = Window(allowGUI=True, allowStencil=False, autoLog=True, backendConf=UNKNOWN, backgroundFit=<method-wrapper '__getattribute__' of attributeSetter object at 0x000001974A85ACA0>, backgroundImage=<method-wrapper '__getattribute__' of attributeSetter object at 0x000001974A85AC40>, bitsMode=UNKNOWN, blendMode='avg', bpc=(8, 8, 8), color=array([0, 0, 0]), colorSpace='rgb', depthBits=8, fullscr=<method-wrapper '__getattribute__' of attributeSetter object at 0x000001974A85AA90>, gamma=None, gammaErrorPolicy='raise', infoMsg=UNKNOWN, lms=UNKNOWN, monitor=<psychopy.monitors.calibTools.Monitor object at 0x000001974AC0ABE0>, multiSample=False, name='window1', numSamples=2, pos=[1520.0, 780.0], screen=1, size=array([800, 600]), stencilBits=0, stereo=False, title='PsychoPy', units='height', useFBO=True, useRetina=False, viewOri=0.0, viewPos=None, viewScale=None, waitBlanking=True, winType='pyglet')
3.2131 	EXP 	window1: backgroundImage = ''
3.2131 	EXP 	window1: backgroundFit = 'none'
3.2132 	EXP 	window1: mouseVisible = <method-wrapper '__getattribute__' of attributeSetter object at 0x000001974A85ADC0>
3.2133 	EXP 	window1: mouseVisible = <method-wrapper '__getattribute__' of attributeSetter object at 0x000001974A85ADC0>
3.2143 	EXP 	window1: mouseVisible = <method-wrapper '__getattribute__' of attributeSetter object at 0x000001974A85ADC0>
3.2146 	EXP 	window1: mouseVisible = <method-wrapper '__getattribute__' of attributeSetter object at 0x000001974A85ADC0>
3.2172 	DEBUG 	TextBox2 loaded 1 chars with 0 blanks and 1 valid
3.2179 	DEBUG 	TextBox2 loaded 1 chars with 0 blanks and 1 valid
3.2186 	DEBUG 	TextBox2 loaded 1 chars with 0 blanks and 1 valid
3.2193 	DEBUG 	TextBox2 loaded 1 chars with 0 blanks and 1 valid
3.2201 	DEBUG 	TextBox2 loaded 1 chars with 0 blanks and 1 valid
3.2206 	DEBUG 	TextBox2 loaded 1 chars with 0 blanks and 1 valid
3.2212 	DEBUG 	TextBox2 loaded 1 chars with 0 blanks and 1 valid
3.2220 	DEBUG 	TextBox2 loaded 1 chars with 0 blanks and 1 valid
3.2224 	DEBUG 	TextBox2 loaded 1 chars with 0 blanks and 1 valid
3.2228 	DEBUG 	TextBox2 loaded 1 chars with 0 blanks and 1 valid
3.2234 	DEBUG 	TextBox2 loaded 1 chars with 0 blanks and 1 valid
3.2241 	DEBUG 	TextBox2 loaded 1 chars with 0 blanks and 1 valid
3.2247 	DEBUG 	TextBox2 loaded 1 chars with 0 blanks and 1 valid
3.2253 	DEBUG 	TextBox2 loaded 1 chars with 0 blanks and 1 valid
3.2259 	DEBUG 	TextBox2 loaded 1 chars with 0 blanks and 1 valid
3.2265 	DEBUG 	TextBox2 loaded 1 chars with 0 blanks and 1 valid
3.2271 	DEBUG 	TextBox2 loaded 1 chars with 0 blanks and 1 valid
3.2276 	DEBUG 	TextBox2 loaded 1 chars with 0 blanks and 1 valid
3.2281 	DEBUG 	TextBox2 loaded 1 chars with 0 blanks and 1 valid
3.2289 	DEBUG 	TextBox2 loaded 1 chars with 0 blanks and 1 valid
3.2293 	DEBUG 	TextBox2 loaded 1 chars with 0 blanks and 1 valid
3.2295 	DEBUG 	Uploading Texture Font fontname to graphics card
3.2308 	DEBUG 	Upload of Texture Font fontname complete
3.2317 	EXP 	window1: mouseVisible = <method-wrapper '__getattribute__' of attributeSetter object at 0x000001974A85ADC0>
3.2318 	EXP 	window1: mouseVisible = <method-wrapper '__getattribute__' of attributeSetter object at 0x000001974A85ADC0>
3.2321 	EXP 	window1: mouseVisible = <method-wrapper '__getattribute__' of attributeSetter object at 0x000001974A85ADC0>
3.2324 	EXP 	window1: mouseVisible = <method-wrapper '__getattribute__' of attributeSetter object at 0x000001974A85ADC0>
3.2346 	DEBUG 	TextBox2 loaded 1 chars with 0 blanks and 1 valid
3.2354 	DEBUG 	TextBox2 loaded 1 chars with 0 blanks and 1 valid
3.2361 	DEBUG 	TextBox2 loaded 1 chars with 0 blanks and 1 valid
3.2363 	DEBUG 	Uploading Texture Font fontname to graphics card
3.2367 	DEBUG 	Upload of Texture Font fontname complete
3.2381 	EXP 	window1: Attempting to measure frame rate of screen (1) ...
3.2381 	EXP 	window1: recordFrameIntervals = False
3.4097 	EXP 	window1: recordFrameIntervals = True
3.5908 	EXP 	Screen (1) actual frame rate measured at 60.52Hz
3.5908 	EXP 	window1: recordFrameIntervals = False
3.5909 	EXP 	window1: mouseVisible = True
3.5916 	EXP 	window1: mouseVisible = True
3.5918 	EXP 	window1: mouseVisible = True
3.5925 	EXP 	window1: mouseVisible = True
3.5930 	EXP 	window1: mouseVisible = True
3.5975 	DEBUG 	TextBox2 loaded 1 chars with 0 blanks and 1 valid
3.5983 	DEBUG 	TextBox2 loaded 1 chars with 0 blanks and 1 valid
3.5993 	DEBUG 	TextBox2 loaded 1 chars with 0 blanks and 1 valid
3.6006 	DEBUG 	TextBox2 loaded 1 chars with 0 blanks and 1 valid
3.6020 	DEBUG 	TextBox2 loaded 1 chars with 0 blanks and 1 valid
3.6030 	DEBUG 	TextBox2 loaded 1 chars with 0 blanks and 1 valid
3.6036 	DEBUG 	TextBox2 loaded 1 chars with 0 blanks and 1 valid
3.6043 	DEBUG 	TextBox2 loaded 1 chars with 0 blanks and 1 valid
3.6052 	DEBUG 	TextBox2 loaded 1 chars with 0 blanks and 1 valid
3.6060 	DEBUG 	TextBox2 loaded 1 chars with 0 blanks and 1 valid
3.6062 	DEBUG 	Uploading Texture Font fontname to graphics card
3.6065 	DEBUG 	Upload of Texture Font fontname complete
3.6080 	EXP 	window1: mouseVisible = True
3.6081 	EXP 	window1: mouseVisible = True
3.6086 	EXP 	window1: mouseVisible = True
3.6090 	EXP 	window1: mouseVisible = True
3.6176 	WARNING 	launchHubServer: If using the iohub mouse or eyetracker devices, fullScr should be True.
4.7557 	INFO 	keyboard.Keyboard is using iohub backend.
4.7557 	EXP 	Bar_vis_stim_devSB_v0.1: status = STARTED
4.7558 	EXP 	window1: mouseVisible = True
4.7571 	EXP 	Created polygon = Rect(__class__=<class 'psychopy.visual.rect.Rect'>, anchor=('center', 'center'), autoDraw=False, autoLog=True, closeShape=True, color=method-wrapper(...), colorSpace='rgb', contrast=None, depth=0.0, draggable=False, fillColor=array([1, 1, 1]), fillColorSpace='rgb', fillRGB=array([1, 1, 1]), interpolate=True, lineColor=array([1., 1., 1.]), lineColorSpace='rgb', lineRGB=array([1, 1, 1]), lineWidth=10.0, name='polygon', opacity=1.0, ori=0.0, pos=array([0.65, 0.  ]), size=array([0.1, 1. ]), units='height', vertices=ndarray(...), win=Window(...))
0.0356 	EXP 	polygon: autoDraw = True
5.0172 	EXP 	polygon: autoDraw = False
5.0191 	EXP 	Bar_vis_stim_devSB_v0.1: status = STOPPED
5.0212 	INFO 	saved data to 'C:\\dev\\sipefield-gratings\\PsychoPy\\data/145169_Bar_vis_stim_devSB_v0.1_2024-11-05_19h37.11.514.csv'
5.0215 	INFO 	saved data to C:\dev\sipefield-gratings\PsychoPy\data/145169_Bar_vis_stim_devSB_v0.1_2024-11-05_19h37.11.514.psydat
5.0495 	EXP 	window1: mouseVisible = True
5.4042 	DEBUG 	Saving data for Bar_vis_stim_devSB_v0.1 ExperimentHandler
