2.9885 	INFO 	Loaded monitor calibration from ['2024_06_27 19:13']
3.0677 	EXP 	Created window1 = Window(allowGUI=True, allowStencil=False, autoLog=True, backendConf=UNKNOWN, backgroundFit=<method-wrapper '__getattribute__' of attributeSetter object at 0x0000017C7A81D370>, backgroundImage=<method-wrapper '__getattribute__' of attributeSetter object at 0x0000017C7A81D310>, bitsMode=UNKNOWN, blendMode='avg', bpc=(8, 8, 8), color=array([0, 0, 0]), colorSpace='rgb', depthBits=8, fullscr=<method-wrapper '__getattribute__' of attributeSetter object at 0x0000017C7A81D160>, gamma=None, gammaErrorPolicy='raise', infoMsg=UNKNOWN, lms=UNKNOWN, monitor=<psychopy.monitors.calibTools.Monitor object at 0x0000017C7ABDE250>, multiSample=False, name='window1', numSamples=2, pos=[1520.0, 780.0], screen=1, size=array([800, 600]), stencilBits=0, stereo=False, title='PsychoPy', units='height', useFBO=True, useRetina=False, viewOri=0.0, viewPos=None, viewScale=None, waitBlanking=True, winType='pyglet')
3.0677 	EXP 	window1: backgroundImage = ''
3.0677 	EXP 	window1: backgroundFit = 'none'
3.0678 	EXP 	window1: mouseVisible = <method-wrapper '__getattribute__' of attributeSetter object at 0x0000017C7A81D490>
3.0680 	EXP 	window1: mouseVisible = <method-wrapper '__getattribute__' of attributeSetter object at 0x0000017C7A81D490>
3.0689 	EXP 	window1: mouseVisible = <method-wrapper '__getattribute__' of attributeSetter object at 0x0000017C7A81D490>
3.0692 	EXP 	window1: mouseVisible = <method-wrapper '__getattribute__' of attributeSetter object at 0x0000017C7A81D490>
3.0719 	DEBUG 	TextBox2 loaded 1 chars with 0 blanks and 1 valid
3.0725 	DEBUG 	TextBox2 loaded 1 chars with 0 blanks and 1 valid
3.0732 	DEBUG 	TextBox2 loaded 1 chars with 0 blanks and 1 valid
3.0739 	DEBUG 	TextBox2 loaded 1 chars with 0 blanks and 1 valid
3.0746 	DEBUG 	TextBox2 loaded 1 chars with 0 blanks and 1 valid
3.0751 	DEBUG 	TextBox2 loaded 1 chars with 0 blanks and 1 valid
3.0758 	DEBUG 	TextBox2 loaded 1 chars with 0 blanks and 1 valid
3.0765 	DEBUG 	TextBox2 loaded 1 chars with 0 blanks and 1 valid
3.0769 	DEBUG 	TextBox2 loaded 1 chars with 0 blanks and 1 valid
3.0773 	DEBUG 	TextBox2 loaded 1 chars with 0 blanks and 1 valid
3.0780 	DEBUG 	TextBox2 loaded 1 chars with 0 blanks and 1 valid
3.0786 	DEBUG 	TextBox2 loaded 1 chars with 0 blanks and 1 valid
3.0792 	DEBUG 	TextBox2 loaded 1 chars with 0 blanks and 1 valid
3.0799 	DEBUG 	TextBox2 loaded 1 chars with 0 blanks and 1 valid
3.0804 	DEBUG 	TextBox2 loaded 1 chars with 0 blanks and 1 valid
3.0811 	DEBUG 	TextBox2 loaded 1 chars with 0 blanks and 1 valid
3.0817 	DEBUG 	TextBox2 loaded 1 chars with 0 blanks and 1 valid
3.0822 	DEBUG 	TextBox2 loaded 1 chars with 0 blanks and 1 valid
3.0827 	DEBUG 	TextBox2 loaded 1 chars with 0 blanks and 1 valid
3.0835 	DEBUG 	TextBox2 loaded 1 chars with 0 blanks and 1 valid
3.0840 	DEBUG 	TextBox2 loaded 1 chars with 0 blanks and 1 valid
3.0842 	DEBUG 	Uploading Texture Font fontname to graphics card
3.0854 	DEBUG 	Upload of Texture Font fontname complete
3.0862 	EXP 	window1: mouseVisible = <method-wrapper '__getattribute__' of attributeSetter object at 0x0000017C7A81D490>
3.0863 	EXP 	window1: mouseVisible = <method-wrapper '__getattribute__' of attributeSetter object at 0x0000017C7A81D490>
3.0866 	EXP 	window1: mouseVisible = <method-wrapper '__getattribute__' of attributeSetter object at 0x0000017C7A81D490>
3.0869 	EXP 	window1: mouseVisible = <method-wrapper '__getattribute__' of attributeSetter object at 0x0000017C7A81D490>
3.0890 	DEBUG 	TextBox2 loaded 1 chars with 0 blanks and 1 valid
3.0898 	DEBUG 	TextBox2 loaded 1 chars with 0 blanks and 1 valid
3.0905 	DEBUG 	TextBox2 loaded 1 chars with 0 blanks and 1 valid
3.0907 	DEBUG 	Uploading Texture Font fontname to graphics card
3.0910 	DEBUG 	Upload of Texture Font fontname complete
3.0920 	EXP 	window1: Attempting to measure frame rate of screen (1) ...
3.0920 	EXP 	window1: recordFrameIntervals = False
3.2510 	EXP 	window1: recordFrameIntervals = True
3.4325 	EXP 	Screen (1) actual frame rate measured at 60.08Hz
3.4326 	EXP 	window1: recordFrameIntervals = False
3.4326 	EXP 	window1: mouseVisible = True
3.4330 	EXP 	window1: mouseVisible = True
3.4332 	EXP 	window1: mouseVisible = True
3.4339 	EXP 	window1: mouseVisible = True
3.4349 	EXP 	window1: mouseVisible = True
3.4387 	DEBUG 	TextBox2 loaded 1 chars with 0 blanks and 1 valid
3.4394 	DEBUG 	TextBox2 loaded 1 chars with 0 blanks and 1 valid
3.4401 	DEBUG 	TextBox2 loaded 1 chars with 0 blanks and 1 valid
3.4410 	DEBUG 	TextBox2 loaded 1 chars with 0 blanks and 1 valid
3.4419 	DEBUG 	TextBox2 loaded 1 chars with 0 blanks and 1 valid
3.4427 	DEBUG 	TextBox2 loaded 1 chars with 0 blanks and 1 valid
3.4432 	DEBUG 	TextBox2 loaded 1 chars with 0 blanks and 1 valid
3.4439 	DEBUG 	TextBox2 loaded 1 chars with 0 blanks and 1 valid
3.4446 	DEBUG 	TextBox2 loaded 1 chars with 0 blanks and 1 valid
3.4454 	DEBUG 	TextBox2 loaded 1 chars with 0 blanks and 1 valid
3.4455 	DEBUG 	Uploading Texture Font fontname to graphics card
3.4459 	DEBUG 	Upload of Texture Font fontname complete
3.4470 	EXP 	window1: mouseVisible = True
3.4470 	EXP 	window1: mouseVisible = True
3.4473 	EXP 	window1: mouseVisible = True
3.4476 	EXP 	window1: mouseVisible = True
3.4563 	WARNING 	launchHubServer: If using the iohub mouse or eyetracker devices, fullScr should be True.
4.5916 	INFO 	keyboard.Keyboard is using iohub backend.
4.5917 	EXP 	Bar_vis_stim_devSB_v0.1: status = STARTED
4.5918 	EXP 	window1: mouseVisible = True
4.5929 	EXP 	Created horizontal_right = Rect(__class__=<class 'psychopy.visual.rect.Rect'>, anchor=('center', 'center'), autoDraw=False, autoLog=True, closeShape=True, color=method-wrapper(...), colorSpace='rgb', contrast=None, depth=0.0, draggable=False, fillColor=array([1, 1, 1]), fillColorSpace='rgb', fillRGB=array([1, 1, 1]), interpolate=True, lineColor=array([1., 1., 1.]), lineColorSpace='rgb', lineRGB=array([1, 1, 1]), lineWidth=10.0, name='horizontal_right', opacity=1.0, ori=0.0, pos=array([0., 0.]), size=array([0.1, 1. ]), units='height', vertices=ndarray(...), win=Window(...))
4.5929 	EXP 	window1: mouseVisible = True
4.5946 	EXP 	Created gray_screen = ImageStim(__class__=<class 'psychopy.visual.image.ImageStim'>, anchor=('center', 'center'), autoLog=True, color=array([0., 0., 0.]), colorSpace='rgb', contrast=1.0, depth=-1.0, draggable=False, flipHoriz=False, flipVert=False, image=None, interpolate=True, mask=None, maskParams=None, name='gray_screen', opacity=1.0, ori=0.0, pos=array([0., 0.]), size=array([0.5, 0.5]), texRes=128.0, units='height', win=Window(...))
4.5946 	EXP 	window1: mouseVisible = True
4.5954 	EXP 	Created horizontal_left = Rect(__class__=<class 'psychopy.visual.rect.Rect'>, anchor=('center', 'center'), autoDraw=False, autoLog=True, closeShape=True, color=method-wrapper(...), colorSpace='rgb', contrast=None, depth=-2.0, draggable=False, fillColor=array([1, 1, 1]), fillColorSpace='rgb', fillRGB=array([1, 1, 1]), interpolate=True, lineColor=array([1., 1., 1.]), lineColorSpace='rgb', lineRGB=array([1, 1, 1]), lineWidth=10.0, name='horizontal_left', opacity=1.0, ori=0.0, pos=array([0., 0.]), size=array([0.1, 1. ]), units='height', vertices=ndarray(...), win=Window(...))
4.5955 	EXP 	window1: mouseVisible = True
4.5962 	EXP 	Created vertical_down = Rect(__class__=<class 'psychopy.visual.rect.Rect'>, anchor=('center', 'center'), autoDraw=False, autoLog=True, closeShape=True, color=method-wrapper(...), colorSpace='rgb', contrast=None, depth=0.0, draggable=False, fillColor=array([1, 1, 1]), fillColorSpace='rgb', fillRGB=array([1, 1, 1]), interpolate=True, lineColor=array([1., 1., 1.]), lineColorSpace='rgb', lineRGB=array([1, 1, 1]), lineWidth=1.0, name='vertical_down', opacity=1.0, ori=0.0, pos=array([0., 0.]), size=array([2. , 0.1]), units='height', vertices=ndarray(...), win=Window(...))
4.5963 	EXP 	window1: mouseVisible = True
4.5972 	EXP 	Created gray_screen_2 = ImageStim(__class__=<class 'psychopy.visual.image.ImageStim'>, anchor=('center', 'center'), autoLog=True, color=array([0., 0., 0.]), colorSpace='rgb', contrast=1.0, depth=-1.0, draggable=False, flipHoriz=False, flipVert=False, image=None, interpolate=True, mask=None, maskParams=None, name='gray_screen_2', opacity=1.0, ori=0.0, pos=array([0., 0.]), size=array([0.5, 0.5]), texRes=128.0, units='height', win=Window(...))
4.5972 	EXP 	window1: mouseVisible = True
4.5979 	EXP 	Created vertical_up = Rect(__class__=<class 'psychopy.visual.rect.Rect'>, anchor=('center', 'center'), autoDraw=False, autoLog=True, closeShape=True, color=method-wrapper(...), colorSpace='rgb', contrast=None, depth=-2.0, draggable=False, fillColor=array([1, 1, 1]), fillColorSpace='rgb', fillRGB=array([1, 1, 1]), interpolate=True, lineColor=array([1., 1., 1.]), lineColorSpace='rgb', lineRGB=array([1, 1, 1]), lineWidth=1.0, name='vertical_up', opacity=1.0, ori=0.0, pos=array([0., 0.]), size=array([2. , 0.1]), units='height', vertices=ndarray(...), win=Window(...))
0.0351 	EXP 	horizontal_right: autoDraw = True
20.0013 	EXP 	gray_screen: autoDraw = True
20.0349 	EXP 	horizontal_right: autoDraw = False
23.0015 	EXP 	gray_screen: autoDraw = False
23.0015 	EXP 	horizontal_left: autoDraw = True
43.0036 	EXP 	horizontal_left: autoDraw = False
43.0036 	EXP 	horizontal_right: autoDraw = False
43.0036 	EXP 	gray_screen: autoDraw = False
43.0036 	EXP 	horizontal_left: autoDraw = False
43.0036 	EXP 	vertical_down: autoDraw = True
56.4038 	EXP 	vertical_down: autoDraw = False
56.4038 	EXP 	gray_screen_2: autoDraw = True
59.4046 	EXP 	gray_screen_2: autoDraw = False
59.4046 	EXP 	vertical_up: autoDraw = True
72.8043 	EXP 	vertical_up: autoDraw = False
72.8043 	EXP 	vertical_down: autoDraw = False
72.8043 	EXP 	gray_screen_2: autoDraw = False
72.8043 	EXP 	vertical_up: autoDraw = False
72.8065 	EXP 	Bar_vis_stim_devSB_v0.1: status = STOPPED
72.8091 	INFO 	saved data to 'C:\\dev\\sipefield-gratings\\PsychoPy\\data/250039_Bar_vis_stim_devSB_v0.1_2024-11-05_21h33.16.643.csv'
72.8094 	INFO 	saved data to C:\dev\sipefield-gratings\PsychoPy\data/250039_Bar_vis_stim_devSB_v0.1_2024-11-05_21h33.16.643.psydat
72.8317 	EXP 	window1: mouseVisible = True
72.9612 	DEBUG 	Saving data for Bar_vis_stim_devSB_v0.1 ExperimentHandler
