3.8305 	INFO 	Loaded monitor calibration from ['2024_06_27 19:13']
3.9138 	EXP 	Created window1 = Window(allowGUI=True, allowStencil=False, autoLog=True, backendConf=UNKNOWN, backgroundFit=<method-wrapper '__getattribute__' of attributeSetter object at 0x000002C6929F00A0>, backgroundImage=<method-wrapper '__getattribute__' of attributeSetter object at 0x000002C6929F0040>, bitsMode=UNKNOWN, blendMode='avg', bpc=(8, 8, 8), color=array([0, 0, 0]), colorSpace='rgb', depthBits=8, fullscr=<method-wrapper '__getattribute__' of attributeSetter object at 0x000002C6929EAE50>, gamma=None, gammaErrorPolicy='raise', infoMsg=UNKNOWN, lms=UNKNOWN, monitor=<psychopy.monitors.calibTools.Monitor object at 0x000002C692DABF40>, multiSample=False, name='window1', numSamples=2, pos=[1520.0, 780.0], screen=1, size=array([800, 600]), stencilBits=0, stereo=False, title='PsychoPy', units='height', useFBO=True, useRetina=False, viewOri=0.0, viewPos=None, viewScale=None, waitBlanking=True, winType='pyglet')
3.9138 	EXP 	window1: backgroundImage = ''
3.9138 	EXP 	window1: backgroundFit = 'none'
3.9139 	EXP 	window1: mouseVisible = <method-wrapper '__getattribute__' of attributeSetter object at 0x000002C6929F01C0>
3.9140 	EXP 	window1: mouseVisible = <method-wrapper '__getattribute__' of attributeSetter object at 0x000002C6929F01C0>
3.9150 	EXP 	window1: mouseVisible = <method-wrapper '__getattribute__' of attributeSetter object at 0x000002C6929F01C0>
3.9153 	EXP 	window1: mouseVisible = <method-wrapper '__getattribute__' of attributeSetter object at 0x000002C6929F01C0>
3.9180 	DEBUG 	TextBox2 loaded 1 chars with 0 blanks and 1 valid
3.9187 	DEBUG 	TextBox2 loaded 1 chars with 0 blanks and 1 valid
3.9194 	DEBUG 	TextBox2 loaded 1 chars with 0 blanks and 1 valid
3.9202 	DEBUG 	TextBox2 loaded 1 chars with 0 blanks and 1 valid
3.9209 	DEBUG 	TextBox2 loaded 1 chars with 0 blanks and 1 valid
3.9214 	DEBUG 	TextBox2 loaded 1 chars with 0 blanks and 1 valid
3.9221 	DEBUG 	TextBox2 loaded 1 chars with 0 blanks and 1 valid
3.9228 	DEBUG 	TextBox2 loaded 1 chars with 0 blanks and 1 valid
3.9232 	DEBUG 	TextBox2 loaded 1 chars with 0 blanks and 1 valid
3.9238 	DEBUG 	TextBox2 loaded 1 chars with 0 blanks and 1 valid
3.9244 	DEBUG 	TextBox2 loaded 1 chars with 0 blanks and 1 valid
3.9252 	DEBUG 	TextBox2 loaded 1 chars with 0 blanks and 1 valid
3.9259 	DEBUG 	TextBox2 loaded 1 chars with 0 blanks and 1 valid
3.9266 	DEBUG 	TextBox2 loaded 1 chars with 0 blanks and 1 valid
3.9271 	DEBUG 	TextBox2 loaded 1 chars with 0 blanks and 1 valid
3.9278 	DEBUG 	TextBox2 loaded 1 chars with 0 blanks and 1 valid
3.9284 	DEBUG 	TextBox2 loaded 1 chars with 0 blanks and 1 valid
3.9289 	DEBUG 	TextBox2 loaded 1 chars with 0 blanks and 1 valid
3.9294 	DEBUG 	TextBox2 loaded 1 chars with 0 blanks and 1 valid
3.9302 	DEBUG 	TextBox2 loaded 1 chars with 0 blanks and 1 valid
3.9307 	DEBUG 	TextBox2 loaded 1 chars with 0 blanks and 1 valid
3.9309 	DEBUG 	Uploading Texture Font fontname to graphics card
3.9321 	DEBUG 	Upload of Texture Font fontname complete
3.9330 	EXP 	window1: mouseVisible = <method-wrapper '__getattribute__' of attributeSetter object at 0x000002C6929F01C0>
3.9331 	EXP 	window1: mouseVisible = <method-wrapper '__getattribute__' of attributeSetter object at 0x000002C6929F01C0>
3.9334 	EXP 	window1: mouseVisible = <method-wrapper '__getattribute__' of attributeSetter object at 0x000002C6929F01C0>
3.9337 	EXP 	window1: mouseVisible = <method-wrapper '__getattribute__' of attributeSetter object at 0x000002C6929F01C0>
3.9358 	DEBUG 	TextBox2 loaded 1 chars with 0 blanks and 1 valid
3.9366 	DEBUG 	TextBox2 loaded 1 chars with 0 blanks and 1 valid
3.9374 	DEBUG 	TextBox2 loaded 1 chars with 0 blanks and 1 valid
3.9376 	DEBUG 	Uploading Texture Font fontname to graphics card
3.9381 	DEBUG 	Upload of Texture Font fontname complete
3.9392 	EXP 	window1: Attempting to measure frame rate of screen (1) ...
3.9392 	EXP 	window1: recordFrameIntervals = False
4.1121 	EXP 	window1: recordFrameIntervals = True
4.3269 	EXP 	Screen (1) actual frame rate measured at 59.50Hz
4.3270 	EXP 	window1: recordFrameIntervals = False
4.3270 	EXP 	window1: mouseVisible = True
4.3273 	EXP 	window1: mouseVisible = True
4.3275 	EXP 	window1: mouseVisible = True
4.3281 	EXP 	window1: mouseVisible = True
4.3285 	EXP 	window1: mouseVisible = True
4.3312 	DEBUG 	TextBox2 loaded 1 chars with 0 blanks and 1 valid
4.3317 	DEBUG 	TextBox2 loaded 1 chars with 0 blanks and 1 valid
4.3328 	DEBUG 	TextBox2 loaded 1 chars with 0 blanks and 1 valid
4.3338 	DEBUG 	TextBox2 loaded 1 chars with 0 blanks and 1 valid
4.3346 	DEBUG 	TextBox2 loaded 1 chars with 0 blanks and 1 valid
4.3354 	DEBUG 	TextBox2 loaded 1 chars with 0 blanks and 1 valid
4.3359 	DEBUG 	TextBox2 loaded 1 chars with 0 blanks and 1 valid
4.3366 	DEBUG 	TextBox2 loaded 1 chars with 0 blanks and 1 valid
4.3374 	DEBUG 	TextBox2 loaded 1 chars with 0 blanks and 1 valid
4.3381 	DEBUG 	TextBox2 loaded 1 chars with 0 blanks and 1 valid
4.3383 	DEBUG 	Uploading Texture Font fontname to graphics card
4.3386 	DEBUG 	Upload of Texture Font fontname complete
4.3396 	EXP 	window1: mouseVisible = True
4.3397 	EXP 	window1: mouseVisible = True
4.3400 	EXP 	window1: mouseVisible = True
4.3404 	EXP 	window1: mouseVisible = True
4.3497 	WARNING 	launchHubServer: If using the iohub mouse or eyetracker devices, fullScr should be True.
5.4834 	INFO 	keyboard.Keyboard is using iohub backend.
5.4835 	EXP 	Bar_vis_stim_devSB_v0.1: status = STARTED
5.4836 	EXP 	window1: mouseVisible = True
5.4846 	EXP 	Created horizontal_right = Rect(__class__=<class 'psychopy.visual.rect.Rect'>, anchor=('center', 'center'), autoDraw=False, autoLog=True, closeShape=True, color=method-wrapper(...), colorSpace='rgb', contrast=None, depth=0.0, draggable=False, fillColor=array([1, 1, 1]), fillColorSpace='rgb', fillRGB=array([1, 1, 1]), interpolate=True, lineColor=array([1., 1., 1.]), lineColorSpace='rgb', lineRGB=array([1, 1, 1]), lineWidth=10.0, name='horizontal_right', opacity=1.0, ori=0.0, pos=array([0., 0.]), size=array([0.1, 1. ]), units='height', vertices=ndarray(...), win=Window(...))
5.4846 	EXP 	window1: mouseVisible = True
5.4868 	EXP 	Created gray_screen = ImageStim(__class__=<class 'psychopy.visual.image.ImageStim'>, anchor=('center', 'center'), autoLog=True, color=array([0., 0., 0.]), colorSpace='rgb', contrast=1.0, depth=-1.0, draggable=False, flipHoriz=False, flipVert=False, image=None, interpolate=True, mask=None, maskParams=None, name='gray_screen', opacity=1.0, ori=0.0, pos=array([0., 0.]), size=array([0.5, 0.5]), texRes=128.0, units='height', win=Window(...))
5.4868 	EXP 	window1: mouseVisible = True
5.4877 	EXP 	Created horlef = Rect(__class__=<class 'psychopy.visual.rect.Rect'>, anchor=('center', 'center'), autoDraw=False, autoLog=True, closeShape=True, color=method-wrapper(...), colorSpace='rgb', contrast=None, depth=0.0, draggable=False, fillColor=array([1, 1, 1]), fillColorSpace='rgb', fillRGB=array([1, 1, 1]), interpolate=True, lineColor=array([1., 1., 1.]), lineColorSpace='rgb', lineRGB=array([1, 1, 1]), lineWidth=10.0, name='horlef', opacity=1.0, ori=0.0, pos=array([0., 0.]), size=array([0.1, 1. ]), units='height', vertices=ndarray(...), win=Window(...))
5.4878 	EXP 	window1: mouseVisible = True
5.4887 	EXP 	Created vertical_down = Rect(__class__=<class 'psychopy.visual.rect.Rect'>, anchor=('center', 'center'), autoDraw=False, autoLog=True, closeShape=True, color=method-wrapper(...), colorSpace='rgb', contrast=None, depth=0.0, draggable=False, fillColor=array([1, 1, 1]), fillColorSpace='rgb', fillRGB=array([1, 1, 1]), interpolate=True, lineColor=array([1., 1., 1.]), lineColorSpace='rgb', lineRGB=array([1, 1, 1]), lineWidth=1.0, name='vertical_down', opacity=1.0, ori=0.0, pos=array([0., 0.]), size=array([2. , 0.1]), units='height', vertices=ndarray(...), win=Window(...))
5.4888 	EXP 	window1: mouseVisible = True
5.4899 	EXP 	Created gray_screen_2 = ImageStim(__class__=<class 'psychopy.visual.image.ImageStim'>, anchor=('center', 'center'), autoLog=True, color=array([0., 0., 0.]), colorSpace='rgb', contrast=1.0, depth=-1.0, draggable=False, flipHoriz=False, flipVert=False, image=None, interpolate=True, mask=None, maskParams=None, name='gray_screen_2', opacity=1.0, ori=0.0, pos=array([0., 0.]), size=array([0.5, 0.5]), texRes=128.0, units='height', win=Window(...))
5.4899 	EXP 	window1: mouseVisible = True
5.4907 	EXP 	Created vertical_up = Rect(__class__=<class 'psychopy.visual.rect.Rect'>, anchor=('center', 'center'), autoDraw=False, autoLog=True, closeShape=True, color=method-wrapper(...), colorSpace='rgb', contrast=None, depth=-2.0, draggable=False, fillColor=array([1, 1, 1]), fillColorSpace='rgb', fillRGB=array([1, 1, 1]), interpolate=True, lineColor=array([1., 1., 1.]), lineColorSpace='rgb', lineRGB=array([1, 1, 1]), lineWidth=1.0, name='vertical_up', opacity=1.0, ori=0.0, pos=array([0., 0.]), size=array([2. , 0.1]), units='height', vertices=ndarray(...), win=Window(...))
0.0220 	EXP 	horizontal_right: autoDraw = True
20.0035 	EXP 	gray_screen: autoDraw = True
20.0369 	EXP 	horizontal_right: autoDraw = False
23.0035 	EXP 	gray_screen: autoDraw = False
23.0035 	EXP 	horizontal_right: autoDraw = False
23.0035 	EXP 	gray_screen: autoDraw = False
23.0035 	EXP 	horlef: autoDraw = True
43.0048 	EXP 	horlef: autoDraw = False
43.0048 	EXP 	horlef: autoDraw = False
43.0048 	EXP 	vertical_down: autoDraw = True
56.4057 	EXP 	vertical_down: autoDraw = False
56.4057 	EXP 	gray_screen_2: autoDraw = True
59.4057 	EXP 	gray_screen_2: autoDraw = False
59.4057 	EXP 	vertical_up: autoDraw = True
72.8066 	EXP 	vertical_up: autoDraw = False
72.8066 	EXP 	vertical_down: autoDraw = False
72.8066 	EXP 	gray_screen_2: autoDraw = False
72.8066 	EXP 	vertical_up: autoDraw = False
72.8087 	EXP 	Bar_vis_stim_devSB_v0.1: status = STOPPED
72.8109 	INFO 	saved data to 'C:\\dev\\sipefield-gratings\\PsychoPy\\data/257882_Bar_vis_stim_devSB_v0.1_2024-11-05_21h38.33.192.csv'
72.8112 	INFO 	saved data to C:\dev\sipefield-gratings\PsychoPy\data/257882_Bar_vis_stim_devSB_v0.1_2024-11-05_21h38.33.192.psydat
72.8386 	EXP 	window1: mouseVisible = True
72.9612 	DEBUG 	Saving data for Bar_vis_stim_devSB_v0.1 ExperimentHandler
