3.1800 	INFO 	Loaded monitor calibration from ['2024_06_27 19:13']
3.2619 	EXP 	Created window1 = Window(allowGUI=True, allowStencil=False, autoLog=True, backendConf=UNKNOWN, backgroundFit=<method-wrapper '__getattribute__' of attributeSetter object at 0x000001759B30ADC0>, backgroundImage=<method-wrapper '__getattribute__' of attributeSetter object at 0x000001759B30AD60>, bitsMode=UNKNOWN, blendMode='avg', bpc=(8, 8, 8), color=array([0, 0, 0]), colorSpace='rgb', depthBits=8, fullscr=<method-wrapper '__getattribute__' of attributeSetter object at 0x000001759B30ABB0>, gamma=None, gammaErrorPolicy='raise', infoMsg=UNKNOWN, lms=UNKNOWN, monitor=<psychopy.monitors.calibTools.Monitor object at 0x000001759B6CBCA0>, multiSample=False, name='window1', numSamples=2, pos=[1520.0, 780.0], screen=1, size=array([800, 600]), stencilBits=0, stereo=False, title='PsychoPy', units='height', useFBO=True, useRetina=False, viewOri=0.0, viewPos=None, viewScale=None, waitBlanking=True, winType='pyglet')
3.2619 	EXP 	window1: backgroundImage = ''
3.2619 	EXP 	window1: backgroundFit = 'none'
3.2620 	EXP 	window1: mouseVisible = <method-wrapper '__getattribute__' of attributeSetter object at 0x000001759B30AEE0>
3.2621 	EXP 	window1: mouseVisible = <method-wrapper '__getattribute__' of attributeSetter object at 0x000001759B30AEE0>
3.2631 	EXP 	window1: mouseVisible = <method-wrapper '__getattribute__' of attributeSetter object at 0x000001759B30AEE0>
3.2634 	EXP 	window1: mouseVisible = <method-wrapper '__getattribute__' of attributeSetter object at 0x000001759B30AEE0>
3.2660 	DEBUG 	TextBox2 loaded 1 chars with 0 blanks and 1 valid
3.2667 	DEBUG 	TextBox2 loaded 1 chars with 0 blanks and 1 valid
3.2673 	DEBUG 	TextBox2 loaded 1 chars with 0 blanks and 1 valid
3.2681 	DEBUG 	TextBox2 loaded 1 chars with 0 blanks and 1 valid
3.2688 	DEBUG 	TextBox2 loaded 1 chars with 0 blanks and 1 valid
3.2693 	DEBUG 	TextBox2 loaded 1 chars with 0 blanks and 1 valid
3.2700 	DEBUG 	TextBox2 loaded 1 chars with 0 blanks and 1 valid
3.2707 	DEBUG 	TextBox2 loaded 1 chars with 0 blanks and 1 valid
3.2711 	DEBUG 	TextBox2 loaded 1 chars with 0 blanks and 1 valid
3.2716 	DEBUG 	TextBox2 loaded 1 chars with 0 blanks and 1 valid
3.2722 	DEBUG 	TextBox2 loaded 1 chars with 0 blanks and 1 valid
3.2728 	DEBUG 	TextBox2 loaded 1 chars with 0 blanks and 1 valid
3.2734 	DEBUG 	TextBox2 loaded 1 chars with 0 blanks and 1 valid
3.2740 	DEBUG 	TextBox2 loaded 1 chars with 0 blanks and 1 valid
3.2746 	DEBUG 	TextBox2 loaded 1 chars with 0 blanks and 1 valid
3.2753 	DEBUG 	TextBox2 loaded 1 chars with 0 blanks and 1 valid
3.2759 	DEBUG 	TextBox2 loaded 1 chars with 0 blanks and 1 valid
3.2764 	DEBUG 	TextBox2 loaded 1 chars with 0 blanks and 1 valid
3.2769 	DEBUG 	TextBox2 loaded 1 chars with 0 blanks and 1 valid
3.2776 	DEBUG 	TextBox2 loaded 1 chars with 0 blanks and 1 valid
3.2781 	DEBUG 	TextBox2 loaded 1 chars with 0 blanks and 1 valid
3.2783 	DEBUG 	Uploading Texture Font fontname to graphics card
3.2798 	DEBUG 	Upload of Texture Font fontname complete
3.2806 	EXP 	window1: mouseVisible = <method-wrapper '__getattribute__' of attributeSetter object at 0x000001759B30AEE0>
3.2807 	EXP 	window1: mouseVisible = <method-wrapper '__getattribute__' of attributeSetter object at 0x000001759B30AEE0>
3.2810 	EXP 	window1: mouseVisible = <method-wrapper '__getattribute__' of attributeSetter object at 0x000001759B30AEE0>
3.2813 	EXP 	window1: mouseVisible = <method-wrapper '__getattribute__' of attributeSetter object at 0x000001759B30AEE0>
3.2835 	DEBUG 	TextBox2 loaded 1 chars with 0 blanks and 1 valid
3.2843 	DEBUG 	TextBox2 loaded 1 chars with 0 blanks and 1 valid
3.2850 	DEBUG 	TextBox2 loaded 1 chars with 0 blanks and 1 valid
3.2852 	DEBUG 	Uploading Texture Font fontname to graphics card
3.2856 	DEBUG 	Upload of Texture Font fontname complete
3.2866 	EXP 	window1: Attempting to measure frame rate of screen (1) ...
3.2866 	EXP 	window1: recordFrameIntervals = False
3.4477 	EXP 	window1: recordFrameIntervals = True
3.6296 	EXP 	Screen (1) actual frame rate measured at 60.37Hz
3.6296 	EXP 	window1: recordFrameIntervals = False
3.6297 	EXP 	window1: mouseVisible = True
3.6302 	EXP 	window1: mouseVisible = True
3.6304 	EXP 	window1: mouseVisible = True
3.6311 	EXP 	window1: mouseVisible = True
3.6316 	EXP 	window1: mouseVisible = True
3.6352 	DEBUG 	TextBox2 loaded 1 chars with 0 blanks and 1 valid
3.6358 	DEBUG 	TextBox2 loaded 1 chars with 0 blanks and 1 valid
3.6365 	DEBUG 	TextBox2 loaded 1 chars with 0 blanks and 1 valid
3.6373 	DEBUG 	TextBox2 loaded 1 chars with 0 blanks and 1 valid
3.6380 	DEBUG 	TextBox2 loaded 1 chars with 0 blanks and 1 valid
3.6388 	DEBUG 	TextBox2 loaded 1 chars with 0 blanks and 1 valid
3.6393 	DEBUG 	TextBox2 loaded 1 chars with 0 blanks and 1 valid
3.6400 	DEBUG 	TextBox2 loaded 1 chars with 0 blanks and 1 valid
3.6408 	DEBUG 	TextBox2 loaded 1 chars with 0 blanks and 1 valid
3.6415 	DEBUG 	TextBox2 loaded 1 chars with 0 blanks and 1 valid
3.6417 	DEBUG 	Uploading Texture Font fontname to graphics card
3.6421 	DEBUG 	Upload of Texture Font fontname complete
3.6430 	EXP 	window1: mouseVisible = True
3.6431 	EXP 	window1: mouseVisible = True
3.6434 	EXP 	window1: mouseVisible = True
3.6437 	EXP 	window1: mouseVisible = True
3.6529 	WARNING 	launchHubServer: If using the iohub mouse or eyetracker devices, fullScr should be True.
4.7913 	INFO 	keyboard.Keyboard is using iohub backend.
4.7914 	EXP 	Bar_vis_stim_devSB_v0.1: status = STARTED
4.7915 	EXP 	window1: mouseVisible = True
4.7927 	EXP 	Created vert_bar = Rect(__class__=<class 'psychopy.visual.rect.Rect'>, anchor=('center', 'center'), autoDraw=False, autoLog=True, closeShape=True, color=method-wrapper(...), colorSpace='rgb', contrast=None, depth=0.0, draggable=False, fillColor=array([1, 1, 1]), fillColorSpace='rgb', fillRGB=array([1, 1, 1]), interpolate=True, lineColor=array([1., 1., 1.]), lineColorSpace='rgb', lineRGB=array([1, 1, 1]), lineWidth=10.0, name='vert_bar', opacity=1.0, ori=0.0, pos=array([-0.6,  0. ]), size=array([0.1, 1. ]), units='height', vertices=ndarray(...), win=Window(...))
0.0566 	EXP 	vert_bar: autoDraw = True
5.0210 	EXP 	vert_bar: autoDraw = False
5.0234 	EXP 	Bar_vis_stim_devSB_v0.1: status = STOPPED
5.0257 	INFO 	saved data to 'C:\\dev\\sipefield-gratings\\PsychoPy\\data/302834_Bar_vis_stim_devSB_v0.1_2024-11-05_19h57.22.412.csv'
5.0261 	INFO 	saved data to C:\dev\sipefield-gratings\PsychoPy\data/302834_Bar_vis_stim_devSB_v0.1_2024-11-05_19h57.22.412.psydat
5.0536 	EXP 	window1: mouseVisible = True
5.4010 	DEBUG 	Saving data for Bar_vis_stim_devSB_v0.1 ExperimentHandler
