3.0550 	DEBUG 	Fullscreen settings ignored as running in pilot mode.
3.0557 	INFO 	Loaded monitor calibration from ['2024_06_27 19:13']
3.1340 	EXP 	Created window1 = Window(allowGUI=True, allowStencil=False, autoLog=True, backendConf=UNKNOWN, backgroundFit=<method-wrapper '__getattribute__' of attributeSetter object at 0x000001F5D6E9A910>, backgroundImage=<method-wrapper '__getattribute__' of attributeSetter object at 0x000001F5D6E9A8B0>, bitsMode=UNKNOWN, blendMode='avg', bpc=(8, 8, 8), color=array([0, 0, 0]), colorSpace='rgb', depthBits=8, fullscr=<method-wrapper '__getattribute__' of attributeSetter object at 0x000001F5D6E9A700>, gamma=None, gammaErrorPolicy='raise', infoMsg=UNKNOWN, lms=UNKNOWN, monitor=<psychopy.monitors.calibTools.Monitor object at 0x000001F5D725B850>, multiSample=False, name='window1', numSamples=2, pos=[1520.0, 780.0], screen=1, size=array([800, 600]), stencilBits=0, stereo=False, title='PsychoPy', units='height', useFBO=True, useRetina=False, viewOri=0.0, viewPos=None, viewScale=None, waitBlanking=True, winType='pyglet')
3.1341 	EXP 	window1: backgroundImage = ''
3.1341 	EXP 	window1: backgroundFit = 'none'
3.1342 	EXP 	window1: mouseVisible = <method-wrapper '__getattribute__' of attributeSetter object at 0x000001F5D6E9AA30>
3.1347 	EXP 	window1: mouseVisible = <method-wrapper '__getattribute__' of attributeSetter object at 0x000001F5D6E9AA30>
3.1358 	EXP 	window1: mouseVisible = <method-wrapper '__getattribute__' of attributeSetter object at 0x000001F5D6E9AA30>
3.1360 	EXP 	window1: mouseVisible = <method-wrapper '__getattribute__' of attributeSetter object at 0x000001F5D6E9AA30>
3.1386 	DEBUG 	TextBox2 loaded 1 chars with 0 blanks and 1 valid
3.1393 	DEBUG 	TextBox2 loaded 1 chars with 0 blanks and 1 valid
3.1400 	DEBUG 	TextBox2 loaded 1 chars with 0 blanks and 1 valid
3.1407 	DEBUG 	TextBox2 loaded 1 chars with 0 blanks and 1 valid
3.1414 	DEBUG 	TextBox2 loaded 1 chars with 0 blanks and 1 valid
3.1420 	DEBUG 	TextBox2 loaded 1 chars with 0 blanks and 1 valid
3.1426 	DEBUG 	TextBox2 loaded 1 chars with 0 blanks and 1 valid
3.1433 	DEBUG 	TextBox2 loaded 1 chars with 0 blanks and 1 valid
3.1437 	DEBUG 	TextBox2 loaded 1 chars with 0 blanks and 1 valid
3.1441 	DEBUG 	TextBox2 loaded 1 chars with 0 blanks and 1 valid
3.1448 	DEBUG 	TextBox2 loaded 1 chars with 0 blanks and 1 valid
3.1454 	DEBUG 	TextBox2 loaded 1 chars with 0 blanks and 1 valid
3.1460 	DEBUG 	TextBox2 loaded 1 chars with 0 blanks and 1 valid
3.1467 	DEBUG 	TextBox2 loaded 1 chars with 0 blanks and 1 valid
3.1472 	DEBUG 	TextBox2 loaded 1 chars with 0 blanks and 1 valid
3.1479 	DEBUG 	TextBox2 loaded 1 chars with 0 blanks and 1 valid
3.1485 	DEBUG 	TextBox2 loaded 1 chars with 0 blanks and 1 valid
3.1490 	DEBUG 	TextBox2 loaded 1 chars with 0 blanks and 1 valid
3.1495 	DEBUG 	TextBox2 loaded 1 chars with 0 blanks and 1 valid
3.1503 	DEBUG 	TextBox2 loaded 1 chars with 0 blanks and 1 valid
3.1508 	DEBUG 	TextBox2 loaded 1 chars with 0 blanks and 1 valid
3.1510 	DEBUG 	Uploading Texture Font fontname to graphics card
3.1520 	DEBUG 	Upload of Texture Font fontname complete
3.1528 	EXP 	window1: mouseVisible = <method-wrapper '__getattribute__' of attributeSetter object at 0x000001F5D6E9AA30>
3.1529 	EXP 	window1: mouseVisible = <method-wrapper '__getattribute__' of attributeSetter object at 0x000001F5D6E9AA30>
3.1532 	EXP 	window1: mouseVisible = <method-wrapper '__getattribute__' of attributeSetter object at 0x000001F5D6E9AA30>
3.1535 	EXP 	window1: mouseVisible = <method-wrapper '__getattribute__' of attributeSetter object at 0x000001F5D6E9AA30>
3.1556 	DEBUG 	TextBox2 loaded 1 chars with 0 blanks and 1 valid
3.1563 	DEBUG 	TextBox2 loaded 1 chars with 0 blanks and 1 valid
3.1571 	DEBUG 	TextBox2 loaded 1 chars with 0 blanks and 1 valid
3.1572 	DEBUG 	Uploading Texture Font fontname to graphics card
3.1576 	DEBUG 	Upload of Texture Font fontname complete
3.1587 	EXP 	window1: Attempting to measure frame rate of screen (1) ...
3.1587 	EXP 	window1: recordFrameIntervals = False
3.3216 	EXP 	window1: recordFrameIntervals = True
3.5358 	EXP 	Screen (1) actual frame rate measured at 60.20Hz
3.5358 	EXP 	window1: recordFrameIntervals = False
3.5359 	EXP 	window1: mouseVisible = True
3.5362 	EXP 	window1: mouseVisible = True
3.5364 	EXP 	window1: mouseVisible = True
3.5369 	EXP 	window1: mouseVisible = True
3.5374 	EXP 	window1: mouseVisible = True
3.5415 	DEBUG 	TextBox2 loaded 1 chars with 0 blanks and 1 valid
3.5423 	DEBUG 	TextBox2 loaded 1 chars with 0 blanks and 1 valid
3.5431 	DEBUG 	TextBox2 loaded 1 chars with 0 blanks and 1 valid
3.5440 	DEBUG 	TextBox2 loaded 1 chars with 0 blanks and 1 valid
3.5447 	DEBUG 	TextBox2 loaded 1 chars with 0 blanks and 1 valid
3.5455 	DEBUG 	TextBox2 loaded 1 chars with 0 blanks and 1 valid
3.5460 	DEBUG 	TextBox2 loaded 1 chars with 0 blanks and 1 valid
3.5467 	DEBUG 	TextBox2 loaded 1 chars with 0 blanks and 1 valid
3.5475 	DEBUG 	TextBox2 loaded 1 chars with 0 blanks and 1 valid
3.5482 	DEBUG 	TextBox2 loaded 1 chars with 0 blanks and 1 valid
3.5484 	DEBUG 	Uploading Texture Font fontname to graphics card
3.5487 	DEBUG 	Upload of Texture Font fontname complete
3.5496 	EXP 	window1: mouseVisible = True
3.5497 	EXP 	window1: mouseVisible = True
3.5500 	EXP 	window1: mouseVisible = True
3.5502 	EXP 	window1: mouseVisible = True
3.5593 	WARNING 	launchHubServer: If using the iohub mouse or eyetracker devices, fullScr should be True.
4.6924 	INFO 	keyboard.Keyboard is using iohub backend.
4.6924 	EXP 	Bar_vis_stim_devSB_v0.1: status = STARTED
4.6925 	EXP 	window1: mouseVisible = True
4.6936 	EXP 	Created polygon = Rect(__class__=<class 'psychopy.visual.rect.Rect'>, anchor=('left', 'center'), autoDraw=False, autoLog=True, closeShape=True, color=method-wrapper(...), colorSpace='rgb', contrast=None, depth=0.0, draggable=False, fillColor=array([1, 1, 1]), fillColorSpace='rgb', fillRGB=array([1, 1, 1]), interpolate=True, lineColor=array([1., 1., 1.]), lineColorSpace='rgb', lineRGB=array([1, 1, 1]), lineWidth=10.0, name='polygon', opacity=1.0, ori=0.0, pos=array([-0.7,  0. ]), size=array([0.1, 1. ]), units='height', vertices=ndarray(...), win=Window(...))
0.0304 	EXP 	polygon: autoDraw = True
5.0284 	EXP 	polygon: autoDraw = False
5.0297 	EXP 	Bar_vis_stim_devSB_v0.1: status = STOPPED
5.0306 	INFO 	saved data to 'C:\\dev\\sipefield-gratings\\PsychoPy\\data/308271_Bar_vis_stim_devSB_v0.1_2024-11-05_19h36.00.119.csv'
5.0309 	INFO 	saved data to C:\dev\sipefield-gratings\PsychoPy\data/308271_Bar_vis_stim_devSB_v0.1_2024-11-05_19h36.00.119.psydat
5.0625 	EXP 	window1: mouseVisible = True
5.4268 	DEBUG 	Saving data for Bar_vis_stim_devSB_v0.1 ExperimentHandler
