3.7801 	INFO 	Loaded monitor calibration from ['2024_06_27 19:13']
3.8600 	EXP 	Created window1 = Window(allowGUI=True, allowStencil=False, autoLog=True, backendConf=UNKNOWN, backgroundFit=<method-wrapper '__getattribute__' of attributeSetter object at 0x000002363C8CADF0>, backgroundImage=<method-wrapper '__getattribute__' of attributeSetter object at 0x000002363C8CAD90>, bitsMode=UNKNOWN, blendMode='avg', bpc=(8, 8, 8), color=array([0, 0, 0]), colorSpace='rgb', depthBits=8, fullscr=<method-wrapper '__getattribute__' of attributeSetter object at 0x000002363C8CABE0>, gamma=None, gammaErrorPolicy='raise', infoMsg=UNKNOWN, lms=UNKNOWN, monitor=<psychopy.monitors.calibTools.Monitor object at 0x000002363CC7CCD0>, multiSample=False, name='window1', numSamples=2, pos=[1520.0, 780.0], screen=1, size=array([800, 600]), stencilBits=0, stereo=False, title='PsychoPy', units='height', useFBO=True, useRetina=False, viewOri=0.0, viewPos=None, viewScale=None, waitBlanking=True, winType='pyglet')
3.8601 	EXP 	window1: backgroundImage = ''
3.8601 	EXP 	window1: backgroundFit = 'none'
3.8602 	EXP 	window1: mouseVisible = <method-wrapper '__getattribute__' of attributeSetter object at 0x000002363C8CAF10>
3.8603 	EXP 	window1: mouseVisible = <method-wrapper '__getattribute__' of attributeSetter object at 0x000002363C8CAF10>
3.8613 	EXP 	window1: mouseVisible = <method-wrapper '__getattribute__' of attributeSetter object at 0x000002363C8CAF10>
3.8616 	EXP 	window1: mouseVisible = <method-wrapper '__getattribute__' of attributeSetter object at 0x000002363C8CAF10>
3.8641 	DEBUG 	TextBox2 loaded 1 chars with 0 blanks and 1 valid
3.8648 	DEBUG 	TextBox2 loaded 1 chars with 0 blanks and 1 valid
3.8654 	DEBUG 	TextBox2 loaded 1 chars with 0 blanks and 1 valid
3.8662 	DEBUG 	TextBox2 loaded 1 chars with 0 blanks and 1 valid
3.8669 	DEBUG 	TextBox2 loaded 1 chars with 0 blanks and 1 valid
3.8674 	DEBUG 	TextBox2 loaded 1 chars with 0 blanks and 1 valid
3.8680 	DEBUG 	TextBox2 loaded 1 chars with 0 blanks and 1 valid
3.8688 	DEBUG 	TextBox2 loaded 1 chars with 0 blanks and 1 valid
3.8692 	DEBUG 	TextBox2 loaded 1 chars with 0 blanks and 1 valid
3.8696 	DEBUG 	TextBox2 loaded 1 chars with 0 blanks and 1 valid
3.8702 	DEBUG 	TextBox2 loaded 1 chars with 0 blanks and 1 valid
3.8709 	DEBUG 	TextBox2 loaded 1 chars with 0 blanks and 1 valid
3.8715 	DEBUG 	TextBox2 loaded 1 chars with 0 blanks and 1 valid
3.8721 	DEBUG 	TextBox2 loaded 1 chars with 0 blanks and 1 valid
3.8727 	DEBUG 	TextBox2 loaded 1 chars with 0 blanks and 1 valid
3.8733 	DEBUG 	TextBox2 loaded 1 chars with 0 blanks and 1 valid
3.8739 	DEBUG 	TextBox2 loaded 1 chars with 0 blanks and 1 valid
3.8744 	DEBUG 	TextBox2 loaded 1 chars with 0 blanks and 1 valid
3.8749 	DEBUG 	TextBox2 loaded 1 chars with 0 blanks and 1 valid
3.8757 	DEBUG 	TextBox2 loaded 1 chars with 0 blanks and 1 valid
3.8761 	DEBUG 	TextBox2 loaded 1 chars with 0 blanks and 1 valid
3.8763 	DEBUG 	Uploading Texture Font fontname to graphics card
3.8775 	DEBUG 	Upload of Texture Font fontname complete
3.8783 	EXP 	window1: mouseVisible = <method-wrapper '__getattribute__' of attributeSetter object at 0x000002363C8CAF10>
3.8783 	EXP 	window1: mouseVisible = <method-wrapper '__getattribute__' of attributeSetter object at 0x000002363C8CAF10>
3.8787 	EXP 	window1: mouseVisible = <method-wrapper '__getattribute__' of attributeSetter object at 0x000002363C8CAF10>
3.8789 	EXP 	window1: mouseVisible = <method-wrapper '__getattribute__' of attributeSetter object at 0x000002363C8CAF10>
3.8810 	DEBUG 	TextBox2 loaded 1 chars with 0 blanks and 1 valid
3.8818 	DEBUG 	TextBox2 loaded 1 chars with 0 blanks and 1 valid
3.8826 	DEBUG 	TextBox2 loaded 1 chars with 0 blanks and 1 valid
3.8828 	DEBUG 	Uploading Texture Font fontname to graphics card
3.8832 	DEBUG 	Upload of Texture Font fontname complete
3.8843 	EXP 	window1: Attempting to measure frame rate of screen (1) ...
3.8843 	EXP 	window1: recordFrameIntervals = False
4.0538 	EXP 	window1: recordFrameIntervals = True
4.2353 	EXP 	Screen (1) actual frame rate measured at 60.83Hz
4.2353 	EXP 	window1: recordFrameIntervals = False
4.2354 	EXP 	window1: mouseVisible = True
4.2357 	EXP 	window1: mouseVisible = True
4.2359 	EXP 	window1: mouseVisible = True
4.2366 	EXP 	window1: mouseVisible = True
4.2373 	EXP 	window1: mouseVisible = True
4.2416 	DEBUG 	TextBox2 loaded 1 chars with 0 blanks and 1 valid
4.2423 	DEBUG 	TextBox2 loaded 1 chars with 0 blanks and 1 valid
4.2431 	DEBUG 	TextBox2 loaded 1 chars with 0 blanks and 1 valid
4.2439 	DEBUG 	TextBox2 loaded 1 chars with 0 blanks and 1 valid
4.2447 	DEBUG 	TextBox2 loaded 1 chars with 0 blanks and 1 valid
4.2456 	DEBUG 	TextBox2 loaded 1 chars with 0 blanks and 1 valid
4.2461 	DEBUG 	TextBox2 loaded 1 chars with 0 blanks and 1 valid
4.2469 	DEBUG 	TextBox2 loaded 1 chars with 0 blanks and 1 valid
4.2477 	DEBUG 	TextBox2 loaded 1 chars with 0 blanks and 1 valid
4.2484 	DEBUG 	TextBox2 loaded 1 chars with 0 blanks and 1 valid
4.2486 	DEBUG 	Uploading Texture Font fontname to graphics card
4.2489 	DEBUG 	Upload of Texture Font fontname complete
4.2500 	EXP 	window1: mouseVisible = True
4.2501 	EXP 	window1: mouseVisible = True
4.2504 	EXP 	window1: mouseVisible = True
4.2507 	EXP 	window1: mouseVisible = True
4.2597 	WARNING 	launchHubServer: If using the iohub mouse or eyetracker devices, fullScr should be True.
5.3952 	INFO 	keyboard.Keyboard is using iohub backend.
5.3952 	EXP 	Bar_vis_stim_devSB_v0.1: status = STARTED
5.3953 	EXP 	window1: mouseVisible = True
5.3966 	EXP 	Created grating_2 = GratingStim(__class__=<class 'psychopy.visual.grating.GratingStim'>, anchor='center', autoDraw=False, autoLog=True, blendmode='avg', color=array([1., 1., 1.]), colorSpace='rgb', contrast=1.0, depth=0.0, draggable=False, interpolate=True, mask=None, maskParams=None, name='grating_2', opacity=1.0, ori=0.0, phase=array([1., 1.]), pos=array([-0.6,  0. ]), rgbPedestal=array([0., 0., 0.]), sf=array([0., 0.]), size=array([0.3, 1. ]), tex='sqr', texRes=128.0, units='height', win=Window(...))
5.3968 	EXP 	window1: mouseVisible = True
5.3978 	EXP 	Created vert_bar = Rect(__class__=<class 'psychopy.visual.rect.Rect'>, anchor=('center', 'center'), autoDraw=False, autoLog=True, closeShape=True, color=method-wrapper(...), colorSpace='rgb', contrast=None, depth=0.0, draggable=False, fillColor=array([1, 1, 1]), fillColorSpace='rgb', fillRGB=array([1, 1, 1]), interpolate=True, lineColor=array([1., 1., 1.]), lineColorSpace='rgb', lineRGB=array([1, 1, 1]), lineWidth=10.0, name='vert_bar', opacity=1.0, ori=0.0, pos=array([-0.6,  0. ]), size=array([0.1, 1. ]), units='height', vertices=ndarray(...), win=Window(...))
0.0411 	EXP 	grating_2: autoDraw = True
0.0411 	EXP 	grating_2: tex = 'sqr'
5.0212 	EXP 	grating_2: autoDraw = False
5.0212 	EXP 	vert_bar: autoDraw = True
10.0216 	EXP 	vert_bar: autoDraw = False
10.0243 	EXP 	Bar_vis_stim_devSB_v0.1: status = STOPPED
10.0264 	INFO 	saved data to 'C:\\dev\\sipefield-gratings\\PsychoPy\\data/330696_Bar_vis_stim_devSB_v0.1_2024-11-05_20h08.14.295.csv'
10.0267 	INFO 	saved data to C:\dev\sipefield-gratings\PsychoPy\data/330696_Bar_vis_stim_devSB_v0.1_2024-11-05_20h08.14.295.psydat
10.0525 	EXP 	window1: mouseVisible = True
10.4153 	DEBUG 	Saving data for Bar_vis_stim_devSB_v0.1 ExperimentHandler
