3.4321 	DEBUG 	Fullscreen settings ignored as running in pilot mode.
3.4326 	INFO 	Loaded monitor calibration from ['2024_06_27 19:13']
3.5132 	EXP 	Created window1 = Window(allowGUI=True, allowStencil=False, autoLog=True, backendConf=UNKNOWN, backgroundFit=<method-wrapper '__getattribute__' of attributeSetter object at 0x000001E05E42B760>, backgroundImage=<method-wrapper '__getattribute__' of attributeSetter object at 0x000001E05E42B700>, bitsMode=UNKNOWN, blendMode='avg', bpc=(8, 8, 8), color=array([0, 0, 0]), colorSpace='rgb', depthBits=8, fullscr=<method-wrapper '__getattribute__' of attributeSetter object at 0x000001E05E42B550>, gamma=None, gammaErrorPolicy='raise', infoMsg=UNKNOWN, lms=UNKNOWN, monitor=<psychopy.monitors.calibTools.Monitor object at 0x000001E05E7EC6A0>, multiSample=False, name='window1', numSamples=2, pos=[1520.0, 780.0], screen=1, size=array([800, 600]), stencilBits=0, stereo=False, title='PsychoPy', units='height', useFBO=True, useRetina=False, viewOri=0.0, viewPos=None, viewScale=None, waitBlanking=True, winType='pyglet')
3.5132 	EXP 	window1: backgroundImage = ''
3.5132 	EXP 	window1: backgroundFit = 'none'
3.5133 	EXP 	window1: mouseVisible = <method-wrapper '__getattribute__' of attributeSetter object at 0x000001E05E42B880>
3.5134 	EXP 	window1: mouseVisible = <method-wrapper '__getattribute__' of attributeSetter object at 0x000001E05E42B880>
3.5144 	EXP 	window1: mouseVisible = <method-wrapper '__getattribute__' of attributeSetter object at 0x000001E05E42B880>
3.5147 	EXP 	window1: mouseVisible = <method-wrapper '__getattribute__' of attributeSetter object at 0x000001E05E42B880>
3.5174 	DEBUG 	TextBox2 loaded 1 chars with 0 blanks and 1 valid
3.5181 	DEBUG 	TextBox2 loaded 1 chars with 0 blanks and 1 valid
3.5187 	DEBUG 	TextBox2 loaded 1 chars with 0 blanks and 1 valid
3.5195 	DEBUG 	TextBox2 loaded 1 chars with 0 blanks and 1 valid
3.5203 	DEBUG 	TextBox2 loaded 1 chars with 0 blanks and 1 valid
3.5208 	DEBUG 	TextBox2 loaded 1 chars with 0 blanks and 1 valid
3.5214 	DEBUG 	TextBox2 loaded 1 chars with 0 blanks and 1 valid
3.5222 	DEBUG 	TextBox2 loaded 1 chars with 0 blanks and 1 valid
3.5227 	DEBUG 	TextBox2 loaded 1 chars with 0 blanks and 1 valid
3.5231 	DEBUG 	TextBox2 loaded 1 chars with 0 blanks and 1 valid
3.5238 	DEBUG 	TextBox2 loaded 1 chars with 0 blanks and 1 valid
3.5245 	DEBUG 	TextBox2 loaded 1 chars with 0 blanks and 1 valid
3.5251 	DEBUG 	TextBox2 loaded 1 chars with 0 blanks and 1 valid
3.5257 	DEBUG 	TextBox2 loaded 1 chars with 0 blanks and 1 valid
3.5263 	DEBUG 	TextBox2 loaded 1 chars with 0 blanks and 1 valid
3.5269 	DEBUG 	TextBox2 loaded 1 chars with 0 blanks and 1 valid
3.5276 	DEBUG 	TextBox2 loaded 1 chars with 0 blanks and 1 valid
3.5281 	DEBUG 	TextBox2 loaded 1 chars with 0 blanks and 1 valid
3.5286 	DEBUG 	TextBox2 loaded 1 chars with 0 blanks and 1 valid
3.5294 	DEBUG 	TextBox2 loaded 1 chars with 0 blanks and 1 valid
3.5300 	DEBUG 	TextBox2 loaded 1 chars with 0 blanks and 1 valid
3.5302 	DEBUG 	Uploading Texture Font fontname to graphics card
3.5315 	DEBUG 	Upload of Texture Font fontname complete
3.5324 	EXP 	window1: mouseVisible = <method-wrapper '__getattribute__' of attributeSetter object at 0x000001E05E42B880>
3.5325 	EXP 	window1: mouseVisible = <method-wrapper '__getattribute__' of attributeSetter object at 0x000001E05E42B880>
3.5328 	EXP 	window1: mouseVisible = <method-wrapper '__getattribute__' of attributeSetter object at 0x000001E05E42B880>
3.5331 	EXP 	window1: mouseVisible = <method-wrapper '__getattribute__' of attributeSetter object at 0x000001E05E42B880>
3.5352 	DEBUG 	TextBox2 loaded 1 chars with 0 blanks and 1 valid
3.5360 	DEBUG 	TextBox2 loaded 1 chars with 0 blanks and 1 valid
3.5368 	DEBUG 	TextBox2 loaded 1 chars with 0 blanks and 1 valid
3.5369 	DEBUG 	Uploading Texture Font fontname to graphics card
3.5374 	DEBUG 	Upload of Texture Font fontname complete
3.5384 	EXP 	window1: Attempting to measure frame rate of screen (1) ...
3.5384 	EXP 	window1: recordFrameIntervals = False
3.7053 	EXP 	window1: recordFrameIntervals = True
3.9185 	EXP 	Screen (1) actual frame rate measured at 60.37Hz
3.9186 	EXP 	window1: recordFrameIntervals = False
3.9187 	EXP 	window1: mouseVisible = True
3.9191 	EXP 	window1: mouseVisible = True
3.9193 	EXP 	window1: mouseVisible = True
3.9200 	EXP 	window1: mouseVisible = True
3.9207 	EXP 	window1: mouseVisible = True
3.9264 	DEBUG 	TextBox2 loaded 1 chars with 0 blanks and 1 valid
3.9274 	DEBUG 	TextBox2 loaded 1 chars with 0 blanks and 1 valid
3.9284 	DEBUG 	TextBox2 loaded 1 chars with 0 blanks and 1 valid
3.9294 	DEBUG 	TextBox2 loaded 1 chars with 0 blanks and 1 valid
3.9302 	DEBUG 	TextBox2 loaded 1 chars with 0 blanks and 1 valid
3.9310 	DEBUG 	TextBox2 loaded 1 chars with 0 blanks and 1 valid
3.9315 	DEBUG 	TextBox2 loaded 1 chars with 0 blanks and 1 valid
3.9322 	DEBUG 	TextBox2 loaded 1 chars with 0 blanks and 1 valid
3.9332 	DEBUG 	TextBox2 loaded 1 chars with 0 blanks and 1 valid
3.9340 	DEBUG 	TextBox2 loaded 1 chars with 0 blanks and 1 valid
3.9342 	DEBUG 	Uploading Texture Font fontname to graphics card
3.9345 	DEBUG 	Upload of Texture Font fontname complete
3.9354 	EXP 	window1: mouseVisible = True
3.9355 	EXP 	window1: mouseVisible = True
3.9358 	EXP 	window1: mouseVisible = True
3.9361 	EXP 	window1: mouseVisible = True
3.9450 	WARNING 	launchHubServer: If using the iohub mouse or eyetracker devices, fullScr should be True.
5.0835 	INFO 	keyboard.Keyboard is using iohub backend.
5.0835 	EXP 	Bar_vis_stim_devSB_v0.1: status = STARTED
5.0837 	EXP 	window1: mouseVisible = True
5.0858 	EXP 	Created polygon = Rect(__class__=<class 'psychopy.visual.rect.Rect'>, anchor=('left', 'center'), autoDraw=False, autoLog=True, closeShape=True, color=method-wrapper(...), colorSpace='rgb', contrast=None, depth=0.0, draggable=False, fillColor=array([1, 1, 1]), fillColorSpace='rgb', fillRGB=array([1, 1, 1]), interpolate=True, lineColor=array([1., 1., 1.]), lineColorSpace='rgb', lineRGB=array([1, 1, 1]), lineWidth=10.0, name='polygon', opacity=1.0, ori=0.0, pos=array([-0.5,  0.5]), size=array([0.1, 1. ]), units='height', vertices=ndarray(...), win=Window(...))
0.0204 	EXP 	polygon: autoDraw = True
5.0159 	EXP 	polygon: autoDraw = False
5.0180 	EXP 	Bar_vis_stim_devSB_v0.1: status = STOPPED
5.0203 	INFO 	saved data to 'C:\\dev\\sipefield-gratings\\PsychoPy\\data/373500_Bar_vis_stim_devSB_v0.1_2024-11-05_16h11.33.018.csv'
5.0206 	INFO 	saved data to C:\dev\sipefield-gratings\PsychoPy\data/373500_Bar_vis_stim_devSB_v0.1_2024-11-05_16h11.33.018.psydat
5.0478 	EXP 	window1: mouseVisible = True
5.4089 	DEBUG 	Saving data for Bar_vis_stim_devSB_v0.1 ExperimentHandler
