2.9150 	INFO 	Loaded monitor calibration from ['2024_06_27 19:13']
2.9976 	EXP 	Created window1 = Window(allowGUI=True, allowStencil=False, autoLog=True, backendConf=UNKNOWN, backgroundFit=<method-wrapper '__getattribute__' of attributeSetter object at 0x000001C703D5B940>, backgroundImage=<method-wrapper '__getattribute__' of attributeSetter object at 0x000001C703D5B8E0>, bitsMode=UNKNOWN, blendMode='avg', bpc=(8, 8, 8), color=array([0, 0, 0]), colorSpace='rgb', depthBits=8, fullscr=<method-wrapper '__getattribute__' of attributeSetter object at 0x000001C703D5B730>, gamma=None, gammaErrorPolicy='raise', infoMsg=UNKNOWN, lms=UNKNOWN, monitor=<psychopy.monitors.calibTools.Monitor object at 0x000001C70411C820>, multiSample=False, name='window1', numSamples=2, pos=[1520.0, 780.0], screen=1, size=array([800, 600]), stencilBits=0, stereo=False, title='PsychoPy', units='height', useFBO=True, useRetina=False, viewOri=0.0, viewPos=None, viewScale=None, waitBlanking=True, winType='pyglet')
2.9977 	EXP 	window1: backgroundImage = ''
2.9977 	EXP 	window1: backgroundFit = 'none'
2.9978 	EXP 	window1: mouseVisible = <method-wrapper '__getattribute__' of attributeSetter object at 0x000001C703D5BA60>
2.9979 	EXP 	window1: mouseVisible = <method-wrapper '__getattribute__' of attributeSetter object at 0x000001C703D5BA60>
2.9989 	EXP 	window1: mouseVisible = <method-wrapper '__getattribute__' of attributeSetter object at 0x000001C703D5BA60>
2.9992 	EXP 	window1: mouseVisible = <method-wrapper '__getattribute__' of attributeSetter object at 0x000001C703D5BA60>
3.0018 	DEBUG 	TextBox2 loaded 1 chars with 0 blanks and 1 valid
3.0025 	DEBUG 	TextBox2 loaded 1 chars with 0 blanks and 1 valid
3.0032 	DEBUG 	TextBox2 loaded 1 chars with 0 blanks and 1 valid
3.0040 	DEBUG 	TextBox2 loaded 1 chars with 0 blanks and 1 valid
3.0047 	DEBUG 	TextBox2 loaded 1 chars with 0 blanks and 1 valid
3.0052 	DEBUG 	TextBox2 loaded 1 chars with 0 blanks and 1 valid
3.0058 	DEBUG 	TextBox2 loaded 1 chars with 0 blanks and 1 valid
3.0066 	DEBUG 	TextBox2 loaded 1 chars with 0 blanks and 1 valid
3.0070 	DEBUG 	TextBox2 loaded 1 chars with 0 blanks and 1 valid
3.0074 	DEBUG 	TextBox2 loaded 1 chars with 0 blanks and 1 valid
3.0081 	DEBUG 	TextBox2 loaded 1 chars with 0 blanks and 1 valid
3.0087 	DEBUG 	TextBox2 loaded 1 chars with 0 blanks and 1 valid
3.0093 	DEBUG 	TextBox2 loaded 1 chars with 0 blanks and 1 valid
3.0099 	DEBUG 	TextBox2 loaded 1 chars with 0 blanks and 1 valid
3.0105 	DEBUG 	TextBox2 loaded 1 chars with 0 blanks and 1 valid
3.0111 	DEBUG 	TextBox2 loaded 1 chars with 0 blanks and 1 valid
3.0118 	DEBUG 	TextBox2 loaded 1 chars with 0 blanks and 1 valid
3.0123 	DEBUG 	TextBox2 loaded 1 chars with 0 blanks and 1 valid
3.0127 	DEBUG 	TextBox2 loaded 1 chars with 0 blanks and 1 valid
3.0135 	DEBUG 	TextBox2 loaded 1 chars with 0 blanks and 1 valid
3.0140 	DEBUG 	TextBox2 loaded 1 chars with 0 blanks and 1 valid
3.0142 	DEBUG 	Uploading Texture Font fontname to graphics card
3.0155 	DEBUG 	Upload of Texture Font fontname complete
3.0164 	EXP 	window1: mouseVisible = <method-wrapper '__getattribute__' of attributeSetter object at 0x000001C703D5BA60>
3.0165 	EXP 	window1: mouseVisible = <method-wrapper '__getattribute__' of attributeSetter object at 0x000001C703D5BA60>
3.0168 	EXP 	window1: mouseVisible = <method-wrapper '__getattribute__' of attributeSetter object at 0x000001C703D5BA60>
3.0171 	EXP 	window1: mouseVisible = <method-wrapper '__getattribute__' of attributeSetter object at 0x000001C703D5BA60>
3.0193 	DEBUG 	TextBox2 loaded 1 chars with 0 blanks and 1 valid
3.0201 	DEBUG 	TextBox2 loaded 1 chars with 0 blanks and 1 valid
3.0209 	DEBUG 	TextBox2 loaded 1 chars with 0 blanks and 1 valid
3.0210 	DEBUG 	Uploading Texture Font fontname to graphics card
3.0215 	DEBUG 	Upload of Texture Font fontname complete
3.0225 	EXP 	window1: Attempting to measure frame rate of screen (1) ...
3.0226 	EXP 	window1: recordFrameIntervals = False
3.1839 	EXP 	window1: recordFrameIntervals = True
3.3687 	EXP 	Screen (1) actual frame rate measured at 59.72Hz
3.3688 	EXP 	window1: recordFrameIntervals = False
3.3688 	EXP 	window1: mouseVisible = True
3.3693 	EXP 	window1: mouseVisible = True
3.3695 	EXP 	window1: mouseVisible = True
3.3704 	EXP 	window1: mouseVisible = True
3.3711 	EXP 	window1: mouseVisible = True
3.3747 	DEBUG 	TextBox2 loaded 1 chars with 0 blanks and 1 valid
3.3753 	DEBUG 	TextBox2 loaded 1 chars with 0 blanks and 1 valid
3.3760 	DEBUG 	TextBox2 loaded 1 chars with 0 blanks and 1 valid
3.3770 	DEBUG 	TextBox2 loaded 1 chars with 0 blanks and 1 valid
3.3778 	DEBUG 	TextBox2 loaded 1 chars with 0 blanks and 1 valid
3.3787 	DEBUG 	TextBox2 loaded 1 chars with 0 blanks and 1 valid
3.3793 	DEBUG 	TextBox2 loaded 1 chars with 0 blanks and 1 valid
3.3800 	DEBUG 	TextBox2 loaded 1 chars with 0 blanks and 1 valid
3.3808 	DEBUG 	TextBox2 loaded 1 chars with 0 blanks and 1 valid
3.3815 	DEBUG 	TextBox2 loaded 1 chars with 0 blanks and 1 valid
3.3817 	DEBUG 	Uploading Texture Font fontname to graphics card
3.3820 	DEBUG 	Upload of Texture Font fontname complete
3.3830 	EXP 	window1: mouseVisible = True
3.3831 	EXP 	window1: mouseVisible = True
3.3834 	EXP 	window1: mouseVisible = True
3.3836 	EXP 	window1: mouseVisible = True
3.3926 	WARNING 	launchHubServer: If using the iohub mouse or eyetracker devices, fullScr should be True.
4.5380 	INFO 	keyboard.Keyboard is using iohub backend.
4.5380 	EXP 	Bar_vis_stim_devSB_v0.1: status = STARTED
4.5381 	EXP 	window1: mouseVisible = True
4.5394 	EXP 	Created grating_2 = GratingStim(__class__=<class 'psychopy.visual.grating.GratingStim'>, anchor='center', autoDraw=False, autoLog=True, blendmode='avg', color=array([1., 1., 1.]), colorSpace='rgb', contrast=1.0, depth=0.0, draggable=False, interpolate=True, mask=None, maskParams=None, name='grating_2', opacity=1.0, ori=0.0, phase=array([1., 1.]), pos=array([-0.6,  0. ]), rgbPedestal=array([0., 0., 0.]), sf=array([0., 0.]), size=array([0.3, 1. ]), tex='sqr', texRes=128.0, units='height', win=Window(...))
4.5395 	EXP 	window1: mouseVisible = True
4.5404 	EXP 	Created vert_bar = Rect(__class__=<class 'psychopy.visual.rect.Rect'>, anchor=('center', 'center'), autoDraw=False, autoLog=True, closeShape=True, color=method-wrapper(...), colorSpace='rgb', contrast=None, depth=0.0, draggable=False, fillColor=array([1, 1, 1]), fillColorSpace='rgb', fillRGB=array([1, 1, 1]), interpolate=True, lineColor=array([1., 1., 1.]), lineColorSpace='rgb', lineRGB=array([1, 1, 1]), lineWidth=10.0, name='vert_bar', opacity=1.0, ori=0.0, pos=array([-0.6,  0. ]), size=array([0.1, 1. ]), units='height', vertices=ndarray(...), win=Window(...))
0.0298 	EXP 	grating_2: autoDraw = True
0.0298 	EXP 	grating_2: tex = 'sqr'
5.0282 	EXP 	grating_2: autoDraw = False
5.0282 	EXP 	vert_bar: autoDraw = True
10.0287 	EXP 	vert_bar: autoDraw = False
10.0310 	EXP 	Bar_vis_stim_devSB_v0.1: status = STOPPED
10.0330 	INFO 	saved data to 'C:\\dev\\sipefield-gratings\\PsychoPy\\data/427431_Bar_vis_stim_devSB_v0.1_2024-11-05_20h01.33.902.csv'
10.0333 	INFO 	saved data to C:\dev\sipefield-gratings\PsychoPy\data/427431_Bar_vis_stim_devSB_v0.1_2024-11-05_20h01.33.902.psydat
10.0604 	EXP 	window1: mouseVisible = True
10.3956 	DEBUG 	Saving data for Bar_vis_stim_devSB_v0.1 ExperimentHandler
