3.1926 	INFO 	Loaded monitor calibration from ['2024_06_27 19:13']
3.2738 	EXP 	Created window1 = Window(allowGUI=True, allowStencil=False, autoLog=True, backendConf=UNKNOWN, backgroundFit=<method-wrapper '__getattribute__' of attributeSetter object at 0x00000258C2FA10A0>, backgroundImage=<method-wrapper '__getattribute__' of attributeSetter object at 0x00000258C2FA1040>, bitsMode=UNKNOWN, blendMode='avg', bpc=(8, 8, 8), color=array([0, 0, 0]), colorSpace='rgb', depthBits=8, fullscr=<method-wrapper '__getattribute__' of attributeSetter object at 0x00000258C2F9AE50>, gamma=None, gammaErrorPolicy='raise', infoMsg=UNKNOWN, lms=UNKNOWN, monitor=<psychopy.monitors.calibTools.Monitor object at 0x00000258C335BF40>, multiSample=False, name='window1', numSamples=2, pos=[1520.0, 780.0], screen=1, size=array([800, 600]), stencilBits=0, stereo=False, title='PsychoPy', units='height', useFBO=True, useRetina=False, viewOri=0.0, viewPos=None, viewScale=None, waitBlanking=True, winType='pyglet')
3.2739 	EXP 	window1: backgroundImage = ''
3.2739 	EXP 	window1: backgroundFit = 'none'
3.2740 	EXP 	window1: mouseVisible = <method-wrapper '__getattribute__' of attributeSetter object at 0x00000258C2FA11C0>
3.2741 	EXP 	window1: mouseVisible = <method-wrapper '__getattribute__' of attributeSetter object at 0x00000258C2FA11C0>
3.2750 	EXP 	window1: mouseVisible = <method-wrapper '__getattribute__' of attributeSetter object at 0x00000258C2FA11C0>
3.2753 	EXP 	window1: mouseVisible = <method-wrapper '__getattribute__' of attributeSetter object at 0x00000258C2FA11C0>
3.2779 	DEBUG 	TextBox2 loaded 1 chars with 0 blanks and 1 valid
3.2786 	DEBUG 	TextBox2 loaded 1 chars with 0 blanks and 1 valid
3.2793 	DEBUG 	TextBox2 loaded 1 chars with 0 blanks and 1 valid
3.2800 	DEBUG 	TextBox2 loaded 1 chars with 0 blanks and 1 valid
3.2807 	DEBUG 	TextBox2 loaded 1 chars with 0 blanks and 1 valid
3.2812 	DEBUG 	TextBox2 loaded 1 chars with 0 blanks and 1 valid
3.2819 	DEBUG 	TextBox2 loaded 1 chars with 0 blanks and 1 valid
3.2826 	DEBUG 	TextBox2 loaded 1 chars with 0 blanks and 1 valid
3.2830 	DEBUG 	TextBox2 loaded 1 chars with 0 blanks and 1 valid
3.2834 	DEBUG 	TextBox2 loaded 1 chars with 0 blanks and 1 valid
3.2841 	DEBUG 	TextBox2 loaded 1 chars with 0 blanks and 1 valid
3.2847 	DEBUG 	TextBox2 loaded 1 chars with 0 blanks and 1 valid
3.2853 	DEBUG 	TextBox2 loaded 1 chars with 0 blanks and 1 valid
3.2859 	DEBUG 	TextBox2 loaded 1 chars with 0 blanks and 1 valid
3.2865 	DEBUG 	TextBox2 loaded 1 chars with 0 blanks and 1 valid
3.2872 	DEBUG 	TextBox2 loaded 1 chars with 0 blanks and 1 valid
3.2879 	DEBUG 	TextBox2 loaded 1 chars with 0 blanks and 1 valid
3.2883 	DEBUG 	TextBox2 loaded 1 chars with 0 blanks and 1 valid
3.2888 	DEBUG 	TextBox2 loaded 1 chars with 0 blanks and 1 valid
3.2896 	DEBUG 	TextBox2 loaded 1 chars with 0 blanks and 1 valid
3.2901 	DEBUG 	TextBox2 loaded 1 chars with 0 blanks and 1 valid
3.2903 	DEBUG 	Uploading Texture Font fontname to graphics card
3.2918 	DEBUG 	Upload of Texture Font fontname complete
3.2926 	EXP 	window1: mouseVisible = <method-wrapper '__getattribute__' of attributeSetter object at 0x00000258C2FA11C0>
3.2926 	EXP 	window1: mouseVisible = <method-wrapper '__getattribute__' of attributeSetter object at 0x00000258C2FA11C0>
3.2930 	EXP 	window1: mouseVisible = <method-wrapper '__getattribute__' of attributeSetter object at 0x00000258C2FA11C0>
3.2932 	EXP 	window1: mouseVisible = <method-wrapper '__getattribute__' of attributeSetter object at 0x00000258C2FA11C0>
3.2953 	DEBUG 	TextBox2 loaded 1 chars with 0 blanks and 1 valid
3.2961 	DEBUG 	TextBox2 loaded 1 chars with 0 blanks and 1 valid
3.2969 	DEBUG 	TextBox2 loaded 1 chars with 0 blanks and 1 valid
3.2970 	DEBUG 	Uploading Texture Font fontname to graphics card
3.2975 	DEBUG 	Upload of Texture Font fontname complete
3.2985 	EXP 	window1: Attempting to measure frame rate of screen (1) ...
3.2985 	EXP 	window1: recordFrameIntervals = False
3.4693 	EXP 	window1: recordFrameIntervals = True
3.6528 	EXP 	Screen (1) actual frame rate measured at 60.65Hz
3.6529 	EXP 	window1: recordFrameIntervals = False
3.6529 	EXP 	window1: mouseVisible = True
3.6534 	EXP 	window1: mouseVisible = True
3.6536 	EXP 	window1: mouseVisible = True
3.6544 	EXP 	window1: mouseVisible = True
3.6550 	EXP 	window1: mouseVisible = True
3.6583 	DEBUG 	TextBox2 loaded 1 chars with 0 blanks and 1 valid
3.6589 	DEBUG 	TextBox2 loaded 1 chars with 0 blanks and 1 valid
3.6596 	DEBUG 	TextBox2 loaded 1 chars with 0 blanks and 1 valid
3.6604 	DEBUG 	TextBox2 loaded 1 chars with 0 blanks and 1 valid
3.6612 	DEBUG 	TextBox2 loaded 1 chars with 0 blanks and 1 valid
3.6620 	DEBUG 	TextBox2 loaded 1 chars with 0 blanks and 1 valid
3.6625 	DEBUG 	TextBox2 loaded 1 chars with 0 blanks and 1 valid
3.6632 	DEBUG 	TextBox2 loaded 1 chars with 0 blanks and 1 valid
3.6641 	DEBUG 	TextBox2 loaded 1 chars with 0 blanks and 1 valid
3.6649 	DEBUG 	TextBox2 loaded 1 chars with 0 blanks and 1 valid
3.6651 	DEBUG 	Uploading Texture Font fontname to graphics card
3.6655 	DEBUG 	Upload of Texture Font fontname complete
3.6665 	EXP 	window1: mouseVisible = True
3.6665 	EXP 	window1: mouseVisible = True
3.6668 	EXP 	window1: mouseVisible = True
3.6672 	EXP 	window1: mouseVisible = True
3.6763 	WARNING 	launchHubServer: If using the iohub mouse or eyetracker devices, fullScr should be True.
4.8152 	INFO 	keyboard.Keyboard is using iohub backend.
4.8153 	EXP 	Bar_vis_stim_devSB_v0.1: status = STARTED
4.8154 	EXP 	window1: mouseVisible = True
4.8164 	EXP 	Created horizontal_right = Rect(__class__=<class 'psychopy.visual.rect.Rect'>, anchor=('center', 'center'), autoDraw=False, autoLog=True, closeShape=True, color=method-wrapper(...), colorSpace='rgb', contrast=None, depth=0.0, draggable=False, fillColor=array([1, 1, 1]), fillColorSpace='rgb', fillRGB=array([1, 1, 1]), interpolate=True, lineColor=array([1., 1., 1.]), lineColorSpace='rgb', lineRGB=array([1, 1, 1]), lineWidth=10.0, name='horizontal_right', opacity=1.0, ori=0.0, pos=array([0., 0.]), size=array([0.1, 1. ]), units='height', vertices=ndarray(...), win=Window(...))
4.8164 	EXP 	window1: mouseVisible = True
4.8183 	EXP 	Created gray_screen = ImageStim(__class__=<class 'psychopy.visual.image.ImageStim'>, anchor=('center', 'center'), autoLog=True, color=array([0., 0., 0.]), colorSpace='rgb', contrast=1.0, depth=-1.0, draggable=False, flipHoriz=False, flipVert=False, image=None, interpolate=True, mask=None, maskParams=None, name='gray_screen', opacity=1.0, ori=0.0, pos=array([0., 0.]), size=array([0.5, 0.5]), texRes=128.0, units='height', win=Window(...))
4.8183 	EXP 	window1: mouseVisible = True
4.8192 	EXP 	Created horizontal_left = Rect(__class__=<class 'psychopy.visual.rect.Rect'>, anchor=('center', 'center'), autoDraw=False, autoLog=True, closeShape=True, color=method-wrapper(...), colorSpace='rgb', contrast=None, depth=-2.0, draggable=False, fillColor=array([1, 1, 1]), fillColorSpace='rgb', fillRGB=array([1, 1, 1]), interpolate=True, lineColor=array([1., 1., 1.]), lineColorSpace='rgb', lineRGB=array([1, 1, 1]), lineWidth=10.0, name='horizontal_left', opacity=1.0, ori=0.0, pos=array([0., 0.]), size=array([0.1, 1. ]), units='height', vertices=ndarray(...), win=Window(...))
4.8192 	EXP 	window1: mouseVisible = True
4.8200 	EXP 	Created vertical_down = Rect(__class__=<class 'psychopy.visual.rect.Rect'>, anchor=('center', 'center'), autoDraw=False, autoLog=True, closeShape=True, color=method-wrapper(...), colorSpace='rgb', contrast=None, depth=0.0, draggable=False, fillColor=array([1, 1, 1]), fillColorSpace='rgb', fillRGB=array([1, 1, 1]), interpolate=True, lineColor=array([1., 1., 1.]), lineColorSpace='rgb', lineRGB=array([1, 1, 1]), lineWidth=1.0, name='vertical_down', opacity=1.0, ori=0.0, pos=array([0., 0.]), size=array([2. , 0.1]), units='height', vertices=ndarray(...), win=Window(...))
4.8200 	EXP 	window1: mouseVisible = True
4.8209 	EXP 	Created gray_screen_2 = ImageStim(__class__=<class 'psychopy.visual.image.ImageStim'>, anchor=('center', 'center'), autoLog=True, color=array([0., 0., 0.]), colorSpace='rgb', contrast=1.0, depth=-1.0, draggable=False, flipHoriz=False, flipVert=False, image=None, interpolate=True, mask=None, maskParams=None, name='gray_screen_2', opacity=1.0, ori=0.0, pos=array([0., 0.]), size=array([0.5, 0.5]), texRes=128.0, units='height', win=Window(...))
4.8210 	EXP 	window1: mouseVisible = True
4.8217 	EXP 	Created vertical_up = Rect(__class__=<class 'psychopy.visual.rect.Rect'>, anchor=('center', 'center'), autoDraw=False, autoLog=True, closeShape=True, color=method-wrapper(...), colorSpace='rgb', contrast=None, depth=-2.0, draggable=False, fillColor=array([1, 1, 1]), fillColorSpace='rgb', fillRGB=array([1, 1, 1]), interpolate=True, lineColor=array([1., 1., 1.]), lineColorSpace='rgb', lineRGB=array([1, 1, 1]), lineWidth=1.0, name='vertical_up', opacity=1.0, ori=0.0, pos=array([0., 0.]), size=array([2. , 0.1]), units='height', vertices=ndarray(...), win=Window(...))
0.0325 	EXP 	horizontal_right: autoDraw = True
20.0152 	EXP 	gray_screen: autoDraw = True
20.0319 	EXP 	horizontal_right: autoDraw = False
23.0154 	EXP 	gray_screen: autoDraw = False
23.0154 	EXP 	horizontal_left: autoDraw = True
43.0160 	EXP 	horizontal_right: autoDraw = False
43.0160 	EXP 	gray_screen: autoDraw = False
43.0160 	EXP 	horizontal_left: autoDraw = False
43.0160 	EXP 	vertical_down: autoDraw = True
56.4001 	EXP 	gray_screen_2: autoDraw = True
56.4167 	EXP 	vertical_down: autoDraw = False
59.4008 	EXP 	gray_screen_2: autoDraw = False
59.4008 	EXP 	vertical_up: autoDraw = True
72.8012 	EXP 	vertical_up: autoDraw = False
72.8012 	EXP 	vertical_down: autoDraw = False
72.8012 	EXP 	gray_screen_2: autoDraw = False
72.8012 	EXP 	vertical_up: autoDraw = False
72.8046 	EXP 	Bar_vis_stim_devSB_v0.1: status = STOPPED
72.8065 	INFO 	saved data to 'C:\\dev\\sipefield-gratings\\PsychoPy\\data/564557_Bar_vis_stim_devSB_v0.1_2024-11-05_21h16.53.648.csv'
72.8068 	INFO 	saved data to C:\dev\sipefield-gratings\PsychoPy\data/564557_Bar_vis_stim_devSB_v0.1_2024-11-05_21h16.53.648.psydat
72.8231 	EXP 	window1: mouseVisible = True
72.9638 	DEBUG 	Saving data for Bar_vis_stim_devSB_v0.1 ExperimentHandler
