3.3499 	DEBUG 	Fullscreen settings ignored as running in pilot mode.
3.3504 	INFO 	Loaded monitor calibration from ['2024_06_27 19:13']
3.4300 	EXP 	Created window1 = Window(allowGUI=True, allowStencil=False, autoLog=True, backendConf=UNKNOWN, backgroundFit=<method-wrapper '__getattribute__' of attributeSetter object at 0x000001780DADACD0>, backgroundImage=<method-wrapper '__getattribute__' of attributeSetter object at 0x000001780DADAC70>, bitsMode=UNKNOWN, blendMode='avg', bpc=(8, 8, 8), color=array([0, 0, 0]), colorSpace='rgb', depthBits=8, fullscr=<method-wrapper '__getattribute__' of attributeSetter object at 0x000001780DADAAC0>, gamma=None, gammaErrorPolicy='raise', infoMsg=UNKNOWN, lms=UNKNOWN, monitor=<psychopy.monitors.calibTools.Monitor object at 0x000001780DE9AC10>, multiSample=False, name='window1', numSamples=2, pos=[1520.0, 780.0], screen=1, size=array([800, 600]), stencilBits=0, stereo=False, title='PsychoPy', units='height', useFBO=True, useRetina=False, viewOri=0.0, viewPos=None, viewScale=None, waitBlanking=True, winType='pyglet')
3.4300 	EXP 	window1: backgroundImage = ''
3.4300 	EXP 	window1: backgroundFit = 'none'
3.4301 	EXP 	window1: mouseVisible = <method-wrapper '__getattribute__' of attributeSetter object at 0x000001780DADADF0>
3.4303 	EXP 	window1: mouseVisible = <method-wrapper '__getattribute__' of attributeSetter object at 0x000001780DADADF0>
3.4312 	EXP 	window1: mouseVisible = <method-wrapper '__getattribute__' of attributeSetter object at 0x000001780DADADF0>
3.4316 	EXP 	window1: mouseVisible = <method-wrapper '__getattribute__' of attributeSetter object at 0x000001780DADADF0>
3.4342 	DEBUG 	TextBox2 loaded 1 chars with 0 blanks and 1 valid
3.4348 	DEBUG 	TextBox2 loaded 1 chars with 0 blanks and 1 valid
3.4355 	DEBUG 	TextBox2 loaded 1 chars with 0 blanks and 1 valid
3.4362 	DEBUG 	TextBox2 loaded 1 chars with 0 blanks and 1 valid
3.4370 	DEBUG 	TextBox2 loaded 1 chars with 0 blanks and 1 valid
3.4375 	DEBUG 	TextBox2 loaded 1 chars with 0 blanks and 1 valid
3.4382 	DEBUG 	TextBox2 loaded 1 chars with 0 blanks and 1 valid
3.4389 	DEBUG 	TextBox2 loaded 1 chars with 0 blanks and 1 valid
3.4394 	DEBUG 	TextBox2 loaded 1 chars with 0 blanks and 1 valid
3.4398 	DEBUG 	TextBox2 loaded 1 chars with 0 blanks and 1 valid
3.4404 	DEBUG 	TextBox2 loaded 1 chars with 0 blanks and 1 valid
3.4410 	DEBUG 	TextBox2 loaded 1 chars with 0 blanks and 1 valid
3.4417 	DEBUG 	TextBox2 loaded 1 chars with 0 blanks and 1 valid
3.4423 	DEBUG 	TextBox2 loaded 1 chars with 0 blanks and 1 valid
3.4429 	DEBUG 	TextBox2 loaded 1 chars with 0 blanks and 1 valid
3.4435 	DEBUG 	TextBox2 loaded 1 chars with 0 blanks and 1 valid
3.4441 	DEBUG 	TextBox2 loaded 1 chars with 0 blanks and 1 valid
3.4446 	DEBUG 	TextBox2 loaded 1 chars with 0 blanks and 1 valid
3.4451 	DEBUG 	TextBox2 loaded 1 chars with 0 blanks and 1 valid
3.4459 	DEBUG 	TextBox2 loaded 1 chars with 0 blanks and 1 valid
3.4464 	DEBUG 	TextBox2 loaded 1 chars with 0 blanks and 1 valid
3.4466 	DEBUG 	Uploading Texture Font fontname to graphics card
3.4480 	DEBUG 	Upload of Texture Font fontname complete
3.4488 	EXP 	window1: mouseVisible = <method-wrapper '__getattribute__' of attributeSetter object at 0x000001780DADADF0>
3.4489 	EXP 	window1: mouseVisible = <method-wrapper '__getattribute__' of attributeSetter object at 0x000001780DADADF0>
3.4492 	EXP 	window1: mouseVisible = <method-wrapper '__getattribute__' of attributeSetter object at 0x000001780DADADF0>
3.4495 	EXP 	window1: mouseVisible = <method-wrapper '__getattribute__' of attributeSetter object at 0x000001780DADADF0>
3.4517 	DEBUG 	TextBox2 loaded 1 chars with 0 blanks and 1 valid
3.4525 	DEBUG 	TextBox2 loaded 1 chars with 0 blanks and 1 valid
3.4533 	DEBUG 	TextBox2 loaded 1 chars with 0 blanks and 1 valid
3.4534 	DEBUG 	Uploading Texture Font fontname to graphics card
3.4541 	DEBUG 	Upload of Texture Font fontname complete
3.4552 	EXP 	window1: Attempting to measure frame rate of screen (1) ...
3.4553 	EXP 	window1: recordFrameIntervals = False
3.6262 	EXP 	window1: recordFrameIntervals = True
3.8077 	EXP 	Screen (1) actual frame rate measured at 60.51Hz
3.8077 	EXP 	window1: recordFrameIntervals = False
3.8078 	EXP 	window1: mouseVisible = True
3.8081 	EXP 	window1: mouseVisible = True
3.8085 	EXP 	window1: mouseVisible = True
3.8091 	EXP 	window1: mouseVisible = True
3.8096 	EXP 	window1: mouseVisible = True
3.8123 	DEBUG 	TextBox2 loaded 1 chars with 0 blanks and 1 valid
3.8128 	DEBUG 	TextBox2 loaded 1 chars with 0 blanks and 1 valid
3.8136 	DEBUG 	TextBox2 loaded 1 chars with 0 blanks and 1 valid
3.8144 	DEBUG 	TextBox2 loaded 1 chars with 0 blanks and 1 valid
3.8152 	DEBUG 	TextBox2 loaded 1 chars with 0 blanks and 1 valid
3.8160 	DEBUG 	TextBox2 loaded 1 chars with 0 blanks and 1 valid
3.8166 	DEBUG 	TextBox2 loaded 1 chars with 0 blanks and 1 valid
3.8173 	DEBUG 	TextBox2 loaded 1 chars with 0 blanks and 1 valid
3.8181 	DEBUG 	TextBox2 loaded 1 chars with 0 blanks and 1 valid
3.8188 	DEBUG 	TextBox2 loaded 1 chars with 0 blanks and 1 valid
3.8190 	DEBUG 	Uploading Texture Font fontname to graphics card
3.8194 	DEBUG 	Upload of Texture Font fontname complete
3.8203 	EXP 	window1: mouseVisible = True
3.8204 	EXP 	window1: mouseVisible = True
3.8207 	EXP 	window1: mouseVisible = True
3.8209 	EXP 	window1: mouseVisible = True
3.8308 	WARNING 	launchHubServer: If using the iohub mouse or eyetracker devices, fullScr should be True.
4.9701 	INFO 	keyboard.Keyboard is using iohub backend.
4.9701 	EXP 	Bar_vis_stim_devSB_v0.1: status = STARTED
4.9702 	EXP 	window1: mouseVisible = True
4.9712 	EXP 	Created polygon = Rect(__class__=<class 'psychopy.visual.rect.Rect'>, anchor=('left', 'center'), autoDraw=False, autoLog=True, closeShape=True, color=method-wrapper(...), colorSpace='rgb', contrast=None, depth=0.0, draggable=False, fillColor=array([1, 1, 1]), fillColorSpace='rgb', fillRGB=array([1, 1, 1]), interpolate=True, lineColor=array([1., 1., 1.]), lineColorSpace='rgb', lineRGB=array([1, 1, 1]), lineWidth=10.0, name='polygon', opacity=1.0, ori=0.0, pos=array([-0.5,  0.1]), size=array([0.1, 1. ]), units='height', vertices=ndarray(...), win=Window(...))
0.0238 	EXP 	polygon: autoDraw = True
5.0207 	EXP 	polygon: autoDraw = False
5.0232 	EXP 	Bar_vis_stim_devSB_v0.1: status = STOPPED
5.0253 	INFO 	saved data to 'C:\\dev\\sipefield-gratings\\PsychoPy\\data/590099_Bar_vis_stim_devSB_v0.1_2024-11-05_19h34.04.317.csv'
5.0257 	INFO 	saved data to C:\dev\sipefield-gratings\PsychoPy\data/590099_Bar_vis_stim_devSB_v0.1_2024-11-05_19h34.04.317.psydat
5.0530 	EXP 	window1: mouseVisible = True
5.4279 	DEBUG 	Saving data for Bar_vis_stim_devSB_v0.1 ExperimentHandler
