3.8572 	DEBUG 	Fullscreen settings ignored as running in pilot mode.
3.8577 	INFO 	Loaded monitor calibration from ['2024_06_27 19:13']
3.9359 	EXP 	Created window1 = Window(allowGUI=True, allowStencil=False, autoLog=True, backendConf=UNKNOWN, backgroundFit=<method-wrapper '__getattribute__' of attributeSetter object at 0x000001F9DE8CAD30>, backgroundImage=<method-wrapper '__getattribute__' of attributeSetter object at 0x000001F9DE8CACD0>, bitsMode=UNKNOWN, blendMode='avg', bpc=(8, 8, 8), color=array([0, 0, 0]), colorSpace='rgb', depthBits=8, fullscr=<method-wrapper '__getattribute__' of attributeSetter object at 0x000001F9DE8CAB20>, gamma=None, gammaErrorPolicy='raise', infoMsg=UNKNOWN, lms=UNKNOWN, monitor=<psychopy.monitors.calibTools.Monitor object at 0x000001F9DEC8AC70>, multiSample=False, name='window1', numSamples=2, pos=[560.0, 240.0], screen=0, size=array([800, 600]), stencilBits=0, stereo=False, title='PsychoPy', units='height', useFBO=True, useRetina=False, viewOri=0.0, viewPos=None, viewScale=None, waitBlanking=True, winType='pyglet')
3.9360 	EXP 	window1: backgroundImage = ''
3.9360 	EXP 	window1: backgroundFit = 'none'
3.9361 	EXP 	window1: mouseVisible = <method-wrapper '__getattribute__' of attributeSetter object at 0x000001F9DE8CAE50>
3.9362 	EXP 	window1: mouseVisible = <method-wrapper '__getattribute__' of attributeSetter object at 0x000001F9DE8CAE50>
3.9372 	EXP 	window1: mouseVisible = <method-wrapper '__getattribute__' of attributeSetter object at 0x000001F9DE8CAE50>
3.9375 	EXP 	window1: mouseVisible = <method-wrapper '__getattribute__' of attributeSetter object at 0x000001F9DE8CAE50>
3.9401 	DEBUG 	TextBox2 loaded 1 chars with 0 blanks and 1 valid
3.9408 	DEBUG 	TextBox2 loaded 1 chars with 0 blanks and 1 valid
3.9415 	DEBUG 	TextBox2 loaded 1 chars with 0 blanks and 1 valid
3.9423 	DEBUG 	TextBox2 loaded 1 chars with 0 blanks and 1 valid
3.9430 	DEBUG 	TextBox2 loaded 1 chars with 0 blanks and 1 valid
3.9436 	DEBUG 	TextBox2 loaded 1 chars with 0 blanks and 1 valid
3.9442 	DEBUG 	TextBox2 loaded 1 chars with 0 blanks and 1 valid
3.9450 	DEBUG 	TextBox2 loaded 1 chars with 0 blanks and 1 valid
3.9454 	DEBUG 	TextBox2 loaded 1 chars with 0 blanks and 1 valid
3.9459 	DEBUG 	TextBox2 loaded 1 chars with 0 blanks and 1 valid
3.9465 	DEBUG 	TextBox2 loaded 1 chars with 0 blanks and 1 valid
3.9472 	DEBUG 	TextBox2 loaded 1 chars with 0 blanks and 1 valid
3.9478 	DEBUG 	TextBox2 loaded 1 chars with 0 blanks and 1 valid
3.9484 	DEBUG 	TextBox2 loaded 1 chars with 0 blanks and 1 valid
3.9490 	DEBUG 	TextBox2 loaded 1 chars with 0 blanks and 1 valid
3.9497 	DEBUG 	TextBox2 loaded 1 chars with 0 blanks and 1 valid
3.9503 	DEBUG 	TextBox2 loaded 1 chars with 0 blanks and 1 valid
3.9508 	DEBUG 	TextBox2 loaded 1 chars with 0 blanks and 1 valid
3.9513 	DEBUG 	TextBox2 loaded 1 chars with 0 blanks and 1 valid
3.9521 	DEBUG 	TextBox2 loaded 1 chars with 0 blanks and 1 valid
3.9526 	DEBUG 	TextBox2 loaded 1 chars with 0 blanks and 1 valid
3.9528 	DEBUG 	Uploading Texture Font fontname to graphics card
3.9550 	DEBUG 	Upload of Texture Font fontname complete
3.9559 	EXP 	window1: mouseVisible = <method-wrapper '__getattribute__' of attributeSetter object at 0x000001F9DE8CAE50>
3.9560 	EXP 	window1: mouseVisible = <method-wrapper '__getattribute__' of attributeSetter object at 0x000001F9DE8CAE50>
3.9563 	EXP 	window1: mouseVisible = <method-wrapper '__getattribute__' of attributeSetter object at 0x000001F9DE8CAE50>
3.9566 	EXP 	window1: mouseVisible = <method-wrapper '__getattribute__' of attributeSetter object at 0x000001F9DE8CAE50>
3.9590 	DEBUG 	TextBox2 loaded 1 chars with 0 blanks and 1 valid
3.9598 	DEBUG 	TextBox2 loaded 1 chars with 0 blanks and 1 valid
3.9607 	DEBUG 	TextBox2 loaded 1 chars with 0 blanks and 1 valid
3.9609 	DEBUG 	Uploading Texture Font fontname to graphics card
3.9621 	DEBUG 	Upload of Texture Font fontname complete
3.9632 	EXP 	window1: Attempting to measure frame rate of screen (0) ...
3.9632 	EXP 	window1: recordFrameIntervals = False
4.1273 	EXP 	window1: recordFrameIntervals = True
4.4094 	EXP 	Screen (0) actual frame rate measured at 59.96Hz
4.4094 	EXP 	window1: recordFrameIntervals = False
4.4095 	EXP 	window1: mouseVisible = True
4.4099 	EXP 	window1: mouseVisible = True
4.4101 	EXP 	window1: mouseVisible = True
4.4109 	EXP 	window1: mouseVisible = True
4.4117 	EXP 	window1: mouseVisible = True
4.4158 	DEBUG 	TextBox2 loaded 1 chars with 0 blanks and 1 valid
4.4166 	DEBUG 	TextBox2 loaded 1 chars with 0 blanks and 1 valid
4.4174 	DEBUG 	TextBox2 loaded 1 chars with 0 blanks and 1 valid
4.4183 	DEBUG 	TextBox2 loaded 1 chars with 0 blanks and 1 valid
4.4190 	DEBUG 	TextBox2 loaded 1 chars with 0 blanks and 1 valid
4.4198 	DEBUG 	TextBox2 loaded 1 chars with 0 blanks and 1 valid
4.4203 	DEBUG 	TextBox2 loaded 1 chars with 0 blanks and 1 valid
4.4210 	DEBUG 	TextBox2 loaded 1 chars with 0 blanks and 1 valid
4.4218 	DEBUG 	TextBox2 loaded 1 chars with 0 blanks and 1 valid
4.4227 	DEBUG 	TextBox2 loaded 1 chars with 0 blanks and 1 valid
4.4229 	DEBUG 	Uploading Texture Font fontname to graphics card
4.4233 	DEBUG 	Upload of Texture Font fontname complete
4.4243 	EXP 	window1: mouseVisible = True
4.4244 	EXP 	window1: mouseVisible = True
4.4247 	EXP 	window1: mouseVisible = True
4.4249 	EXP 	window1: mouseVisible = True
4.4352 	WARNING 	launchHubServer: If using the iohub mouse or eyetracker devices, fullScr should be True.
5.8768 	INFO 	keyboard.Keyboard is using iohub backend.
5.8768 	EXP 	Bar_vis_stim_devSB_v0.1: status = STARTED
5.8769 	EXP 	window1: mouseVisible = True
5.8806 	EXP 	Created polygon = Rect(__class__=<class 'psychopy.visual.rect.Rect'>, anchor=('center', 'center'), autoDraw=False, autoLog=True, closeShape=True, color=method-wrapper(...), colorSpace='rgb', contrast=None, depth=0.0, draggable=False, fillColor=array([1, 1, 1]), fillColorSpace='rgb', fillRGB=array([1, 1, 1]), interpolate=True, lineColor=array([1., 1., 1.]), lineColorSpace='rgb', lineRGB=array([1, 1, 1]), lineWidth=10.0, name='polygon', opacity=1.0, ori=0.0, pos=array([1., 0.]), size=array([0.1, 1. ]), units='height', vertices=ndarray(...), win=Window(...))
0.0351 	EXP 	polygon: autoDraw = True
5.0276 	EXP 	polygon: autoDraw = False
5.0311 	EXP 	Bar_vis_stim_devSB_v0.1: status = STOPPED
5.0332 	INFO 	saved data to 'C:\\dev\\sipefield-gratings\\PsychoPy\\data/605470_Bar_vis_stim_devSB_v0.1_2024-11-05_19h39.16.602.csv'
5.0336 	INFO 	saved data to C:\dev\sipefield-gratings\PsychoPy\data/605470_Bar_vis_stim_devSB_v0.1_2024-11-05_19h39.16.602.psydat
5.0543 	EXP 	window1: mouseVisible = True
5.4096 	DEBUG 	Saving data for Bar_vis_stim_devSB_v0.1 ExperimentHandler
