3.1430 	INFO 	Loaded monitor calibration from ['2024_06_27 19:13']
3.2250 	EXP 	Created window1 = Window(allowGUI=True, allowStencil=False, autoLog=True, backendConf=UNKNOWN, backgroundFit=<method-wrapper '__getattribute__' of attributeSetter object at 0x0000027C45A9B370>, backgroundImage=<method-wrapper '__getattribute__' of attributeSetter object at 0x0000027C45A9B310>, bitsMode=UNKNOWN, blendMode='avg', bpc=(8, 8, 8), color=array([0, 0, 0]), colorSpace='rgb', depthBits=8, fullscr=<method-wrapper '__getattribute__' of attributeSetter object at 0x0000027C45A9B160>, gamma=None, gammaErrorPolicy='raise', infoMsg=UNKNOWN, lms=UNKNOWN, monitor=<psychopy.monitors.calibTools.Monitor object at 0x0000027C45E5C250>, multiSample=False, name='window1', numSamples=2, pos=[1520.0, 780.0], screen=1, size=array([800, 600]), stencilBits=0, stereo=False, title='PsychoPy', units='height', useFBO=True, useRetina=False, viewOri=0.0, viewPos=None, viewScale=None, waitBlanking=True, winType='pyglet')
3.2250 	EXP 	window1: backgroundImage = ''
3.2250 	EXP 	window1: backgroundFit = 'none'
3.2251 	EXP 	window1: mouseVisible = <method-wrapper '__getattribute__' of attributeSetter object at 0x0000027C45A9B490>
3.2253 	EXP 	window1: mouseVisible = <method-wrapper '__getattribute__' of attributeSetter object at 0x0000027C45A9B490>
3.2262 	EXP 	window1: mouseVisible = <method-wrapper '__getattribute__' of attributeSetter object at 0x0000027C45A9B490>
3.2265 	EXP 	window1: mouseVisible = <method-wrapper '__getattribute__' of attributeSetter object at 0x0000027C45A9B490>
3.2290 	DEBUG 	TextBox2 loaded 1 chars with 0 blanks and 1 valid
3.2297 	DEBUG 	TextBox2 loaded 1 chars with 0 blanks and 1 valid
3.2303 	DEBUG 	TextBox2 loaded 1 chars with 0 blanks and 1 valid
3.2311 	DEBUG 	TextBox2 loaded 1 chars with 0 blanks and 1 valid
3.2318 	DEBUG 	TextBox2 loaded 1 chars with 0 blanks and 1 valid
3.2323 	DEBUG 	TextBox2 loaded 1 chars with 0 blanks and 1 valid
3.2330 	DEBUG 	TextBox2 loaded 1 chars with 0 blanks and 1 valid
3.2337 	DEBUG 	TextBox2 loaded 1 chars with 0 blanks and 1 valid
3.2341 	DEBUG 	TextBox2 loaded 1 chars with 0 blanks and 1 valid
3.2346 	DEBUG 	TextBox2 loaded 1 chars with 0 blanks and 1 valid
3.2352 	DEBUG 	TextBox2 loaded 1 chars with 0 blanks and 1 valid
3.2358 	DEBUG 	TextBox2 loaded 1 chars with 0 blanks and 1 valid
3.2364 	DEBUG 	TextBox2 loaded 1 chars with 0 blanks and 1 valid
3.2370 	DEBUG 	TextBox2 loaded 1 chars with 0 blanks and 1 valid
3.2376 	DEBUG 	TextBox2 loaded 1 chars with 0 blanks and 1 valid
3.2382 	DEBUG 	TextBox2 loaded 1 chars with 0 blanks and 1 valid
3.2389 	DEBUG 	TextBox2 loaded 1 chars with 0 blanks and 1 valid
3.2394 	DEBUG 	TextBox2 loaded 1 chars with 0 blanks and 1 valid
3.2399 	DEBUG 	TextBox2 loaded 1 chars with 0 blanks and 1 valid
3.2406 	DEBUG 	TextBox2 loaded 1 chars with 0 blanks and 1 valid
3.2411 	DEBUG 	TextBox2 loaded 1 chars with 0 blanks and 1 valid
3.2413 	DEBUG 	Uploading Texture Font fontname to graphics card
3.2423 	DEBUG 	Upload of Texture Font fontname complete
3.2431 	EXP 	window1: mouseVisible = <method-wrapper '__getattribute__' of attributeSetter object at 0x0000027C45A9B490>
3.2432 	EXP 	window1: mouseVisible = <method-wrapper '__getattribute__' of attributeSetter object at 0x0000027C45A9B490>
3.2435 	EXP 	window1: mouseVisible = <method-wrapper '__getattribute__' of attributeSetter object at 0x0000027C45A9B490>
3.2438 	EXP 	window1: mouseVisible = <method-wrapper '__getattribute__' of attributeSetter object at 0x0000027C45A9B490>
3.2459 	DEBUG 	TextBox2 loaded 1 chars with 0 blanks and 1 valid
3.2467 	DEBUG 	TextBox2 loaded 1 chars with 0 blanks and 1 valid
3.2475 	DEBUG 	TextBox2 loaded 1 chars with 0 blanks and 1 valid
3.2476 	DEBUG 	Uploading Texture Font fontname to graphics card
3.2481 	DEBUG 	Upload of Texture Font fontname complete
3.2491 	EXP 	window1: Attempting to measure frame rate of screen (1) ...
3.2491 	EXP 	window1: recordFrameIntervals = False
3.4059 	EXP 	window1: recordFrameIntervals = True
3.5895 	EXP 	Screen (1) actual frame rate measured at 60.09Hz
3.5896 	EXP 	window1: recordFrameIntervals = False
3.5897 	EXP 	window1: mouseVisible = True
3.5902 	EXP 	window1: mouseVisible = True
3.5905 	EXP 	window1: mouseVisible = True
3.5915 	EXP 	window1: mouseVisible = True
3.5925 	EXP 	window1: mouseVisible = True
3.5963 	DEBUG 	TextBox2 loaded 1 chars with 0 blanks and 1 valid
3.5970 	DEBUG 	TextBox2 loaded 1 chars with 0 blanks and 1 valid
3.5977 	DEBUG 	TextBox2 loaded 1 chars with 0 blanks and 1 valid
3.5985 	DEBUG 	TextBox2 loaded 1 chars with 0 blanks and 1 valid
3.5993 	DEBUG 	TextBox2 loaded 1 chars with 0 blanks and 1 valid
3.6001 	DEBUG 	TextBox2 loaded 1 chars with 0 blanks and 1 valid
3.6006 	DEBUG 	TextBox2 loaded 1 chars with 0 blanks and 1 valid
3.6013 	DEBUG 	TextBox2 loaded 1 chars with 0 blanks and 1 valid
3.6021 	DEBUG 	TextBox2 loaded 1 chars with 0 blanks and 1 valid
3.6028 	DEBUG 	TextBox2 loaded 1 chars with 0 blanks and 1 valid
3.6030 	DEBUG 	Uploading Texture Font fontname to graphics card
3.6034 	DEBUG 	Upload of Texture Font fontname complete
3.6043 	EXP 	window1: mouseVisible = True
3.6044 	EXP 	window1: mouseVisible = True
3.6047 	EXP 	window1: mouseVisible = True
3.6049 	EXP 	window1: mouseVisible = True
3.6143 	WARNING 	launchHubServer: If using the iohub mouse or eyetracker devices, fullScr should be True.
4.7565 	INFO 	keyboard.Keyboard is using iohub backend.
4.7565 	EXP 	Bar_vis_stim_devSB_v0.1: status = STARTED
4.7566 	EXP 	window1: mouseVisible = True
4.7580 	EXP 	Created vertical_bar = Rect(__class__=<class 'psychopy.visual.rect.Rect'>, anchor=('center', 'center'), autoDraw=False, autoLog=True, closeShape=True, color=method-wrapper(...), colorSpace='rgb', contrast=None, depth=0.0, draggable=False, fillColor=array([1, 1, 1]), fillColorSpace='rgb', fillRGB=array([1, 1, 1]), interpolate=True, lineColor=array([1., 1., 1.]), lineColorSpace='rgb', lineRGB=array([1, 1, 1]), lineWidth=1.0, name='vertical_bar', opacity=1.0, ori=0.0, pos=array([0., 0.]), size=array([2. , 0.1]), units='height', vertices=ndarray(...), win=Window(...))
0.0152 	EXP 	vertical_bar: autoDraw = True
13.4148 	EXP 	vertical_bar: autoDraw = False
13.4148 	EXP 	vertical_bar: autoDraw = False
13.4188 	EXP 	Bar_vis_stim_devSB_v0.1: status = STOPPED
13.4228 	INFO 	saved data to 'C:\\dev\\sipefield-gratings\\PsychoPy\\data/704844_Bar_vis_stim_devSB_v0.1_2024-11-05_21h12.43.828.csv'
13.4240 	INFO 	saved data to C:\dev\sipefield-gratings\PsychoPy\data/704844_Bar_vis_stim_devSB_v0.1_2024-11-05_21h12.43.828.psydat
13.4418 	EXP 	window1: mouseVisible = True
13.9191 	DEBUG 	Saving data for Bar_vis_stim_devSB_v0.1 ExperimentHandler
