3.6768 	DEBUG 	Fullscreen settings ignored as running in pilot mode.
3.6772 	INFO 	Loaded monitor calibration from ['2024_06_27 19:13']
3.7572 	EXP 	Created window1 = Window(allowGUI=True, allowStencil=False, autoLog=True, backendConf=UNKNOWN, backgroundFit=<method-wrapper '__getattribute__' of attributeSetter object at 0x000002CEF8FAA2E0>, backgroundImage=<method-wrapper '__getattribute__' of attributeSetter object at 0x000002CEF8FAA280>, bitsMode=UNKNOWN, blendMode='avg', bpc=(8, 8, 8), color=array([0, 0, 0]), colorSpace='rgb', depthBits=8, fullscr=<method-wrapper '__getattribute__' of attributeSetter object at 0x000002CEF8FAA0D0>, gamma=None, gammaErrorPolicy='raise', infoMsg=UNKNOWN, lms=UNKNOWN, monitor=<psychopy.monitors.calibTools.Monitor object at 0x000002CEF936C220>, multiSample=False, name='window1', numSamples=2, pos=[1520.0, 780.0], screen=1, size=array([800, 600]), stencilBits=0, stereo=False, title='PsychoPy', units='height', useFBO=True, useRetina=False, viewOri=0.0, viewPos=None, viewScale=None, waitBlanking=True, winType='pyglet')
3.7572 	EXP 	window1: backgroundImage = ''
3.7573 	EXP 	window1: backgroundFit = 'none'
3.7574 	EXP 	window1: mouseVisible = <method-wrapper '__getattribute__' of attributeSetter object at 0x000002CEF8FAA400>
3.7575 	EXP 	window1: mouseVisible = <method-wrapper '__getattribute__' of attributeSetter object at 0x000002CEF8FAA400>
3.7584 	EXP 	window1: mouseVisible = <method-wrapper '__getattribute__' of attributeSetter object at 0x000002CEF8FAA400>
3.7587 	EXP 	window1: mouseVisible = <method-wrapper '__getattribute__' of attributeSetter object at 0x000002CEF8FAA400>
3.7613 	DEBUG 	TextBox2 loaded 1 chars with 0 blanks and 1 valid
3.7620 	DEBUG 	TextBox2 loaded 1 chars with 0 blanks and 1 valid
3.7627 	DEBUG 	TextBox2 loaded 1 chars with 0 blanks and 1 valid
3.7634 	DEBUG 	TextBox2 loaded 1 chars with 0 blanks and 1 valid
3.7642 	DEBUG 	TextBox2 loaded 1 chars with 0 blanks and 1 valid
3.7647 	DEBUG 	TextBox2 loaded 1 chars with 0 blanks and 1 valid
3.7653 	DEBUG 	TextBox2 loaded 1 chars with 0 blanks and 1 valid
3.7660 	DEBUG 	TextBox2 loaded 1 chars with 0 blanks and 1 valid
3.7665 	DEBUG 	TextBox2 loaded 1 chars with 0 blanks and 1 valid
3.7669 	DEBUG 	TextBox2 loaded 1 chars with 0 blanks and 1 valid
3.7675 	DEBUG 	TextBox2 loaded 1 chars with 0 blanks and 1 valid
3.7682 	DEBUG 	TextBox2 loaded 1 chars with 0 blanks and 1 valid
3.7688 	DEBUG 	TextBox2 loaded 1 chars with 0 blanks and 1 valid
3.7694 	DEBUG 	TextBox2 loaded 1 chars with 0 blanks and 1 valid
3.7700 	DEBUG 	TextBox2 loaded 1 chars with 0 blanks and 1 valid
3.7706 	DEBUG 	TextBox2 loaded 1 chars with 0 blanks and 1 valid
3.7713 	DEBUG 	TextBox2 loaded 1 chars with 0 blanks and 1 valid
3.7717 	DEBUG 	TextBox2 loaded 1 chars with 0 blanks and 1 valid
3.7722 	DEBUG 	TextBox2 loaded 1 chars with 0 blanks and 1 valid
3.7730 	DEBUG 	TextBox2 loaded 1 chars with 0 blanks and 1 valid
3.7735 	DEBUG 	TextBox2 loaded 1 chars with 0 blanks and 1 valid
3.7737 	DEBUG 	Uploading Texture Font fontname to graphics card
3.7748 	DEBUG 	Upload of Texture Font fontname complete
3.7757 	EXP 	window1: mouseVisible = <method-wrapper '__getattribute__' of attributeSetter object at 0x000002CEF8FAA400>
3.7758 	EXP 	window1: mouseVisible = <method-wrapper '__getattribute__' of attributeSetter object at 0x000002CEF8FAA400>
3.7761 	EXP 	window1: mouseVisible = <method-wrapper '__getattribute__' of attributeSetter object at 0x000002CEF8FAA400>
3.7764 	EXP 	window1: mouseVisible = <method-wrapper '__getattribute__' of attributeSetter object at 0x000002CEF8FAA400>
3.7786 	DEBUG 	TextBox2 loaded 1 chars with 0 blanks and 1 valid
3.7794 	DEBUG 	TextBox2 loaded 1 chars with 0 blanks and 1 valid
3.7802 	DEBUG 	TextBox2 loaded 1 chars with 0 blanks and 1 valid
3.7804 	DEBUG 	Uploading Texture Font fontname to graphics card
3.7808 	DEBUG 	Upload of Texture Font fontname complete
3.7819 	EXP 	window1: Attempting to measure frame rate of screen (1) ...
3.7819 	EXP 	window1: recordFrameIntervals = False
3.9410 	EXP 	window1: recordFrameIntervals = True
4.1222 	EXP 	Screen (1) actual frame rate measured at 60.95Hz
4.1222 	EXP 	window1: recordFrameIntervals = False
4.1223 	EXP 	window1: mouseVisible = True
4.1227 	EXP 	window1: mouseVisible = True
4.1229 	EXP 	window1: mouseVisible = True
4.1236 	EXP 	window1: mouseVisible = True
4.1242 	EXP 	window1: mouseVisible = True
4.1273 	DEBUG 	TextBox2 loaded 1 chars with 0 blanks and 1 valid
4.1279 	DEBUG 	TextBox2 loaded 1 chars with 0 blanks and 1 valid
4.1286 	DEBUG 	TextBox2 loaded 1 chars with 0 blanks and 1 valid
4.1294 	DEBUG 	TextBox2 loaded 1 chars with 0 blanks and 1 valid
4.1302 	DEBUG 	TextBox2 loaded 1 chars with 0 blanks and 1 valid
4.1309 	DEBUG 	TextBox2 loaded 1 chars with 0 blanks and 1 valid
4.1314 	DEBUG 	TextBox2 loaded 1 chars with 0 blanks and 1 valid
4.1322 	DEBUG 	TextBox2 loaded 1 chars with 0 blanks and 1 valid
4.1330 	DEBUG 	TextBox2 loaded 1 chars with 0 blanks and 1 valid
4.1337 	DEBUG 	TextBox2 loaded 1 chars with 0 blanks and 1 valid
4.1339 	DEBUG 	Uploading Texture Font fontname to graphics card
4.1342 	DEBUG 	Upload of Texture Font fontname complete
4.1353 	EXP 	window1: mouseVisible = True
4.1354 	EXP 	window1: mouseVisible = True
4.1358 	EXP 	window1: mouseVisible = True
4.1361 	EXP 	window1: mouseVisible = True
4.1453 	WARNING 	launchHubServer: If using the iohub mouse or eyetracker devices, fullScr should be True.
5.2819 	INFO 	keyboard.Keyboard is using iohub backend.
5.2819 	EXP 	Bar_vis_stim_devSB_v0.1: status = STARTED
5.2820 	EXP 	window1: mouseVisible = True
5.2833 	EXP 	Created polygon = Rect(__class__=<class 'psychopy.visual.rect.Rect'>, anchor=('left', 'center'), autoDraw=False, autoLog=True, closeShape=True, color=method-wrapper(...), colorSpace='rgb', contrast=None, depth=0.0, draggable=False, fillColor=array([1, 1, 1]), fillColorSpace='rgb', fillRGB=array([1, 1, 1]), interpolate=True, lineColor=array([1., 1., 1.]), lineColorSpace='rgb', lineRGB=array([1, 1, 1]), lineWidth=10.0, name='polygon', opacity=1.0, ori=0.0, pos=array([-0.5,  1. ]), size=array([0.1, 1. ]), units='height', vertices=ndarray(...), win=Window(...))
0.0256 	EXP 	polygon: autoDraw = True
6.1078 	EXP 	polygon: autoDraw = False
6.1093 	EXP 	Bar_vis_stim_devSB_v0.1: status = STOPPED
6.1110 	INFO 	saved data to 'C:\\dev\\sipefield-gratings\\PsychoPy\\data/748351_Bar_vis_stim_devSB_v0.1_2024-11-05_19h25.53.671.csv'
6.1112 	INFO 	saved data to C:\dev\sipefield-gratings\PsychoPy\data/748351_Bar_vis_stim_devSB_v0.1_2024-11-05_19h25.53.671.psydat
6.1394 	EXP 	window1: mouseVisible = True
6.4215 	DEBUG 	Saving data for Bar_vis_stim_devSB_v0.1 ExperimentHandler
