6.7799 	DEBUG 	Fullscreen settings ignored as running in pilot mode.
6.7805 	INFO 	Loaded monitor calibration from ['2024_06_27 19:13']
6.8603 	EXP 	Created window1 = Window(allowGUI=True, allowStencil=False, autoLog=True, backendConf=UNKNOWN, backgroundFit=<method-wrapper '__getattribute__' of attributeSetter object at 0x00000166530DC1C0>, backgroundImage=<method-wrapper '__getattribute__' of attributeSetter object at 0x00000166530DC160>, bitsMode=UNKNOWN, blendMode='avg', bpc=(8, 8, 8), color=array([0, 0, 0]), colorSpace='rgb', depthBits=8, fullscr=<method-wrapper '__getattribute__' of attributeSetter object at 0x00000166530D9F70>, gamma=None, gammaErrorPolicy='raise', infoMsg=UNKNOWN, lms=UNKNOWN, monitor=<psychopy.monitors.calibTools.Monitor object at 0x000001665349E100>, multiSample=False, name='window1', numSamples=2, pos=[1520.0, 780.0], screen=1, size=array([800, 600]), stencilBits=0, stereo=False, title='PsychoPy', units='height', useFBO=True, useRetina=False, viewOri=0.0, viewPos=None, viewScale=None, waitBlanking=True, winType='pyglet')
6.8604 	EXP 	window1: backgroundImage = ''
6.8604 	EXP 	window1: backgroundFit = 'none'
6.8605 	EXP 	window1: mouseVisible = <method-wrapper '__getattribute__' of attributeSetter object at 0x00000166530DC2E0>
6.8606 	EXP 	window1: mouseVisible = <method-wrapper '__getattribute__' of attributeSetter object at 0x00000166530DC2E0>
6.8616 	EXP 	window1: mouseVisible = <method-wrapper '__getattribute__' of attributeSetter object at 0x00000166530DC2E0>
6.8619 	EXP 	window1: mouseVisible = <method-wrapper '__getattribute__' of attributeSetter object at 0x00000166530DC2E0>
6.8645 	DEBUG 	TextBox2 loaded 1 chars with 0 blanks and 1 valid
6.8652 	DEBUG 	TextBox2 loaded 1 chars with 0 blanks and 1 valid
6.8659 	DEBUG 	TextBox2 loaded 1 chars with 0 blanks and 1 valid
6.8666 	DEBUG 	TextBox2 loaded 1 chars with 0 blanks and 1 valid
6.8673 	DEBUG 	TextBox2 loaded 1 chars with 0 blanks and 1 valid
6.8679 	DEBUG 	TextBox2 loaded 1 chars with 0 blanks and 1 valid
6.8685 	DEBUG 	TextBox2 loaded 1 chars with 0 blanks and 1 valid
6.8692 	DEBUG 	TextBox2 loaded 1 chars with 0 blanks and 1 valid
6.8697 	DEBUG 	TextBox2 loaded 1 chars with 0 blanks and 1 valid
6.8701 	DEBUG 	TextBox2 loaded 1 chars with 0 blanks and 1 valid
6.8708 	DEBUG 	TextBox2 loaded 1 chars with 0 blanks and 1 valid
6.8714 	DEBUG 	TextBox2 loaded 1 chars with 0 blanks and 1 valid
6.8720 	DEBUG 	TextBox2 loaded 1 chars with 0 blanks and 1 valid
6.8726 	DEBUG 	TextBox2 loaded 1 chars with 0 blanks and 1 valid
6.8732 	DEBUG 	TextBox2 loaded 1 chars with 0 blanks and 1 valid
6.8739 	DEBUG 	TextBox2 loaded 1 chars with 0 blanks and 1 valid
6.8745 	DEBUG 	TextBox2 loaded 1 chars with 0 blanks and 1 valid
6.8750 	DEBUG 	TextBox2 loaded 1 chars with 0 blanks and 1 valid
6.8755 	DEBUG 	TextBox2 loaded 1 chars with 0 blanks and 1 valid
6.8762 	DEBUG 	TextBox2 loaded 1 chars with 0 blanks and 1 valid
6.8768 	DEBUG 	TextBox2 loaded 1 chars with 0 blanks and 1 valid
6.8769 	DEBUG 	Uploading Texture Font fontname to graphics card
6.8779 	DEBUG 	Upload of Texture Font fontname complete
6.8787 	EXP 	window1: mouseVisible = <method-wrapper '__getattribute__' of attributeSetter object at 0x00000166530DC2E0>
6.8788 	EXP 	window1: mouseVisible = <method-wrapper '__getattribute__' of attributeSetter object at 0x00000166530DC2E0>
6.8791 	EXP 	window1: mouseVisible = <method-wrapper '__getattribute__' of attributeSetter object at 0x00000166530DC2E0>
6.8794 	EXP 	window1: mouseVisible = <method-wrapper '__getattribute__' of attributeSetter object at 0x00000166530DC2E0>
6.8816 	DEBUG 	TextBox2 loaded 1 chars with 0 blanks and 1 valid
6.8824 	DEBUG 	TextBox2 loaded 1 chars with 0 blanks and 1 valid
6.8831 	DEBUG 	TextBox2 loaded 1 chars with 0 blanks and 1 valid
6.8833 	DEBUG 	Uploading Texture Font fontname to graphics card
6.8837 	DEBUG 	Upload of Texture Font fontname complete
6.8847 	EXP 	window1: Attempting to measure frame rate of screen (1) ...
6.8847 	EXP 	window1: recordFrameIntervals = False
7.0487 	EXP 	window1: recordFrameIntervals = True
7.3086 	EXP 	Screen (1) actual frame rate measured at 61.07Hz
7.3087 	EXP 	window1: recordFrameIntervals = False
7.3087 	EXP 	window1: mouseVisible = True
7.3091 	EXP 	window1: mouseVisible = True
7.3093 	EXP 	window1: mouseVisible = True
7.3100 	EXP 	window1: mouseVisible = True
7.3105 	EXP 	window1: mouseVisible = True
7.3138 	DEBUG 	TextBox2 loaded 1 chars with 0 blanks and 1 valid
7.3144 	DEBUG 	TextBox2 loaded 1 chars with 0 blanks and 1 valid
7.3151 	DEBUG 	TextBox2 loaded 1 chars with 0 blanks and 1 valid
7.3159 	DEBUG 	TextBox2 loaded 1 chars with 0 blanks and 1 valid
7.3167 	DEBUG 	TextBox2 loaded 1 chars with 0 blanks and 1 valid
7.3175 	DEBUG 	TextBox2 loaded 1 chars with 0 blanks and 1 valid
7.3180 	DEBUG 	TextBox2 loaded 1 chars with 0 blanks and 1 valid
7.3187 	DEBUG 	TextBox2 loaded 1 chars with 0 blanks and 1 valid
7.3195 	DEBUG 	TextBox2 loaded 1 chars with 0 blanks and 1 valid
7.3202 	DEBUG 	TextBox2 loaded 1 chars with 0 blanks and 1 valid
7.3204 	DEBUG 	Uploading Texture Font fontname to graphics card
7.3208 	DEBUG 	Upload of Texture Font fontname complete
7.3218 	EXP 	window1: mouseVisible = True
7.3220 	EXP 	window1: mouseVisible = True
7.3223 	EXP 	window1: mouseVisible = True
7.3226 	EXP 	window1: mouseVisible = True
7.3315 	WARNING 	launchHubServer: If using the iohub mouse or eyetracker devices, fullScr should be True.
8.4763 	INFO 	keyboard.Keyboard is using iohub backend.
8.4763 	EXP 	Bar_vis_stim_devSB_v0.1: status = STARTED
8.4764 	EXP 	window1: mouseVisible = True
8.4775 	EXP 	Created polygon = Rect(__class__=<class 'psychopy.visual.rect.Rect'>, anchor=('center', 'center'), autoDraw=False, autoLog=True, closeShape=True, color=method-wrapper(...), colorSpace='rgb', contrast=None, depth=0.0, draggable=False, fillColor=array([1, 1, 1]), fillColorSpace='rgb', fillRGB=array([1, 1, 1]), interpolate=True, lineColor=array([1., 1., 1.]), lineColorSpace='rgb', lineRGB=array([1, 1, 1]), lineWidth=10.0, name='polygon', opacity=1.0, ori=0.0, pos=array([0.6, 0. ]), size=array([0.1, 1. ]), units='height', vertices=ndarray(...), win=Window(...))
0.0332 	EXP 	polygon: autoDraw = True
0.6396 	DATA 	Mouse: Left button down, pos=(673,245)
0.7491 	DATA 	Mouse:  Left button up, pos=(673,245)
5.0146 	EXP 	polygon: autoDraw = False
5.0170 	EXP 	Bar_vis_stim_devSB_v0.1: status = STOPPED
5.0185 	INFO 	saved data to 'C:\\dev\\sipefield-gratings\\PsychoPy\\data/869297_Bar_vis_stim_devSB_v0.1_2024-11-05_19h38.07.971.csv'
5.0189 	INFO 	saved data to C:\dev\sipefield-gratings\PsychoPy\data/869297_Bar_vis_stim_devSB_v0.1_2024-11-05_19h38.07.971.psydat
5.0474 	EXP 	window1: mouseVisible = True
5.4201 	DEBUG 	Saving data for Bar_vis_stim_devSB_v0.1 ExperimentHandler
