2.7342 	INFO 	Loaded monitor calibration from ['2024_06_27 19:13']
2.8191 	EXP 	Created window1 = Window(allowGUI=True, allowStencil=False, autoLog=True, backendConf=UNKNOWN, backgroundFit=<method-wrapper '__getattribute__' of attributeSetter object at 0x000001200E6AB460>, backgroundImage=<method-wrapper '__getattribute__' of attributeSetter object at 0x000001200E6AB400>, bitsMode=UNKNOWN, blendMode='avg', bpc=(8, 8, 8), color=array([0, 0, 0]), colorSpace='rgb', depthBits=8, fullscr=<method-wrapper '__getattribute__' of attributeSetter object at 0x000001200E6AB250>, gamma=None, gammaErrorPolicy='raise', infoMsg=UNKNOWN, lms=UNKNOWN, monitor=<psychopy.monitors.calibTools.Monitor object at 0x000001200EA6C340>, multiSample=False, name='window1', numSamples=2, pos=[1520.0, 780.0], screen=1, size=array([800, 600]), stencilBits=0, stereo=False, title='PsychoPy', units='height', useFBO=True, useRetina=False, viewOri=0.0, viewPos=None, viewScale=None, waitBlanking=True, winType='pyglet')
2.8191 	EXP 	window1: backgroundImage = ''
2.8191 	EXP 	window1: backgroundFit = 'none'
2.8192 	EXP 	window1: mouseVisible = <method-wrapper '__getattribute__' of attributeSetter object at 0x000001200E6AB580>
2.8194 	EXP 	window1: mouseVisible = <method-wrapper '__getattribute__' of attributeSetter object at 0x000001200E6AB580>
2.8203 	EXP 	window1: mouseVisible = <method-wrapper '__getattribute__' of attributeSetter object at 0x000001200E6AB580>
2.8206 	EXP 	window1: mouseVisible = <method-wrapper '__getattribute__' of attributeSetter object at 0x000001200E6AB580>
2.8231 	DEBUG 	TextBox2 loaded 1 chars with 0 blanks and 1 valid
2.8238 	DEBUG 	TextBox2 loaded 1 chars with 0 blanks and 1 valid
2.8244 	DEBUG 	TextBox2 loaded 1 chars with 0 blanks and 1 valid
2.8252 	DEBUG 	TextBox2 loaded 1 chars with 0 blanks and 1 valid
2.8259 	DEBUG 	TextBox2 loaded 1 chars with 0 blanks and 1 valid
2.8264 	DEBUG 	TextBox2 loaded 1 chars with 0 blanks and 1 valid
2.8270 	DEBUG 	TextBox2 loaded 1 chars with 0 blanks and 1 valid
2.8278 	DEBUG 	TextBox2 loaded 1 chars with 0 blanks and 1 valid
2.8282 	DEBUG 	TextBox2 loaded 1 chars with 0 blanks and 1 valid
2.8286 	DEBUG 	TextBox2 loaded 1 chars with 0 blanks and 1 valid
2.8293 	DEBUG 	TextBox2 loaded 1 chars with 0 blanks and 1 valid
2.8299 	DEBUG 	TextBox2 loaded 1 chars with 0 blanks and 1 valid
2.8306 	DEBUG 	TextBox2 loaded 1 chars with 0 blanks and 1 valid
2.8313 	DEBUG 	TextBox2 loaded 1 chars with 0 blanks and 1 valid
2.8319 	DEBUG 	TextBox2 loaded 1 chars with 0 blanks and 1 valid
2.8325 	DEBUG 	TextBox2 loaded 1 chars with 0 blanks and 1 valid
2.8332 	DEBUG 	TextBox2 loaded 1 chars with 0 blanks and 1 valid
2.8337 	DEBUG 	TextBox2 loaded 1 chars with 0 blanks and 1 valid
2.8342 	DEBUG 	TextBox2 loaded 1 chars with 0 blanks and 1 valid
2.8349 	DEBUG 	TextBox2 loaded 1 chars with 0 blanks and 1 valid
2.8354 	DEBUG 	TextBox2 loaded 1 chars with 0 blanks and 1 valid
2.8356 	DEBUG 	Uploading Texture Font fontname to graphics card
2.8369 	DEBUG 	Upload of Texture Font fontname complete
2.8377 	EXP 	window1: mouseVisible = <method-wrapper '__getattribute__' of attributeSetter object at 0x000001200E6AB580>
2.8378 	EXP 	window1: mouseVisible = <method-wrapper '__getattribute__' of attributeSetter object at 0x000001200E6AB580>
2.8381 	EXP 	window1: mouseVisible = <method-wrapper '__getattribute__' of attributeSetter object at 0x000001200E6AB580>
2.8384 	EXP 	window1: mouseVisible = <method-wrapper '__getattribute__' of attributeSetter object at 0x000001200E6AB580>
2.8405 	DEBUG 	TextBox2 loaded 1 chars with 0 blanks and 1 valid
2.8413 	DEBUG 	TextBox2 loaded 1 chars with 0 blanks and 1 valid
2.8420 	DEBUG 	TextBox2 loaded 1 chars with 0 blanks and 1 valid
2.8422 	DEBUG 	Uploading Texture Font fontname to graphics card
2.8426 	DEBUG 	Upload of Texture Font fontname complete
2.8437 	EXP 	window1: Attempting to measure frame rate of screen (1) ...
2.8437 	EXP 	window1: recordFrameIntervals = False
3.0154 	EXP 	window1: recordFrameIntervals = True
3.2818 	EXP 	Screen (1) actual frame rate measured at 59.93Hz
3.2819 	EXP 	window1: recordFrameIntervals = False
3.2820 	EXP 	window1: mouseVisible = True
3.2823 	EXP 	window1: mouseVisible = True
3.2825 	EXP 	window1: mouseVisible = True
3.2832 	EXP 	window1: mouseVisible = True
3.2837 	EXP 	window1: mouseVisible = True
3.2864 	DEBUG 	TextBox2 loaded 1 chars with 0 blanks and 1 valid
3.2869 	DEBUG 	TextBox2 loaded 1 chars with 0 blanks and 1 valid
3.2877 	DEBUG 	TextBox2 loaded 1 chars with 0 blanks and 1 valid
3.2885 	DEBUG 	TextBox2 loaded 1 chars with 0 blanks and 1 valid
3.2892 	DEBUG 	TextBox2 loaded 1 chars with 0 blanks and 1 valid
3.2900 	DEBUG 	TextBox2 loaded 1 chars with 0 blanks and 1 valid
3.2905 	DEBUG 	TextBox2 loaded 1 chars with 0 blanks and 1 valid
3.2912 	DEBUG 	TextBox2 loaded 1 chars with 0 blanks and 1 valid
3.2920 	DEBUG 	TextBox2 loaded 1 chars with 0 blanks and 1 valid
3.2927 	DEBUG 	TextBox2 loaded 1 chars with 0 blanks and 1 valid
3.2929 	DEBUG 	Uploading Texture Font fontname to graphics card
3.2932 	DEBUG 	Upload of Texture Font fontname complete
3.2941 	EXP 	window1: mouseVisible = True
3.2942 	EXP 	window1: mouseVisible = True
3.2945 	EXP 	window1: mouseVisible = True
3.2948 	EXP 	window1: mouseVisible = True
3.3050 	WARNING 	launchHubServer: If using the iohub mouse or eyetracker devices, fullScr should be True.
4.4511 	INFO 	keyboard.Keyboard is using iohub backend.
4.4511 	EXP 	Bar_vis_stim_devSB_v0.1: status = STARTED
4.4513 	EXP 	window1: mouseVisible = True
4.4529 	EXP 	Created vertical_bar = Rect(__class__=<class 'psychopy.visual.rect.Rect'>, anchor=('center', 'center'), autoDraw=False, autoLog=True, closeShape=True, color=method-wrapper(...), colorSpace='rgb', contrast=None, depth=0.0, draggable=False, fillColor=array([1, 1, 1]), fillColorSpace='rgb', fillRGB=array([1, 1, 1]), interpolate=True, lineColor=array([1., 1., 1.]), lineColorSpace='rgb', lineRGB=array([1, 1, 1]), lineWidth=1.0, name='vertical_bar', opacity=1.0, ori=0.0, pos=array([0., 0.]), size=array([2. , 0.1]), units='height', vertices=ndarray(...), win=Window(...))
0.0316 	EXP 	vertical_bar: autoDraw = True
5.0293 	EXP 	vertical_bar: autoDraw = False
5.0307 	EXP 	Bar_vis_stim_devSB_v0.1: status = STOPPED
5.0316 	INFO 	saved data to 'C:\\dev\\sipefield-gratings\\PsychoPy\\data/888597_Bar_vis_stim_devSB_v0.1_2024-11-05_21h09.15.465.csv'
5.0319 	INFO 	saved data to C:\dev\sipefield-gratings\PsychoPy\data/888597_Bar_vis_stim_devSB_v0.1_2024-11-05_21h09.15.465.psydat
5.0599 	EXP 	window1: mouseVisible = True
5.3944 	DEBUG 	Saving data for Bar_vis_stim_devSB_v0.1 ExperimentHandler
