2.8940 	DEBUG 	Fullscreen settings ignored as running in pilot mode.
2.8945 	INFO 	Loaded monitor calibration from ['2024_06_27 19:13']
2.9751 	EXP 	Created window1 = Window(allowGUI=True, allowStencil=False, autoLog=True, backendConf=UNKNOWN, backgroundFit=<method-wrapper '__getattribute__' of attributeSetter object at 0x00000219D6B7AE80>, backgroundImage=<method-wrapper '__getattribute__' of attributeSetter object at 0x00000219D6B7AE20>, bitsMode=UNKNOWN, blendMode='avg', bpc=(8, 8, 8), color=array([0, 0, 0]), colorSpace='rgb', depthBits=8, fullscr=<method-wrapper '__getattribute__' of attributeSetter object at 0x00000219D6B7AC70>, gamma=None, gammaErrorPolicy='raise', infoMsg=UNKNOWN, lms=UNKNOWN, monitor=<psychopy.monitors.calibTools.Monitor object at 0x00000219D6F3ADC0>, multiSample=False, name='window1', numSamples=2, pos=[1520.0, 780.0], screen=1, size=array([800, 600]), stencilBits=0, stereo=False, title='PsychoPy', units='height', useFBO=True, useRetina=False, viewOri=0.0, viewPos=None, viewScale=None, waitBlanking=True, winType='pyglet')
2.9751 	EXP 	window1: backgroundImage = ''
2.9751 	EXP 	window1: backgroundFit = 'none'
2.9752 	EXP 	window1: mouseVisible = <method-wrapper '__getattribute__' of attributeSetter object at 0x00000219D6B7AFA0>
2.9753 	EXP 	window1: mouseVisible = <method-wrapper '__getattribute__' of attributeSetter object at 0x00000219D6B7AFA0>
2.9762 	EXP 	window1: mouseVisible = <method-wrapper '__getattribute__' of attributeSetter object at 0x00000219D6B7AFA0>
2.9766 	EXP 	window1: mouseVisible = <method-wrapper '__getattribute__' of attributeSetter object at 0x00000219D6B7AFA0>
2.9791 	DEBUG 	TextBox2 loaded 1 chars with 0 blanks and 1 valid
2.9798 	DEBUG 	TextBox2 loaded 1 chars with 0 blanks and 1 valid
2.9805 	DEBUG 	TextBox2 loaded 1 chars with 0 blanks and 1 valid
2.9812 	DEBUG 	TextBox2 loaded 1 chars with 0 blanks and 1 valid
2.9820 	DEBUG 	TextBox2 loaded 1 chars with 0 blanks and 1 valid
2.9825 	DEBUG 	TextBox2 loaded 1 chars with 0 blanks and 1 valid
2.9831 	DEBUG 	TextBox2 loaded 1 chars with 0 blanks and 1 valid
2.9838 	DEBUG 	TextBox2 loaded 1 chars with 0 blanks and 1 valid
2.9843 	DEBUG 	TextBox2 loaded 1 chars with 0 blanks and 1 valid
2.9847 	DEBUG 	TextBox2 loaded 1 chars with 0 blanks and 1 valid
2.9853 	DEBUG 	TextBox2 loaded 1 chars with 0 blanks and 1 valid
2.9860 	DEBUG 	TextBox2 loaded 1 chars with 0 blanks and 1 valid
2.9866 	DEBUG 	TextBox2 loaded 1 chars with 0 blanks and 1 valid
2.9872 	DEBUG 	TextBox2 loaded 1 chars with 0 blanks and 1 valid
2.9877 	DEBUG 	TextBox2 loaded 1 chars with 0 blanks and 1 valid
2.9884 	DEBUG 	TextBox2 loaded 1 chars with 0 blanks and 1 valid
2.9890 	DEBUG 	TextBox2 loaded 1 chars with 0 blanks and 1 valid
2.9895 	DEBUG 	TextBox2 loaded 1 chars with 0 blanks and 1 valid
2.9900 	DEBUG 	TextBox2 loaded 1 chars with 0 blanks and 1 valid
2.9907 	DEBUG 	TextBox2 loaded 1 chars with 0 blanks and 1 valid
2.9913 	DEBUG 	TextBox2 loaded 1 chars with 0 blanks and 1 valid
2.9914 	DEBUG 	Uploading Texture Font fontname to graphics card
2.9927 	DEBUG 	Upload of Texture Font fontname complete
2.9935 	EXP 	window1: mouseVisible = <method-wrapper '__getattribute__' of attributeSetter object at 0x00000219D6B7AFA0>
2.9936 	EXP 	window1: mouseVisible = <method-wrapper '__getattribute__' of attributeSetter object at 0x00000219D6B7AFA0>
2.9939 	EXP 	window1: mouseVisible = <method-wrapper '__getattribute__' of attributeSetter object at 0x00000219D6B7AFA0>
2.9942 	EXP 	window1: mouseVisible = <method-wrapper '__getattribute__' of attributeSetter object at 0x00000219D6B7AFA0>
2.9963 	DEBUG 	TextBox2 loaded 1 chars with 0 blanks and 1 valid
2.9971 	DEBUG 	TextBox2 loaded 1 chars with 0 blanks and 1 valid
2.9979 	DEBUG 	TextBox2 loaded 1 chars with 0 blanks and 1 valid
2.9980 	DEBUG 	Uploading Texture Font fontname to graphics card
2.9985 	DEBUG 	Upload of Texture Font fontname complete
2.9996 	EXP 	window1: Attempting to measure frame rate of screen (1) ...
2.9996 	EXP 	window1: recordFrameIntervals = False
3.1693 	EXP 	window1: recordFrameIntervals = True
3.3530 	EXP 	Screen (1) actual frame rate measured at 59.81Hz
3.3531 	EXP 	window1: recordFrameIntervals = False
3.3532 	EXP 	window1: mouseVisible = True
3.3536 	EXP 	window1: mouseVisible = True
3.3537 	EXP 	window1: mouseVisible = True
3.3553 	EXP 	window1: mouseVisible = True
3.3559 	EXP 	window1: mouseVisible = True
3.3597 	DEBUG 	TextBox2 loaded 1 chars with 0 blanks and 1 valid
3.3608 	DEBUG 	TextBox2 loaded 1 chars with 0 blanks and 1 valid
3.3621 	DEBUG 	TextBox2 loaded 1 chars with 0 blanks and 1 valid
3.3634 	DEBUG 	TextBox2 loaded 1 chars with 0 blanks and 1 valid
3.3641 	DEBUG 	TextBox2 loaded 1 chars with 0 blanks and 1 valid
3.3649 	DEBUG 	TextBox2 loaded 1 chars with 0 blanks and 1 valid
3.3654 	DEBUG 	TextBox2 loaded 1 chars with 0 blanks and 1 valid
3.3661 	DEBUG 	TextBox2 loaded 1 chars with 0 blanks and 1 valid
3.3669 	DEBUG 	TextBox2 loaded 1 chars with 0 blanks and 1 valid
3.3677 	DEBUG 	TextBox2 loaded 1 chars with 0 blanks and 1 valid
3.3679 	DEBUG 	Uploading Texture Font fontname to graphics card
3.3682 	DEBUG 	Upload of Texture Font fontname complete
3.3692 	EXP 	window1: mouseVisible = True
3.3693 	EXP 	window1: mouseVisible = True
3.3696 	EXP 	window1: mouseVisible = True
3.3699 	EXP 	window1: mouseVisible = True
3.3788 	WARNING 	launchHubServer: If using the iohub mouse or eyetracker devices, fullScr should be True.
4.5171 	INFO 	keyboard.Keyboard is using iohub backend.
4.5171 	EXP 	Bar_vis_stim_devSB_v0.1: status = STARTED
4.5172 	EXP 	window1: mouseVisible = True
4.5183 	EXP 	Created polygon = Rect(__class__=<class 'psychopy.visual.rect.Rect'>, anchor=('left', 'center'), autoDraw=False, autoLog=True, closeShape=True, color=method-wrapper(...), colorSpace='rgb', contrast=None, depth=0.0, draggable=False, fillColor=array([1, 1, 1]), fillColorSpace='rgb', fillRGB=array([1, 1, 1]), interpolate=True, lineColor=array([1., 1., 1.]), lineColorSpace='rgb', lineRGB=array([1, 1, 1]), lineWidth=10.0, name='polygon', opacity=1.0, ori=0.0, pos=array([-1.,  0.]), size=array([0.1, 1. ]), units='height', vertices=ndarray(...), win=Window(...))
0.0228 	EXP 	polygon: autoDraw = True
5.0186 	EXP 	polygon: autoDraw = False
5.0216 	EXP 	Bar_vis_stim_devSB_v0.1: status = STOPPED
5.0234 	INFO 	saved data to 'C:\\dev\\sipefield-gratings\\PsychoPy\\data/913699_Bar_vis_stim_devSB_v0.1_2024-11-05_19h35.01.824.csv'
5.0237 	INFO 	saved data to C:\dev\sipefield-gratings\PsychoPy\data/913699_Bar_vis_stim_devSB_v0.1_2024-11-05_19h35.01.824.psydat
5.0529 	EXP 	window1: mouseVisible = True
5.4043 	DEBUG 	Saving data for Bar_vis_stim_devSB_v0.1 ExperimentHandler
