3.0739 	INFO 	Loaded monitor calibration from ['2024_06_27 19:13']
3.1600 	EXP 	Created window1 = Window(allowGUI=True, allowStencil=False, autoLog=True, backendConf=UNKNOWN, backgroundFit=<method-wrapper '__getattribute__' of attributeSetter object at 0x000001D3BE65BEB0>, backgroundImage=<method-wrapper '__getattribute__' of attributeSetter object at 0x000001D3BE65BE50>, bitsMode=UNKNOWN, blendMode='avg', bpc=(8, 8, 8), color=array([0, 0, 0]), colorSpace='rgb', depthBits=8, fullscr=<method-wrapper '__getattribute__' of attributeSetter object at 0x000001D3BE65BCA0>, gamma=None, gammaErrorPolicy='raise', infoMsg=UNKNOWN, lms=UNKNOWN, monitor=<psychopy.monitors.calibTools.Monitor object at 0x000001D3BEA1BD90>, multiSample=False, name='window1', numSamples=2, pos=[1520.0, 780.0], screen=1, size=array([800, 600]), stencilBits=0, stereo=False, title='PsychoPy', units='height', useFBO=True, useRetina=False, viewOri=0.0, viewPos=None, viewScale=None, waitBlanking=True, winType='pyglet')
3.1601 	EXP 	window1: backgroundImage = ''
3.1601 	EXP 	window1: backgroundFit = 'none'
3.1602 	EXP 	window1: mouseVisible = <method-wrapper '__getattribute__' of attributeSetter object at 0x000001D3BE65BFD0>
3.1603 	EXP 	window1: mouseVisible = <method-wrapper '__getattribute__' of attributeSetter object at 0x000001D3BE65BFD0>
3.1613 	EXP 	window1: mouseVisible = <method-wrapper '__getattribute__' of attributeSetter object at 0x000001D3BE65BFD0>
3.1616 	EXP 	window1: mouseVisible = <method-wrapper '__getattribute__' of attributeSetter object at 0x000001D3BE65BFD0>
3.1643 	DEBUG 	TextBox2 loaded 1 chars with 0 blanks and 1 valid
3.1649 	DEBUG 	TextBox2 loaded 1 chars with 0 blanks and 1 valid
3.1656 	DEBUG 	TextBox2 loaded 1 chars with 0 blanks and 1 valid
3.1663 	DEBUG 	TextBox2 loaded 1 chars with 0 blanks and 1 valid
3.1671 	DEBUG 	TextBox2 loaded 1 chars with 0 blanks and 1 valid
3.1676 	DEBUG 	TextBox2 loaded 1 chars with 0 blanks and 1 valid
3.1682 	DEBUG 	TextBox2 loaded 1 chars with 0 blanks and 1 valid
3.1689 	DEBUG 	TextBox2 loaded 1 chars with 0 blanks and 1 valid
3.1693 	DEBUG 	TextBox2 loaded 1 chars with 0 blanks and 1 valid
3.1698 	DEBUG 	TextBox2 loaded 1 chars with 0 blanks and 1 valid
3.1704 	DEBUG 	TextBox2 loaded 1 chars with 0 blanks and 1 valid
3.1710 	DEBUG 	TextBox2 loaded 1 chars with 0 blanks and 1 valid
3.1716 	DEBUG 	TextBox2 loaded 1 chars with 0 blanks and 1 valid
3.1723 	DEBUG 	TextBox2 loaded 1 chars with 0 blanks and 1 valid
3.1728 	DEBUG 	TextBox2 loaded 1 chars with 0 blanks and 1 valid
3.1735 	DEBUG 	TextBox2 loaded 1 chars with 0 blanks and 1 valid
3.1741 	DEBUG 	TextBox2 loaded 1 chars with 0 blanks and 1 valid
3.1746 	DEBUG 	TextBox2 loaded 1 chars with 0 blanks and 1 valid
3.1751 	DEBUG 	TextBox2 loaded 1 chars with 0 blanks and 1 valid
3.1759 	DEBUG 	TextBox2 loaded 1 chars with 0 blanks and 1 valid
3.1764 	DEBUG 	TextBox2 loaded 1 chars with 0 blanks and 1 valid
3.1766 	DEBUG 	Uploading Texture Font fontname to graphics card
3.1779 	DEBUG 	Upload of Texture Font fontname complete
3.1787 	EXP 	window1: mouseVisible = <method-wrapper '__getattribute__' of attributeSetter object at 0x000001D3BE65BFD0>
3.1788 	EXP 	window1: mouseVisible = <method-wrapper '__getattribute__' of attributeSetter object at 0x000001D3BE65BFD0>
3.1791 	EXP 	window1: mouseVisible = <method-wrapper '__getattribute__' of attributeSetter object at 0x000001D3BE65BFD0>
3.1794 	EXP 	window1: mouseVisible = <method-wrapper '__getattribute__' of attributeSetter object at 0x000001D3BE65BFD0>
3.1815 	DEBUG 	TextBox2 loaded 1 chars with 0 blanks and 1 valid
3.1823 	DEBUG 	TextBox2 loaded 1 chars with 0 blanks and 1 valid
3.1831 	DEBUG 	TextBox2 loaded 1 chars with 0 blanks and 1 valid
3.1832 	DEBUG 	Uploading Texture Font fontname to graphics card
3.1838 	DEBUG 	Upload of Texture Font fontname complete
3.1849 	EXP 	window1: Attempting to measure frame rate of screen (1) ...
3.1849 	EXP 	window1: recordFrameIntervals = False
3.3559 	EXP 	window1: recordFrameIntervals = True
3.5401 	EXP 	Screen (1) actual frame rate measured at 60.01Hz
3.5402 	EXP 	window1: recordFrameIntervals = False
3.5403 	EXP 	window1: mouseVisible = True
3.5408 	EXP 	window1: mouseVisible = True
3.5411 	EXP 	window1: mouseVisible = True
3.5421 	EXP 	window1: mouseVisible = True
3.5428 	EXP 	window1: mouseVisible = True
3.5471 	DEBUG 	TextBox2 loaded 1 chars with 0 blanks and 1 valid
3.5481 	DEBUG 	TextBox2 loaded 1 chars with 0 blanks and 1 valid
3.5494 	DEBUG 	TextBox2 loaded 1 chars with 0 blanks and 1 valid
3.5507 	DEBUG 	TextBox2 loaded 1 chars with 0 blanks and 1 valid
3.5519 	DEBUG 	TextBox2 loaded 1 chars with 0 blanks and 1 valid
3.5529 	DEBUG 	TextBox2 loaded 1 chars with 0 blanks and 1 valid
3.5536 	DEBUG 	TextBox2 loaded 1 chars with 0 blanks and 1 valid
3.5544 	DEBUG 	TextBox2 loaded 1 chars with 0 blanks and 1 valid
3.5552 	DEBUG 	TextBox2 loaded 1 chars with 0 blanks and 1 valid
3.5560 	DEBUG 	TextBox2 loaded 1 chars with 0 blanks and 1 valid
3.5562 	DEBUG 	Uploading Texture Font fontname to graphics card
3.5565 	DEBUG 	Upload of Texture Font fontname complete
3.5574 	EXP 	window1: mouseVisible = True
3.5575 	EXP 	window1: mouseVisible = True
3.5577 	EXP 	window1: mouseVisible = True
3.5580 	EXP 	window1: mouseVisible = True
3.5673 	WARNING 	launchHubServer: If using the iohub mouse or eyetracker devices, fullScr should be True.
4.7095 	INFO 	keyboard.Keyboard is using iohub backend.
4.7095 	EXP 	Bar_vis_stim_devSB_v0.1: status = STARTED
4.7096 	EXP 	window1: mouseVisible = True
4.7111 	EXP 	Created vert_bar = Rect(__class__=<class 'psychopy.visual.rect.Rect'>, anchor=('center', 'center'), autoDraw=False, autoLog=True, closeShape=True, color=method-wrapper(...), colorSpace='rgb', contrast=None, depth=0.0, draggable=False, fillColor=array([1, 1, 1]), fillColorSpace='rgb', fillRGB=array([1, 1, 1]), interpolate=True, lineColor=array([1., 1., 1.]), lineColorSpace='rgb', lineRGB=array([1, 1, 1]), lineWidth=10.0, name='vert_bar', opacity=1.0, ori=0.0, pos=array([0., 0.]), size=array([0.1, 1. ]), units='height', vertices=ndarray(...), win=Window(...))
0.0291 	EXP 	vert_bar: autoDraw = True
10.0280 	EXP 	vert_bar: autoDraw = False
10.0300 	EXP 	Bar_vis_stim_devSB_v0.1: status = STOPPED
10.0318 	INFO 	saved data to 'C:\\dev\\sipefield-gratings\\PsychoPy\\data/930557_Bar_vis_stim_devSB_v0.1_2024-11-05_20h29.02.972.csv'
10.0321 	INFO 	saved data to C:\dev\sipefield-gratings\PsychoPy\data/930557_Bar_vis_stim_devSB_v0.1_2024-11-05_20h29.02.972.psydat
10.0620 	EXP 	window1: mouseVisible = True
10.4252 	DEBUG 	Saving data for Bar_vis_stim_devSB_v0.1 ExperimentHandler
