3.5751 	INFO 	Loaded monitor calibration from ['2024_06_27 19:13']
3.6557 	EXP 	Created window1 = Window(allowGUI=True, allowStencil=False, autoLog=True, backendConf=UNKNOWN, backgroundFit=<method-wrapper '__getattribute__' of attributeSetter object at 0x000001E40293A4F0>, backgroundImage=<method-wrapper '__getattribute__' of attributeSetter object at 0x000001E40293A490>, bitsMode=UNKNOWN, blendMode='avg', bpc=(8, 8, 8), color=array([0, 0, 0]), colorSpace='rgb', depthBits=8, fullscr=<method-wrapper '__getattribute__' of attributeSetter object at 0x000001E40293A2E0>, gamma=None, gammaErrorPolicy='raise', infoMsg=UNKNOWN, lms=UNKNOWN, monitor=<psychopy.monitors.calibTools.Monitor object at 0x000001E402D0C3D0>, multiSample=False, name='window1', numSamples=2, pos=[1520.0, 780.0], screen=1, size=array([800, 600]), stencilBits=0, stereo=False, title='PsychoPy', units='height', useFBO=True, useRetina=False, viewOri=0.0, viewPos=None, viewScale=None, waitBlanking=True, winType='pyglet')
3.6557 	EXP 	window1: backgroundImage = ''
3.6557 	EXP 	window1: backgroundFit = 'none'
3.6558 	EXP 	window1: mouseVisible = <method-wrapper '__getattribute__' of attributeSetter object at 0x000001E40293A610>
3.6559 	EXP 	window1: mouseVisible = <method-wrapper '__getattribute__' of attributeSetter object at 0x000001E40293A610>
3.6569 	EXP 	window1: mouseVisible = <method-wrapper '__getattribute__' of attributeSetter object at 0x000001E40293A610>
3.6572 	EXP 	window1: mouseVisible = <method-wrapper '__getattribute__' of attributeSetter object at 0x000001E40293A610>
3.6598 	DEBUG 	TextBox2 loaded 1 chars with 0 blanks and 1 valid
3.6605 	DEBUG 	TextBox2 loaded 1 chars with 0 blanks and 1 valid
3.6611 	DEBUG 	TextBox2 loaded 1 chars with 0 blanks and 1 valid
3.6619 	DEBUG 	TextBox2 loaded 1 chars with 0 blanks and 1 valid
3.6626 	DEBUG 	TextBox2 loaded 1 chars with 0 blanks and 1 valid
3.6631 	DEBUG 	TextBox2 loaded 1 chars with 0 blanks and 1 valid
3.6637 	DEBUG 	TextBox2 loaded 1 chars with 0 blanks and 1 valid
3.6645 	DEBUG 	TextBox2 loaded 1 chars with 0 blanks and 1 valid
3.6649 	DEBUG 	TextBox2 loaded 1 chars with 0 blanks and 1 valid
3.6653 	DEBUG 	TextBox2 loaded 1 chars with 0 blanks and 1 valid
3.6660 	DEBUG 	TextBox2 loaded 1 chars with 0 blanks and 1 valid
3.6666 	DEBUG 	TextBox2 loaded 1 chars with 0 blanks and 1 valid
3.6672 	DEBUG 	TextBox2 loaded 1 chars with 0 blanks and 1 valid
3.6678 	DEBUG 	TextBox2 loaded 1 chars with 0 blanks and 1 valid
3.6684 	DEBUG 	TextBox2 loaded 1 chars with 0 blanks and 1 valid
3.6691 	DEBUG 	TextBox2 loaded 1 chars with 0 blanks and 1 valid
3.6697 	DEBUG 	TextBox2 loaded 1 chars with 0 blanks and 1 valid
3.6702 	DEBUG 	TextBox2 loaded 1 chars with 0 blanks and 1 valid
3.6707 	DEBUG 	TextBox2 loaded 1 chars with 0 blanks and 1 valid
3.6714 	DEBUG 	TextBox2 loaded 1 chars with 0 blanks and 1 valid
3.6719 	DEBUG 	TextBox2 loaded 1 chars with 0 blanks and 1 valid
3.6721 	DEBUG 	Uploading Texture Font fontname to graphics card
3.6735 	DEBUG 	Upload of Texture Font fontname complete
3.6743 	EXP 	window1: mouseVisible = <method-wrapper '__getattribute__' of attributeSetter object at 0x000001E40293A610>
3.6744 	EXP 	window1: mouseVisible = <method-wrapper '__getattribute__' of attributeSetter object at 0x000001E40293A610>
3.6747 	EXP 	window1: mouseVisible = <method-wrapper '__getattribute__' of attributeSetter object at 0x000001E40293A610>
3.6750 	EXP 	window1: mouseVisible = <method-wrapper '__getattribute__' of attributeSetter object at 0x000001E40293A610>
3.6771 	DEBUG 	TextBox2 loaded 1 chars with 0 blanks and 1 valid
3.6779 	DEBUG 	TextBox2 loaded 1 chars with 0 blanks and 1 valid
3.6786 	DEBUG 	TextBox2 loaded 1 chars with 0 blanks and 1 valid
3.6788 	DEBUG 	Uploading Texture Font fontname to graphics card
3.6794 	DEBUG 	Upload of Texture Font fontname complete
3.6807 	EXP 	window1: Attempting to measure frame rate of screen (1) ...
3.6808 	EXP 	window1: recordFrameIntervals = False
3.8548 	EXP 	window1: recordFrameIntervals = True
4.0699 	EXP 	Screen (1) actual frame rate measured at 59.94Hz
4.0699 	EXP 	window1: recordFrameIntervals = False
4.0700 	EXP 	window1: mouseVisible = True
4.0703 	EXP 	window1: mouseVisible = True
4.0705 	EXP 	window1: mouseVisible = True
4.0714 	EXP 	window1: mouseVisible = True
4.0723 	EXP 	window1: mouseVisible = True
4.0756 	DEBUG 	TextBox2 loaded 1 chars with 0 blanks and 1 valid
4.0764 	DEBUG 	TextBox2 loaded 1 chars with 0 blanks and 1 valid
4.0773 	DEBUG 	TextBox2 loaded 1 chars with 0 blanks and 1 valid
4.0782 	DEBUG 	TextBox2 loaded 1 chars with 0 blanks and 1 valid
4.0790 	DEBUG 	TextBox2 loaded 1 chars with 0 blanks and 1 valid
4.0798 	DEBUG 	TextBox2 loaded 1 chars with 0 blanks and 1 valid
4.0805 	DEBUG 	TextBox2 loaded 1 chars with 0 blanks and 1 valid
4.0813 	DEBUG 	TextBox2 loaded 1 chars with 0 blanks and 1 valid
4.0821 	DEBUG 	TextBox2 loaded 1 chars with 0 blanks and 1 valid
4.0830 	DEBUG 	TextBox2 loaded 1 chars with 0 blanks and 1 valid
4.0832 	DEBUG 	Uploading Texture Font fontname to graphics card
4.0841 	DEBUG 	Upload of Texture Font fontname complete
4.0851 	EXP 	window1: mouseVisible = True
4.0852 	EXP 	window1: mouseVisible = True
4.0855 	EXP 	window1: mouseVisible = True
4.0858 	EXP 	window1: mouseVisible = True
4.0947 	WARNING 	launchHubServer: If using the iohub mouse or eyetracker devices, fullScr should be True.
5.2270 	INFO 	keyboard.Keyboard is using iohub backend.
5.2270 	EXP 	Bar_vis_stim_devSB_v0.1: status = STARTED
5.2272 	EXP 	window1: mouseVisible = True
5.2282 	EXP 	Created vert_bar = Rect(__class__=<class 'psychopy.visual.rect.Rect'>, anchor=('center', 'center'), autoDraw=False, autoLog=True, closeShape=True, color=method-wrapper(...), colorSpace='rgb', contrast=None, depth=0.0, draggable=False, fillColor=array([1, 1, 1]), fillColorSpace='rgb', fillRGB=array([1, 1, 1]), interpolate=True, lineColor=array([1., 1., 1.]), lineColorSpace='rgb', lineRGB=array([1, 1, 1]), lineWidth=10.0, name='vert_bar', opacity=1.0, ori=0.0, pos=array([0., 0.]), size=array([0.1, 1. ]), units='height', vertices=ndarray(...), win=Window(...))
0.0269 	EXP 	vert_bar: autoDraw = True
10.0253 	EXP 	vert_bar: autoDraw = False
10.0278 	EXP 	Bar_vis_stim_devSB_v0.1: status = STOPPED
10.0299 	INFO 	saved data to 'C:\\dev\\sipefield-gratings\\PsychoPy\\data/933185_Bar_vis_stim_devSB_v0.1_2024-11-05_20h30.06.862.csv'
10.0302 	INFO 	saved data to C:\dev\sipefield-gratings\PsychoPy\data/933185_Bar_vis_stim_devSB_v0.1_2024-11-05_20h30.06.862.psydat
10.0589 	EXP 	window1: mouseVisible = True
10.4286 	DEBUG 	Saving data for Bar_vis_stim_devSB_v0.1 ExperimentHandler
